[2026-04-28T08:30:39] MONITOR START kill-same-fp=15 kill-pass-rate-below=0.5 kill-after-n=10 dry-run=False
[2026-04-28T08:30:39] STATUS completed=0 passes=0 fails=0 top_buckets=[]
[2026-04-28T08:31:09] STATUS completed=0 passes=0 fails=0 top_buckets=[]
[2026-04-28T08:31:40] STATUS completed=0 passes=0 fails=0 top_buckets=[]
[2026-04-28T08:32:10] STATUS completed=0 passes=0 fails=0 top_buckets=[]
[2026-04-28T08:32:40] STATUS completed=0 passes=1 fails=0 top_buckets=[]
[2026-04-28T08:33:10] STATUS completed=0 passes=1 fails=0 top_buckets=[]
[2026-04-28T08:33:41] STATUS completed=0 passes=2 fails=0 top_buckets=[]
[2026-04-28T08:34:11] STATUS completed=0 passes=2 fails=0 top_buckets=[]
[2026-04-28T08:34:43] STATUS completed=0 passes=2 fails=0 top_buckets=[]
[2026-04-28T08:35:15] STATUS completed=0 passes=2 fails=0 top_buckets=[('WarehouseApprovalPage: Approve button for <MR> not visible after reload', 1)]
[2026-04-28T08:35:45] STATUS completed=0 passes=2 fails=0 top_buckets=[('WarehouseApprovalPage: Approve button for <MR> not visible after reload', 1)]
[2026-04-28T08:36:17] STATUS completed=0 passes=2 fails=0 top_buckets=[('WarehouseApprovalPage: Approve button for <MR> not visible after reload', 1)]
[2026-04-28T08:36:49] STATUS completed=0 passes=2 fails=0 top_buckets=[('WarehouseApprovalPage: Approve button for <MR> not visible after reload', 2)]
[2026-04-28T08:37:22] STATUS completed=0 passes=2 fails=0 top_buckets=[('WarehouseApprovalPage: Approve button for <MR> not visible after reload', 2)]
[2026-04-28T08:37:52] STATUS completed=0 passes=3 fails=0 top_buckets=[('WarehouseApprovalPage: Approve button for <MR> not visible after reload', 2)]
[2026-04-28T08:38:24] STATUS completed=0 passes=3 fails=0 top_buckets=[('WarehouseApprovalPage: Approve button for <MR> not visible after reload', 2)]
[2026-04-28T08:38:56] STATUS completed=0 passes=3 fails=0 top_buckets=[('WarehouseApprovalPage: Approve button for <MR> not visible after reload', 2)]
[2026-04-28T08:39:26] STATUS completed=0 passes=3 fails=0 top_buckets=[('WarehouseApprovalPage: Approve button for <MR> not visible after reload', 3)]
[2026-04-28T08:39:58] STATUS completed=0 passes=3 fails=0 top_buckets=[('WarehouseApprovalPage: Approve button for <MR> not visible after reload', 3)]
[2026-04-28T08:40:30] STATUS completed=0 passes=4 fails=0 top_buckets=[('WarehouseApprovalPage: Approve button for <MR> not visible after reload', 3)]
[2026-04-28T08:41:02] STATUS completed=0 passes=5 fails=0 top_buckets=[('WarehouseApprovalPage: Approve button for <MR> not visible after reload', 3)]
[2026-04-28T08:41:34] STATUS completed=0 passes=5 fails=0 top_buckets=[('WarehouseApprovalPage: Approve button for <MR> not visible after reload', 3)]
[2026-04-28T08:42:05] STATUS completed=0 passes=6 fails=0 top_buckets=[('WarehouseApprovalPage: Approve button for <MR> not visible after reload', 3)]
[2026-04-28T08:42:37] STATUS completed=0 passes=6 fails=0 top_buckets=[('WarehouseApprovalPage: Approve button for <MR> not visible after reload', 3)]
[2026-04-28T08:43:09] STATUS completed=0 passes=7 fails=0 top_buckets=[('WarehouseApprovalPage: Approve button for <MR> not visible after reload', 3)]
[2026-04-28T08:43:41] STATUS completed=0 passes=7 fails=0 top_buckets=[('WarehouseApprovalPage: Approve button for <MR> not visible after reload', 3)]
[2026-04-28T08:44:13] STATUS completed=0 passes=8 fails=0 top_buckets=[('WarehouseApprovalPage: Approve button for <MR> not visible after reload', 3)]
[2026-04-28T08:44:45] STATUS completed=0 passes=8 fails=0 top_buckets=[('WarehouseApprovalPage: Approve button for <MR> not visible after reload', 3)]
[2026-04-28T08:45:15] STATUS completed=0 passes=9 fails=0 top_buckets=[('WarehouseApprovalPage: Approve button for <MR> not visible after reload', 3)]
[2026-04-28T08:45:47] STATUS completed=0 passes=10 fails=0 top_buckets=[('WarehouseApprovalPage: Approve button for <MR> not visible after reload', 3)]
[2026-04-28T08:46:17] STATUS completed=0 passes=10 fails=0 top_buckets=[('WarehouseApprovalPage: Approve button for <MR> not visible after reload', 3)]
[2026-04-28T08:46:49] STATUS completed=0 passes=10 fails=0 top_buckets=[('WarehouseApprovalPage: Approve button for <MR> not visible after reload', 3)]
[2026-04-28T08:47:22] STATUS completed=0 passes=10 fails=0 top_buckets=[('WarehouseApprovalPage: Approve button for <MR> not visible after reload', 3), ('DispatchPage: dispatch did not register for <MR> within 30s (status=Ordered, per_transferred=undefined)', 1)]
[2026-04-28T08:47:54] STATUS completed=0 passes=10 fails=0 top_buckets=[('WarehouseApprovalPage: Approve button for <MR> not visible after reload', 3), ('DispatchPage: dispatch did not register for <MR> within 30s (status=Ordered, per_transferred=undefined)', 1)]
[2026-04-28T08:48:24] STATUS completed=0 passes=11 fails=0 top_buckets=[('WarehouseApprovalPage: Approve button for <MR> not visible after reload', 3), ('DispatchPage: dispatch did not register for <MR> within 30s (status=Ordered, per_transferred=undefined)', 1)]
[2026-04-28T08:48:55] STATUS completed=0 passes=11 fails=0 top_buckets=[('WarehouseApprovalPage: Approve button for <MR> not visible after reload', 3), ('DispatchPage: dispatch did not register for <MR> within 30s (status=Ordered, per_transferred=undefined)', 1)]
[2026-04-28T08:49:26] STATUS completed=0 passes=11 fails=0 top_buckets=[('WarehouseApprovalPage: Approve button for <MR> not visible after reload', 3), ('DispatchPage: dispatch did not register for <MR> within 30s (status=Ordered, per_transferred=undefined)', 1)]
[2026-04-28T08:49:56] STATUS completed=0 passes=11 fails=0 top_buckets=[('WarehouseApprovalPage: Approve button for <MR> not visible after reload', 4), ('DispatchPage: dispatch did not register for <MR> within 30s (status=Ordered, per_transferred=undefined)', 1)]
[2026-04-28T08:50:26] STATUS completed=0 passes=11 fails=0 top_buckets=[('WarehouseApprovalPage: Approve button for <MR> not visible after reload', 4), ('DispatchPage: dispatch did not register for <MR> within 30s (status=Ordered, per_transferred=undefined)', 1)]
[2026-04-28T08:50:56] STATUS completed=0 passes=11 fails=0 top_buckets=[('WarehouseApprovalPage: Approve button for <MR> not visible after reload', 4), ('DispatchPage: dispatch did not register for <MR> within 30s (status=Ordered, per_transferred=undefined)', 1)]
[2026-04-28T08:51:27] STATUS completed=0 passes=11 fails=0 top_buckets=[('WarehouseApprovalPage: Approve button for <MR> not visible after reload', 5), ('DispatchPage: dispatch did not register for <MR> within 30s (status=Ordered, per_transferred=undefined)', 1)]
[2026-04-28T08:51:57] STATUS completed=0 passes=11 fails=0 top_buckets=[('WarehouseApprovalPage: Approve button for <MR> not visible after reload', 5), ('DispatchPage: dispatch did not register for <MR> within 30s (status=Ordered, per_transferred=undefined)', 1)]
[2026-04-28T08:52:27] STATUS completed=0 passes=11 fails=0 top_buckets=[('WarehouseApprovalPage: Approve button for <MR> not visible after reload', 5), ('DispatchPage: dispatch did not register for <MR> within 30s (status=Ordered, per_transferred=undefined)', 1)]
[2026-04-28T08:52:57] STATUS completed=0 passes=11 fails=0 top_buckets=[('WarehouseApprovalPage: Approve button for <MR> not visible after reload', 5), ('DispatchPage: dispatch did not register for <MR> within 30s (status=Ordered, per_transferred=undefined)', 1)]
[2026-04-28T08:53:28] STATUS completed=0 passes=11 fails=0 top_buckets=[('WarehouseApprovalPage: Approve button for <MR> not visible after reload', 6), ('DispatchPage: dispatch did not register for <MR> within 30s (status=Ordered, per_transferred=undefined)', 1)]
[2026-04-28T08:53:58] STATUS completed=0 passes=11 fails=0 top_buckets=[('WarehouseApprovalPage: Approve button for <MR> not visible after reload', 6), ('DispatchPage: dispatch did not register for <MR> within 30s (status=Ordered, per_transferred=undefined)', 1)]
[2026-04-28T08:54:29] STATUS completed=0 passes=11 fails=0 top_buckets=[('WarehouseApprovalPage: Approve button for <MR> not visible after reload', 6), ('DispatchPage: dispatch did not register for <MR> within 30s (status=Ordered, per_transferred=undefined)', 1)]
[2026-04-28T08:54:59] STATUS completed=0 passes=11 fails=0 top_buckets=[('WarehouseApprovalPage: Approve button for <MR> not visible after reload', 7), ('DispatchPage: dispatch did not register for <MR> within 30s (status=Ordered, per_transferred=undefined)', 1)]
[2026-04-28T08:55:30] STATUS completed=0 passes=11 fails=0 top_buckets=[('WarehouseApprovalPage: Approve button for <MR> not visible after reload', 7), ('DispatchPage: dispatch did not register for <MR> within 30s (status=Ordered, per_transferred=undefined)', 1)]
[2026-04-28T08:56:00] STATUS completed=0 passes=12 fails=0 top_buckets=[('WarehouseApprovalPage: Approve button for <MR> not visible after reload', 7), ('DispatchPage: dispatch did not register for <MR> within 30s (status=Ordered, per_transferred=undefined)', 1)]
[2026-04-28T08:56:31] STATUS completed=0 passes=12 fails=0 top_buckets=[('WarehouseApprovalPage: Approve button for <MR> not visible after reload', 7), ('DispatchPage: dispatch did not register for <MR> within 30s (status=Ordered, per_transferred=undefined)', 1)]
[2026-04-28T08:57:02] STATUS completed=0 passes=12 fails=0 top_buckets=[('WarehouseApprovalPage: Approve button for <MR> not visible after reload', 7), ('DispatchPage: dispatch did not register for <MR> within 30s (status=Ordered, per_transferred=undefined)', 1)]
[2026-04-28T08:57:33] STATUS completed=0 passes=12 fails=0 top_buckets=[('WarehouseApprovalPage: Approve button for <MR> not visible after reload', 7), ('DispatchPage: dispatch did not register for <MR> within 30s (status=Ordered, per_transferred=undefined)', 2)]
[2026-04-28T08:58:04] STATUS completed=0 passes=12 fails=0 top_buckets=[('WarehouseApprovalPage: Approve button for <MR> not visible after reload', 7), ('DispatchPage: dispatch did not register for <MR> within 30s (status=Ordered, per_transferred=undefined)', 2)]
[2026-04-28T08:58:35] STATUS completed=0 passes=12 fails=0 top_buckets=[('WarehouseApprovalPage: Approve button for <MR> not visible after reload', 7), ('DispatchPage: dispatch did not register for <MR> within 30s (status=Ordered, per_transferred=undefined)', 2)]
[2026-04-28T08:59:06] STATUS completed=0 passes=12 fails=0 top_buckets=[('WarehouseApprovalPage: Approve button for <MR> not visible after reload', 7), ('DispatchPage: dispatch did not register for <MR> within 30s (status=Ordered, per_transferred=undefined)', 3)]
[2026-04-28T08:59:37] STATUS completed=0 passes=12 fails=0 top_buckets=[('WarehouseApprovalPage: Approve button for <MR> not visible after reload', 7), ('DispatchPage: dispatch did not register for <MR> within 30s (status=Ordered, per_transferred=undefined)', 3)]
[2026-04-28T09:00:07] STATUS completed=0 passes=12 fails=0 top_buckets=[('WarehouseApprovalPage: Approve button for <MR> not visible after reload', 7), ('DispatchPage: dispatch did not register for <MR> within 30s (status=Ordered, per_transferred=undefined)', 3)]
[2026-04-28T09:00:37] STATUS completed=0 passes=12 fails=0 top_buckets=[('WarehouseApprovalPage: Approve button for <MR> not visible after reload', 7), ('DispatchPage: dispatch did not register for <MR> within 30s (status=Ordered, per_transferred=undefined)', 3)]
[2026-04-28T09:01:08] STATUS completed=0 passes=12 fails=0 top_buckets=[('WarehouseApprovalPage: Approve button for <MR> not visible after reload', 7), ('DispatchPage: dispatch did not register for <MR> within 30s (status=Ordered, per_transferred=undefined)', 4)]
[2026-04-28T09:01:38] STATUS completed=0 passes=12 fails=0 top_buckets=[('WarehouseApprovalPage: Approve button for <MR> not visible after reload', 7), ('DispatchPage: dispatch did not register for <MR> within 30s (status=Ordered, per_transferred=undefined)', 4)]
[2026-04-28T09:02:08] STATUS completed=0 passes=13 fails=0 top_buckets=[('WarehouseApprovalPage: Approve button for <MR> not visible after reload', 7), ('DispatchPage: dispatch did not register for <MR> within 30s (status=Ordered, per_transferred=undefined)', 4)]
[2026-04-28T09:02:38] STATUS completed=0 passes=13 fails=0 top_buckets=[('WarehouseApprovalPage: Approve button for <MR> not visible after reload', 7), ('DispatchPage: dispatch did not register for <MR> within 30s (status=Ordered, per_transferred=undefined)', 4)]
[2026-04-28T09:03:08] STATUS completed=0 passes=14 fails=0 top_buckets=[('WarehouseApprovalPage: Approve button for <MR> not visible after reload', 7), ('DispatchPage: dispatch did not register for <MR> within 30s (status=Ordered, per_transferred=undefined)', 4)]
[2026-04-28T09:03:39] STATUS completed=0 passes=15 fails=0 top_buckets=[('WarehouseApprovalPage: Approve button for <MR> not visible after reload', 7), ('DispatchPage: dispatch did not register for <MR> within 30s (status=Ordered, per_transferred=undefined)', 4)]
[2026-04-28T09:04:09] STATUS completed=0 passes=15 fails=0 top_buckets=[('WarehouseApprovalPage: Approve button for <MR> not visible after reload', 7), ('DispatchPage: dispatch did not register for <MR> within 30s (status=Ordered, per_transferred=undefined)', 4)]
[2026-04-28T09:04:40] STATUS completed=0 passes=16 fails=0 top_buckets=[('WarehouseApprovalPage: Approve button for <MR> not visible after reload', 7), ('DispatchPage: dispatch did not register for <MR> within 30s (status=Ordered, per_transferred=undefined)', 4)]
[2026-04-28T09:05:10] STATUS completed=0 passes=16 fails=0 top_buckets=[('WarehouseApprovalPage: Approve button for <MR> not visible after reload', 7), ('DispatchPage: dispatch did not register for <MR> within 30s (status=Ordered, per_transferred=undefined)', 4)]
[2026-04-28T09:05:41] STATUS completed=0 passes=17 fails=0 top_buckets=[('WarehouseApprovalPage: Approve button for <MR> not visible after reload', 7), ('DispatchPage: dispatch did not register for <MR> within 30s (status=Ordered, per_transferred=undefined)', 4)]
[2026-04-28T09:06:11] STATUS completed=0 passes=17 fails=0 top_buckets=[('WarehouseApprovalPage: Approve button for <MR> not visible after reload', 7), ('DispatchPage: dispatch did not register for <MR> within 30s (status=Ordered, per_transferred=undefined)', 4)]
[2026-04-28T09:06:41] STATUS completed=0 passes=18 fails=0 top_buckets=[('WarehouseApprovalPage: Approve button for <MR> not visible after reload', 7), ('DispatchPage: dispatch did not register for <MR> within 30s (status=Ordered, per_transferred=undefined)', 4)]
[2026-04-28T09:07:13] STATUS completed=0 passes=18 fails=0 top_buckets=[('WarehouseApprovalPage: Approve button for <MR> not visible after reload', 7), ('DispatchPage: dispatch did not register for <MR> within 30s (status=Ordered, per_transferred=undefined)', 4)]
[2026-04-28T09:07:45] STATUS completed=0 passes=18 fails=0 top_buckets=[('WarehouseApprovalPage: Approve button for <MR> not visible after reload', 7), ('DispatchPage: dispatch did not register for <MR> within 30s (status=Ordered, per_transferred=undefined)', 4)]
[2026-04-28T09:08:15] STATUS completed=0 passes=18 fails=0 top_buckets=[('WarehouseApprovalPage: Approve button for <MR> not visible after reload', 7), ('DispatchPage: dispatch did not register for <MR> within 30s (status=Ordered, per_transferred=undefined)', 4), ('No BEI Warehouse Receiving produced for MR <MR>', 1)]
[2026-04-28T09:08:45] STATUS completed=0 passes=18 fails=0 top_buckets=[('WarehouseApprovalPage: Approve button for <MR> not visible after reload', 7), ('DispatchPage: dispatch did not register for <MR> within 30s (status=Ordered, per_transferred=undefined)', 4), ('No BEI Warehouse Receiving produced for MR <MR>', 1)]
[2026-04-28T09:09:15] STATUS completed=0 passes=19 fails=0 top_buckets=[('WarehouseApprovalPage: Approve button for <MR> not visible after reload', 7), ('DispatchPage: dispatch did not register for <MR> within 30s (status=Ordered, per_transferred=undefined)', 4), ('No BEI Warehouse Receiving produced for MR <MR>', 1)]
[2026-04-28T09:09:48] STATUS completed=0 passes=20 fails=0 top_buckets=[('WarehouseApprovalPage: Approve button for <MR> not visible after reload', 7), ('DispatchPage: dispatch did not register for <MR> within 30s (status=Ordered, per_transferred=undefined)', 4), ('No BEI Warehouse Receiving produced for MR <MR>', 1)]
[2026-04-28T09:10:18] STATUS completed=0 passes=20 fails=0 top_buckets=[('WarehouseApprovalPage: Approve button for <MR> not visible after reload', 7), ('DispatchPage: dispatch did not register for <MR> within 30s (status=Ordered, per_transferred=undefined)', 4), ('No BEI Warehouse Receiving produced for MR <MR>', 1)]
[2026-04-28T09:10:48] STATUS completed=0 passes=21 fails=0 top_buckets=[('WarehouseApprovalPage: Approve button for <MR> not visible after reload', 7), ('DispatchPage: dispatch did not register for <MR> within 30s (status=Ordered, per_transferred=undefined)', 4), ('No BEI Warehouse Receiving produced for MR <MR>', 1)]
[2026-04-28T09:11:20] STATUS completed=0 passes=21 fails=0 top_buckets=[('WarehouseApprovalPage: Approve button for <MR> not visible after reload', 7), ('DispatchPage: dispatch did not register for <MR> within 30s (status=Ordered, per_transferred=undefined)', 4), ('No BEI Warehouse Receiving produced for MR <MR>', 1)]
[2026-04-28T09:11:50] STATUS completed=0 passes=22 fails=0 top_buckets=[('WarehouseApprovalPage: Approve button for <MR> not visible after reload', 7), ('DispatchPage: dispatch did not register for <MR> within 30s (status=Ordered, per_transferred=undefined)', 4), ('No BEI Warehouse Receiving produced for MR <MR>', 1)]
[2026-04-28T09:12:22] STATUS completed=0 passes=22 fails=0 top_buckets=[('WarehouseApprovalPage: Approve button for <MR> not visible after reload', 7), ('DispatchPage: dispatch did not register for <MR> within 30s (status=Ordered, per_transferred=undefined)', 4), ('No BEI Warehouse Receiving produced for MR <MR>', 1)]
[2026-04-28T09:12:55] STATUS completed=0 passes=23 fails=0 top_buckets=[('WarehouseApprovalPage: Approve button for <MR> not visible after reload', 7), ('DispatchPage: dispatch did not register for <MR> within 30s (status=Ordered, per_transferred=undefined)', 4), ('No BEI Warehouse Receiving produced for MR <MR>', 1)]
[2026-04-28T09:13:27] STATUS completed=0 passes=23 fails=0 top_buckets=[('WarehouseApprovalPage: Approve button for <MR> not visible after reload', 7), ('DispatchPage: dispatch did not register for <MR> within 30s (status=Ordered, per_transferred=undefined)', 4), ('No BEI Warehouse Receiving produced for MR <MR>', 1)]
[2026-04-28T09:13:57] STATUS completed=0 passes=24 fails=0 top_buckets=[('WarehouseApprovalPage: Approve button for <MR> not visible after reload', 7), ('DispatchPage: dispatch did not register for <MR> within 30s (status=Ordered, per_transferred=undefined)', 4), ('No BEI Warehouse Receiving produced for MR <MR>', 1)]
[2026-04-28T09:14:27] STATUS completed=0 passes=24 fails=0 top_buckets=[('WarehouseApprovalPage: Approve button for <MR> not visible after reload', 7), ('DispatchPage: dispatch did not register for <MR> within 30s (status=Ordered, per_transferred=undefined)', 4), ('No BEI Warehouse Receiving produced for MR <MR>', 1)]
[2026-04-28T09:14:59] STATUS completed=0 passes=24 fails=0 top_buckets=[('WarehouseApprovalPage: Approve button for <MR> not visible after reload', 8), ('DispatchPage: dispatch did not register for <MR> within 30s (status=Ordered, per_transferred=undefined)', 4), ('No BEI Warehouse Receiving produced for MR <MR>', 1)]
[2026-04-28T09:15:29] STATUS completed=0 passes=24 fails=0 top_buckets=[('WarehouseApprovalPage: Approve button for <MR> not visible after reload', 8), ('DispatchPage: dispatch did not register for <MR> within 30s (status=Ordered, per_transferred=undefined)', 4), ('No BEI Warehouse Receiving produced for MR <MR>', 1)]
[2026-04-28T09:15:59] STATUS completed=0 passes=24 fails=0 top_buckets=[('WarehouseApprovalPage: Approve button for <MR> not visible after reload', 8), ('DispatchPage: dispatch did not register for <MR> within 30s (status=Ordered, per_transferred=undefined)', 4), ('No BEI Warehouse Receiving produced for MR <MR>', 1)]
[2026-04-28T09:16:32] STATUS completed=0 passes=24 fails=0 top_buckets=[('WarehouseApprovalPage: Approve button for <MR> not visible after reload', 8), ('DispatchPage: dispatch did not register for <MR> within 30s (status=Ordered, per_transferred=undefined)', 4), ('No BEI Warehouse Receiving produced for MR <MR>', 1)]
[2026-04-28T09:17:02] STATUS completed=0 passes=24 fails=0 top_buckets=[('WarehouseApprovalPage: Approve button for <MR> not visible after reload', 9), ('DispatchPage: dispatch did not register for <MR> within 30s (status=Ordered, per_transferred=undefined)', 4), ('No BEI Warehouse Receiving produced for MR <MR>', 1)]
[2026-04-28T09:17:32] STATUS completed=0 passes=24 fails=0 top_buckets=[('WarehouseApprovalPage: Approve button for <MR> not visible after reload', 9), ('DispatchPage: dispatch did not register for <MR> within 30s (status=Ordered, per_transferred=undefined)', 4), ('No BEI Warehouse Receiving produced for MR <MR>', 1)]
[2026-04-28T09:18:03] STATUS completed=0 passes=25 fails=0 top_buckets=[('WarehouseApprovalPage: Approve button for <MR> not visible after reload', 9), ('DispatchPage: dispatch did not register for <MR> within 30s (status=Ordered, per_transferred=undefined)', 4), ('No BEI Warehouse Receiving produced for MR <MR>', 1)]
[2026-04-28T09:18:33] STATUS completed=0 passes=26 fails=0 top_buckets=[('WarehouseApprovalPage: Approve button for <MR> not visible after reload', 9), ('DispatchPage: dispatch did not register for <MR> within 30s (status=Ordered, per_transferred=undefined)', 4), ('No BEI Warehouse Receiving produced for MR <MR>', 1)]
[2026-04-28T09:19:04] STATUS completed=0 passes=26 fails=0 top_buckets=[('WarehouseApprovalPage: Approve button for <MR> not visible after reload', 9), ('DispatchPage: dispatch did not register for <MR> within 30s (status=Ordered, per_transferred=undefined)', 4), ('No BEI Warehouse Receiving produced for MR <MR>', 1)]
[2026-04-28T09:19:34] STATUS completed=0 passes=27 fails=0 top_buckets=[('WarehouseApprovalPage: Approve button for <MR> not visible after reload', 9), ('DispatchPage: dispatch did not register for <MR> within 30s (status=Ordered, per_transferred=undefined)', 4), ('No BEI Warehouse Receiving produced for MR <MR>', 1)]
[2026-04-28T09:20:05] STATUS completed=0 passes=27 fails=0 top_buckets=[('WarehouseApprovalPage: Approve button for <MR> not visible after reload', 9), ('DispatchPage: dispatch did not register for <MR> within 30s (status=Ordered, per_transferred=undefined)', 4), ('No BEI Warehouse Receiving produced for MR <MR>', 1)]
[2026-04-28T09:20:36] STATUS completed=0 passes=28 fails=0 top_buckets=[('WarehouseApprovalPage: Approve button for <MR> not visible after reload', 9), ('DispatchPage: dispatch did not register for <MR> within 30s (status=Ordered, per_transferred=undefined)', 4), ('No BEI Warehouse Receiving produced for MR <MR>', 1)]
[2026-04-28T09:21:06] STATUS completed=0 passes=28 fails=0 top_buckets=[('WarehouseApprovalPage: Approve button for <MR> not visible after reload', 9), ('DispatchPage: dispatch did not register for <MR> within 30s (status=Ordered, per_transferred=undefined)', 4), ('No BEI Warehouse Receiving produced for MR <MR>', 1)]
[2026-04-28T09:21:36] STATUS completed=0 passes=29 fails=0 top_buckets=[('WarehouseApprovalPage: Approve button for <MR> not visible after reload', 9), ('DispatchPage: dispatch did not register for <MR> within 30s (status=Ordered, per_transferred=undefined)', 4), ('No BEI Warehouse Receiving produced for MR <MR>', 1)]
[2026-04-28T09:22:09] STATUS completed=0 passes=29 fails=0 top_buckets=[('WarehouseApprovalPage: Approve button for <MR> not visible after reload', 9), ('DispatchPage: dispatch did not register for <MR> within 30s (status=Ordered, per_transferred=undefined)', 4), ('No BEI Warehouse Receiving produced for MR <MR>', 1)]
[2026-04-28T09:22:39] STATUS completed=0 passes=30 fails=0 top_buckets=[('WarehouseApprovalPage: Approve button for <MR> not visible after reload', 9), ('DispatchPage: dispatch did not register for <MR> within 30s (status=Ordered, per_transferred=undefined)', 4), ('No BEI Warehouse Receiving produced for MR <MR>', 1)]
[2026-04-28T09:23:10] STATUS completed=0 passes=30 fails=0 top_buckets=[('WarehouseApprovalPage: Approve button for <MR> not visible after reload', 9), ('DispatchPage: dispatch did not register for <MR> within 30s (status=Ordered, per_transferred=undefined)', 4), ('No BEI Warehouse Receiving produced for MR <MR>', 1)]
[2026-04-28T09:23:41] STATUS completed=0 passes=31 fails=0 top_buckets=[('WarehouseApprovalPage: Approve button for <MR> not visible after reload', 9), ('DispatchPage: dispatch did not register for <MR> within 30s (status=Ordered, per_transferred=undefined)', 4), ('No BEI Warehouse Receiving produced for MR <MR>', 1)]
[2026-04-28T09:24:12] STATUS completed=0 passes=32 fails=0 top_buckets=[('WarehouseApprovalPage: Approve button for <MR> not visible after reload', 9), ('DispatchPage: dispatch did not register for <MR> within 30s (status=Ordered, per_transferred=undefined)', 4), ('No BEI Warehouse Receiving produced for MR <MR>', 1)]
