[2026-04-22T10:01:37] MONITOR START kill-same-fp=10 kill-pass-rate-below=0.3 kill-after-n=20 dry-run=False
[2026-04-22T10:01:37] STATUS completed=0 passes=0 fails=0 top_buckets=[]
[2026-04-22T10:02:09] STATUS completed=0 passes=0 fails=0 top_buckets=[]
[2026-04-22T10:02:41] STATUS completed=0 passes=0 fails=0 top_buckets=[]
[2026-04-22T10:03:13] STATUS completed=0 passes=1 fails=0 top_buckets=[]
[2026-04-22T10:03:44] STATUS completed=0 passes=1 fails=0 top_buckets=[]
[2026-04-22T10:04:16] STATUS completed=0 passes=2 fails=0 top_buckets=[]
[2026-04-22T10:04:48] STATUS completed=0 passes=2 fails=0 top_buckets=[]
[2026-04-22T10:05:19] STATUS completed=0 passes=2 fails=0 top_buckets=[]
[2026-04-22T10:05:51] STATUS completed=0 passes=2 fails=0 top_buckets=[('locator.waitFor: Timeout 30000ms exceeded.', 1)]
[2026-04-22T10:06:23] STATUS completed=0 passes=2 fails=0 top_buckets=[('locator.waitFor: Timeout 30000ms exceeded.', 1)]
[2026-04-22T10:06:55] STATUS completed=0 passes=2 fails=0 top_buckets=[('locator.waitFor: Timeout 30000ms exceeded.', 1)]
[2026-04-22T10:07:26] STATUS completed=0 passes=2 fails=0 top_buckets=[('locator.waitFor: Timeout 30000ms exceeded.', 1), ('DispatchPage: dispatch did not register for <MR> within 30s (status=Ordered, per_transferred=undefined)', 1)]
[2026-04-22T10:07:58] STATUS completed=0 passes=2 fails=0 top_buckets=[('locator.waitFor: Timeout 30000ms exceeded.', 1), ('DispatchPage: dispatch did not register for <MR> within 30s (status=Ordered, per_transferred=undefined)', 1)]
[2026-04-22T10:08:30] STATUS completed=0 passes=3 fails=0 top_buckets=[('locator.waitFor: Timeout 30000ms exceeded.', 1), ('DispatchPage: dispatch did not register for <MR> within 30s (status=Ordered, per_transferred=undefined)', 1)]
[2026-04-22T10:09:01] STATUS completed=0 passes=3 fails=0 top_buckets=[('locator.waitFor: Timeout 30000ms exceeded.', 1), ('DispatchPage: dispatch did not register for <MR> within 30s (status=Ordered, per_transferred=undefined)', 1)]
[2026-04-22T10:09:33] STATUS completed=0 passes=3 fails=0 top_buckets=[('locator.waitFor: Timeout 30000ms exceeded.', 1), ('DispatchPage: dispatch did not register for <MR> within 30s (status=Ordered, per_transferred=undefined)', 1)]
[2026-04-22T10:10:05] STATUS completed=0 passes=3 fails=0 top_buckets=[('locator.waitFor: Timeout 30000ms exceeded.', 1), ('DispatchPage: dispatch did not register for <MR> within 30s (status=Ordered, per_transferred=undefined)', 1), ('WarehouseApprovalPage: Approve button for <MR> not visible after reload', 1)]
[2026-04-22T10:10:36] STATUS completed=0 passes=3 fails=0 top_buckets=[('locator.waitFor: Timeout 30000ms exceeded.', 1), ('DispatchPage: dispatch did not register for <MR> within 30s (status=Ordered, per_transferred=undefined)', 1), ('WarehouseApprovalPage: Approve button for <MR> not visible after reload', 1)]
[2026-04-22T10:11:08] STATUS completed=0 passes=4 fails=0 top_buckets=[('locator.waitFor: Timeout 30000ms exceeded.', 1), ('DispatchPage: dispatch did not register for <MR> within 30s (status=Ordered, per_transferred=undefined)', 1), ('WarehouseApprovalPage: Approve button for <MR> not visible after reload', 1)]
[2026-04-22T10:11:40] STATUS completed=0 passes=4 fails=0 top_buckets=[('locator.waitFor: Timeout 30000ms exceeded.', 1), ('DispatchPage: dispatch did not register for <MR> within 30s (status=Ordered, per_transferred=undefined)', 1), ('WarehouseApprovalPage: Approve button for <MR> not visible after reload', 1)]
[2026-04-22T10:12:12] STATUS completed=0 passes=4 fails=0 top_buckets=[('locator.waitFor: Timeout 30000ms exceeded.', 1), ('DispatchPage: dispatch did not register for <MR> within 30s (status=Ordered, per_transferred=undefined)', 1), ('WarehouseApprovalPage: Approve button for <MR> not visible after reload', 1)]
[2026-04-22T10:12:43] STATUS completed=0 passes=4 fails=0 top_buckets=[('DispatchPage: dispatch did not register for <MR> within 30s (status=Ordered, per_transferred=undefined)', 2), ('locator.waitFor: Timeout 30000ms exceeded.', 1), ('WarehouseApprovalPage: Approve button for <MR> not visible after reload', 1)]
[2026-04-22T10:13:15] STATUS completed=0 passes=4 fails=0 top_buckets=[('DispatchPage: dispatch did not register for <MR> within 30s (status=Ordered, per_transferred=undefined)', 2), ('locator.waitFor: Timeout 30000ms exceeded.', 1), ('WarehouseApprovalPage: Approve button for <MR> not visible after reload', 1)]
[2026-04-22T10:13:47] STATUS completed=0 passes=5 fails=0 top_buckets=[('DispatchPage: dispatch did not register for <MR> within 30s (status=Ordered, per_transferred=undefined)', 2), ('locator.waitFor: Timeout 30000ms exceeded.', 1), ('WarehouseApprovalPage: Approve button for <MR> not visible after reload', 1)]
[2026-04-22T10:14:19] STATUS completed=0 passes=5 fails=0 top_buckets=[('DispatchPage: dispatch did not register for <MR> within 30s (status=Ordered, per_transferred=undefined)', 2), ('locator.waitFor: Timeout 30000ms exceeded.', 1), ('WarehouseApprovalPage: Approve button for <MR> not visible after reload', 1)]
[2026-04-22T10:14:51] STATUS completed=0 passes=6 fails=0 top_buckets=[('DispatchPage: dispatch did not register for <MR> within 30s (status=Ordered, per_transferred=undefined)', 2), ('locator.waitFor: Timeout 30000ms exceeded.', 1), ('WarehouseApprovalPage: Approve button for <MR> not visible after reload', 1)]
[2026-04-22T10:15:23] STATUS completed=0 passes=6 fails=0 top_buckets=[('DispatchPage: dispatch did not register for <MR> within 30s (status=Ordered, per_transferred=undefined)', 2), ('locator.waitFor: Timeout 30000ms exceeded.', 1), ('WarehouseApprovalPage: Approve button for <MR> not visible after reload', 1)]
[2026-04-22T10:15:54] STATUS completed=0 passes=6 fails=0 top_buckets=[('locator.waitFor: Timeout 30000ms exceeded.', 2), ('DispatchPage: dispatch did not register for <MR> within 30s (status=Ordered, per_transferred=undefined)', 2), ('WarehouseApprovalPage: Approve button for <MR> not visible after reload', 1)]
[2026-04-22T10:16:26] STATUS completed=0 passes=6 fails=0 top_buckets=[('locator.waitFor: Timeout 30000ms exceeded.', 2), ('DispatchPage: dispatch did not register for <MR> within 30s (status=Ordered, per_transferred=undefined)', 2), ('WarehouseApprovalPage: Approve button for <MR> not visible after reload', 1)]
[2026-04-22T10:16:58] STATUS completed=0 passes=7 fails=0 top_buckets=[('locator.waitFor: Timeout 30000ms exceeded.', 2), ('DispatchPage: dispatch did not register for <MR> within 30s (status=Ordered, per_transferred=undefined)', 2), ('WarehouseApprovalPage: Approve button for <MR> not visible after reload', 1)]
[2026-04-22T10:17:30] STATUS completed=0 passes=7 fails=0 top_buckets=[('locator.waitFor: Timeout 30000ms exceeded.', 2), ('DispatchPage: dispatch did not register for <MR> within 30s (status=Ordered, per_transferred=undefined)', 2), ('WarehouseApprovalPage: Approve button for <MR> not visible after reload', 1)]
[2026-04-22T10:18:01] STATUS completed=0 passes=7 fails=0 top_buckets=[('locator.waitFor: Timeout 30000ms exceeded.', 2), ('DispatchPage: dispatch did not register for <MR> within 30s (status=Ordered, per_transferred=undefined)', 2), ('WarehouseApprovalPage: Approve button for <MR> not visible after reload', 1)]
[2026-04-22T10:18:33] STATUS completed=0 passes=7 fails=0 top_buckets=[('locator.waitFor: Timeout 30000ms exceeded.', 3), ('DispatchPage: dispatch did not register for <MR> within 30s (status=Ordered, per_transferred=undefined)', 2), ('WarehouseApprovalPage: Approve button for <MR> not visible after reload', 1)]
[2026-04-22T10:19:05] STATUS completed=0 passes=7 fails=0 top_buckets=[('locator.waitFor: Timeout 30000ms exceeded.', 3), ('DispatchPage: dispatch did not register for <MR> within 30s (status=Ordered, per_transferred=undefined)', 2), ('WarehouseApprovalPage: Approve button for <MR> not visible after reload', 1)]
[2026-04-22T10:19:37] STATUS completed=0 passes=8 fails=0 top_buckets=[('locator.waitFor: Timeout 30000ms exceeded.', 3), ('DispatchPage: dispatch did not register for <MR> within 30s (status=Ordered, per_transferred=undefined)', 2), ('WarehouseApprovalPage: Approve button for <MR> not visible after reload', 1)]
[2026-04-22T10:20:09] STATUS completed=0 passes=8 fails=0 top_buckets=[('locator.waitFor: Timeout 30000ms exceeded.', 3), ('DispatchPage: dispatch did not register for <MR> within 30s (status=Ordered, per_transferred=undefined)', 2), ('WarehouseApprovalPage: Approve button for <MR> not visible after reload', 1)]
[2026-04-22T10:20:40] STATUS completed=0 passes=8 fails=0 top_buckets=[('locator.waitFor: Timeout 30000ms exceeded.', 3), ('DispatchPage: dispatch did not register for <MR> within 30s (status=Ordered, per_transferred=undefined)', 2), ('WarehouseApprovalPage: Approve button for <MR> not visible after reload', 1)]
[2026-04-22T10:21:12] STATUS completed=0 passes=8 fails=0 top_buckets=[('locator.waitFor: Timeout 30000ms exceeded.', 3), ('DispatchPage: dispatch did not register for <MR> within 30s (status=Ordered, per_transferred=undefined)', 2), ('WarehouseApprovalPage: Approve button for <MR> not visible after reload', 1)]
[2026-04-22T10:21:43] STATUS completed=0 passes=8 fails=0 top_buckets=[('locator.waitFor: Timeout 30000ms exceeded.', 4), ('DispatchPage: dispatch did not register for <MR> within 30s (status=Ordered, per_transferred=undefined)', 2), ('WarehouseApprovalPage: Approve button for <MR> not visible after reload', 1)]
[2026-04-22T10:22:15] STATUS completed=0 passes=8 fails=0 top_buckets=[('locator.waitFor: Timeout 30000ms exceeded.', 4), ('DispatchPage: dispatch did not register for <MR> within 30s (status=Ordered, per_transferred=undefined)', 2), ('WarehouseApprovalPage: Approve button for <MR> not visible after reload', 1)]
[2026-04-22T10:22:47] STATUS completed=0 passes=8 fails=0 top_buckets=[('locator.waitFor: Timeout 30000ms exceeded.', 4), ('DispatchPage: dispatch did not register for <MR> within 30s (status=Ordered, per_transferred=undefined)', 2), ('WarehouseApprovalPage: Approve button for <MR> not visible after reload', 1)]
[2026-04-22T10:23:18] STATUS completed=0 passes=8 fails=0 top_buckets=[('locator.waitFor: Timeout 30000ms exceeded.', 5), ('DispatchPage: dispatch did not register for <MR> within 30s (status=Ordered, per_transferred=undefined)', 2), ('WarehouseApprovalPage: Approve button for <MR> not visible after reload', 1)]
[2026-04-22T10:23:50] STATUS completed=0 passes=8 fails=0 top_buckets=[('locator.waitFor: Timeout 30000ms exceeded.', 5), ('DispatchPage: dispatch did not register for <MR> within 30s (status=Ordered, per_transferred=undefined)', 2), ('WarehouseApprovalPage: Approve button for <MR> not visible after reload', 1)]
[2026-04-22T10:24:21] STATUS completed=0 passes=8 fails=0 top_buckets=[('locator.waitFor: Timeout 30000ms exceeded.', 5), ('DispatchPage: dispatch did not register for <MR> within 30s (status=Ordered, per_transferred=undefined)', 2), ('WarehouseApprovalPage: Approve button for <MR> not visible after reload', 1)]
[2026-04-22T10:24:53] STATUS completed=0 passes=8 fails=0 top_buckets=[('locator.waitFor: Timeout 30000ms exceeded.', 5), ('DispatchPage: dispatch did not register for <MR> within 30s (status=Ordered, per_transferred=undefined)', 2), ('WarehouseApprovalPage: Approve button for <MR> not visible after reload', 1)]
[2026-04-22T10:25:24] STATUS completed=0 passes=8 fails=0 top_buckets=[('locator.waitFor: Timeout 30000ms exceeded.', 5), ('DispatchPage: dispatch did not register for <MR> within 30s (status=Ordered, per_transferred=undefined)', 2), ('WarehouseApprovalPage: Approve button for <MR> not visible after reload', 1)]
[2026-04-22T10:25:56] STATUS completed=0 passes=8 fails=0 top_buckets=[('locator.waitFor: Timeout 30000ms exceeded.', 5), ('DispatchPage: dispatch did not register for <MR> within 30s (status=Ordered, per_transferred=undefined)', 2), ('Material Request for order <ORDER> (polled 30000ms, last=0)', 2)]
[2026-04-22T10:26:27] STATUS completed=0 passes=8 fails=0 top_buckets=[('locator.waitFor: Timeout 30000ms exceeded.', 5), ('DispatchPage: dispatch did not register for <MR> within 30s (status=Ordered, per_transferred=undefined)', 2), ('Material Request for order <ORDER> (polled 30000ms, last=0)', 2)]
[2026-04-22T10:26:59] STATUS completed=0 passes=8 fails=0 top_buckets=[('locator.waitFor: Timeout 30000ms exceeded.', 5), ('DispatchPage: dispatch did not register for <MR> within 30s (status=Ordered, per_transferred=undefined)', 2), ('Material Request for order <ORDER> (polled 30000ms, last=0)', 2)]
[2026-04-22T10:27:30] STATUS completed=0 passes=8 fails=0 top_buckets=[('locator.waitFor: Timeout 30000ms exceeded.', 5), ('Material Request for order <ORDER> (polled 30000ms, last=0)', 3), ('DispatchPage: dispatch did not register for <MR> within 30s (status=Ordered, per_transferred=undefined)', 2)]
[2026-04-22T10:28:01] STATUS completed=0 passes=8 fails=0 top_buckets=[('locator.waitFor: Timeout 30000ms exceeded.', 5), ('Material Request for order <ORDER> (polled 30000ms, last=0)', 3), ('DispatchPage: dispatch did not register for <MR> within 30s (status=Ordered, per_transferred=undefined)', 2)]
[2026-04-22T10:28:33] STATUS completed=0 passes=9 fails=0 top_buckets=[('locator.waitFor: Timeout 30000ms exceeded.', 5), ('Material Request for order <ORDER> (polled 30000ms, last=0)', 3), ('DispatchPage: dispatch did not register for <MR> within 30s (status=Ordered, per_transferred=undefined)', 2)]
[2026-04-22T10:29:04] STATUS completed=0 passes=9 fails=0 top_buckets=[('locator.waitFor: Timeout 30000ms exceeded.', 5), ('Material Request for order <ORDER> (polled 30000ms, last=0)', 3), ('DispatchPage: dispatch did not register for <MR> within 30s (status=Ordered, per_transferred=undefined)', 2)]
[2026-04-22T10:29:36] STATUS completed=0 passes=10 fails=0 top_buckets=[('locator.waitFor: Timeout 30000ms exceeded.', 5), ('Material Request for order <ORDER> (polled 30000ms, last=0)', 3), ('DispatchPage: dispatch did not register for <MR> within 30s (status=Ordered, per_transferred=undefined)', 2)]
[2026-04-22T10:30:08] STATUS completed=0 passes=10 fails=0 top_buckets=[('locator.waitFor: Timeout 30000ms exceeded.', 5), ('Material Request for order <ORDER> (polled 30000ms, last=0)', 3), ('DispatchPage: dispatch did not register for <MR> within 30s (status=Ordered, per_transferred=undefined)', 2)]
[2026-04-22T10:30:39] STATUS completed=0 passes=11 fails=0 top_buckets=[('locator.waitFor: Timeout 30000ms exceeded.', 5), ('Material Request for order <ORDER> (polled 30000ms, last=0)', 3), ('DispatchPage: dispatch did not register for <MR> within 30s (status=Ordered, per_transferred=undefined)', 2)]
[2026-04-22T10:31:11] STATUS completed=0 passes=11 fails=0 top_buckets=[('locator.waitFor: Timeout 30000ms exceeded.', 5), ('Material Request for order <ORDER> (polled 30000ms, last=0)', 3), ('DispatchPage: dispatch did not register for <MR> within 30s (status=Ordered, per_transferred=undefined)', 2)]
[2026-04-22T10:31:42] STATUS completed=0 passes=11 fails=0 top_buckets=[('locator.waitFor: Timeout 30000ms exceeded.', 5), ('Material Request for order <ORDER> (polled 30000ms, last=0)', 3), ('DispatchPage: dispatch did not register for <MR> within 30s (status=Ordered, per_transferred=undefined)', 2)]
[2026-04-22T10:32:13] STATUS completed=0 passes=11 fails=0 top_buckets=[('locator.waitFor: Timeout 30000ms exceeded.', 5), ('DispatchPage: dispatch did not register for <MR> within 30s (status=Ordered, per_transferred=undefined)', 3), ('Material Request for order <ORDER> (polled 30000ms, last=0)', 3)]
[2026-04-22T10:32:45] STATUS completed=0 passes=11 fails=0 top_buckets=[('locator.waitFor: Timeout 30000ms exceeded.', 5), ('DispatchPage: dispatch did not register for <MR> within 30s (status=Ordered, per_transferred=undefined)', 3), ('Material Request for order <ORDER> (polled 30000ms, last=0)', 3)]
[2026-04-22T10:33:17] STATUS completed=0 passes=12 fails=0 top_buckets=[('locator.waitFor: Timeout 30000ms exceeded.', 5), ('DispatchPage: dispatch did not register for <MR> within 30s (status=Ordered, per_transferred=undefined)', 3), ('Material Request for order <ORDER> (polled 30000ms, last=0)', 3)]
[2026-04-22T10:33:48] STATUS completed=0 passes=12 fails=0 top_buckets=[('locator.waitFor: Timeout 30000ms exceeded.', 5), ('DispatchPage: dispatch did not register for <MR> within 30s (status=Ordered, per_transferred=undefined)', 3), ('Material Request for order <ORDER> (polled 30000ms, last=0)', 3)]
[2026-04-22T10:34:20] STATUS completed=0 passes=13 fails=0 top_buckets=[('locator.waitFor: Timeout 30000ms exceeded.', 5), ('DispatchPage: dispatch did not register for <MR> within 30s (status=Ordered, per_transferred=undefined)', 3), ('Material Request for order <ORDER> (polled 30000ms, last=0)', 3)]
[2026-04-22T10:34:51] STATUS completed=0 passes=13 fails=0 top_buckets=[('locator.waitFor: Timeout 30000ms exceeded.', 5), ('DispatchPage: dispatch did not register for <MR> within 30s (status=Ordered, per_transferred=undefined)', 3), ('Material Request for order <ORDER> (polled 30000ms, last=0)', 3)]
[2026-04-22T10:35:23] STATUS completed=0 passes=14 fails=0 top_buckets=[('locator.waitFor: Timeout 30000ms exceeded.', 5), ('DispatchPage: dispatch did not register for <MR> within 30s (status=Ordered, per_transferred=undefined)', 3), ('Material Request for order <ORDER> (polled 30000ms, last=0)', 3)]
[2026-04-22T10:35:54] STATUS completed=0 passes=14 fails=0 top_buckets=[('locator.waitFor: Timeout 30000ms exceeded.', 5), ('DispatchPage: dispatch did not register for <MR> within 30s (status=Ordered, per_transferred=undefined)', 3), ('Material Request for order <ORDER> (polled 30000ms, last=0)', 3)]
[2026-04-22T10:36:26] STATUS completed=0 passes=14 fails=0 top_buckets=[('locator.waitFor: Timeout 30000ms exceeded.', 5), ('DispatchPage: dispatch did not register for <MR> within 30s (status=Ordered, per_transferred=undefined)', 3), ('Material Request for order <ORDER> (polled 30000ms, last=0)', 3)]
[2026-04-22T10:36:57] STATUS completed=0 passes=14 fails=0 top_buckets=[('locator.waitFor: Timeout 30000ms exceeded.', 5), ('DispatchPage: dispatch did not register for <MR> within 30s (status=Ordered, per_transferred=undefined)', 4), ('Material Request for order <ORDER> (polled 30000ms, last=0)', 3)]
[2026-04-22T10:37:29] STATUS completed=0 passes=14 fails=0 top_buckets=[('locator.waitFor: Timeout 30000ms exceeded.', 5), ('DispatchPage: dispatch did not register for <MR> within 30s (status=Ordered, per_transferred=undefined)', 4), ('Material Request for order <ORDER> (polled 30000ms, last=0)', 3)]
[2026-04-22T10:38:00] STATUS completed=0 passes=15 fails=0 top_buckets=[('locator.waitFor: Timeout 30000ms exceeded.', 5), ('DispatchPage: dispatch did not register for <MR> within 30s (status=Ordered, per_transferred=undefined)', 4), ('Material Request for order <ORDER> (polled 30000ms, last=0)', 3)]
[2026-04-22T10:38:31] STATUS completed=0 passes=15 fails=0 top_buckets=[('locator.waitFor: Timeout 30000ms exceeded.', 5), ('DispatchPage: dispatch did not register for <MR> within 30s (status=Ordered, per_transferred=undefined)', 4), ('Material Request for order <ORDER> (polled 30000ms, last=0)', 3)]
[2026-04-22T10:39:03] STATUS completed=0 passes=16 fails=0 top_buckets=[('locator.waitFor: Timeout 30000ms exceeded.', 5), ('DispatchPage: dispatch did not register for <MR> within 30s (status=Ordered, per_transferred=undefined)', 4), ('Material Request for order <ORDER> (polled 30000ms, last=0)', 3)]
[2026-04-22T10:39:34] STATUS completed=0 passes=16 fails=0 top_buckets=[('locator.waitFor: Timeout 30000ms exceeded.', 5), ('DispatchPage: dispatch did not register for <MR> within 30s (status=Ordered, per_transferred=undefined)', 4), ('Material Request for order <ORDER> (polled 30000ms, last=0)', 3)]
[2026-04-22T10:40:06] STATUS completed=0 passes=16 fails=0 top_buckets=[('locator.waitFor: Timeout 30000ms exceeded.', 5), ('DispatchPage: dispatch did not register for <MR> within 30s (status=Ordered, per_transferred=undefined)', 4), ('Material Request for order <ORDER> (polled 30000ms, last=0)', 3)]
[2026-04-22T10:40:37] STATUS completed=0 passes=16 fails=0 top_buckets=[('locator.waitFor: Timeout 30000ms exceeded.', 5), ('DispatchPage: dispatch did not register for <MR> within 30s (status=Ordered, per_transferred=undefined)', 5), ('Material Request for order <ORDER> (polled 30000ms, last=0)', 3)]
[2026-04-22T10:41:09] STATUS completed=0 passes=16 fails=0 top_buckets=[('locator.waitFor: Timeout 30000ms exceeded.', 5), ('DispatchPage: dispatch did not register for <MR> within 30s (status=Ordered, per_transferred=undefined)', 5), ('Material Request for order <ORDER> (polled 30000ms, last=0)', 3)]
[2026-04-22T10:41:40] STATUS completed=0 passes=17 fails=0 top_buckets=[('locator.waitFor: Timeout 30000ms exceeded.', 5), ('DispatchPage: dispatch did not register for <MR> within 30s (status=Ordered, per_transferred=undefined)', 5), ('Material Request for order <ORDER> (polled 30000ms, last=0)', 3)]
[2026-04-22T10:42:12] STATUS completed=0 passes=17 fails=0 top_buckets=[('locator.waitFor: Timeout 30000ms exceeded.', 5), ('DispatchPage: dispatch did not register for <MR> within 30s (status=Ordered, per_transferred=undefined)', 5), ('Material Request for order <ORDER> (polled 30000ms, last=0)', 3)]
[2026-04-22T10:42:44] STATUS completed=0 passes=18 fails=0 top_buckets=[('locator.waitFor: Timeout 30000ms exceeded.', 5), ('DispatchPage: dispatch did not register for <MR> within 30s (status=Ordered, per_transferred=undefined)', 5), ('Material Request for order <ORDER> (polled 30000ms, last=0)', 3)]
[2026-04-22T10:43:15] STATUS completed=0 passes=18 fails=0 top_buckets=[('locator.waitFor: Timeout 30000ms exceeded.', 5), ('DispatchPage: dispatch did not register for <MR> within 30s (status=Ordered, per_transferred=undefined)', 5), ('Material Request for order <ORDER> (polled 30000ms, last=0)', 3)]
[2026-04-22T10:43:47] STATUS completed=0 passes=19 fails=0 top_buckets=[('locator.waitFor: Timeout 30000ms exceeded.', 5), ('DispatchPage: dispatch did not register for <MR> within 30s (status=Ordered, per_transferred=undefined)', 5), ('Material Request for order <ORDER> (polled 30000ms, last=0)', 3)]
[2026-04-22T10:44:18] STATUS completed=0 passes=19 fails=0 top_buckets=[('locator.waitFor: Timeout 30000ms exceeded.', 5), ('DispatchPage: dispatch did not register for <MR> within 30s (status=Ordered, per_transferred=undefined)', 5), ('Material Request for order <ORDER> (polled 30000ms, last=0)', 3)]
[2026-04-22T10:44:50] STATUS completed=0 passes=20 fails=0 top_buckets=[('locator.waitFor: Timeout 30000ms exceeded.', 5), ('DispatchPage: dispatch did not register for <MR> within 30s (status=Ordered, per_transferred=undefined)', 5), ('Material Request for order <ORDER> (polled 30000ms, last=0)', 3)]
[2026-04-22T10:45:21] STATUS completed=0 passes=20 fails=0 top_buckets=[('locator.waitFor: Timeout 30000ms exceeded.', 5), ('DispatchPage: dispatch did not register for <MR> within 30s (status=Ordered, per_transferred=undefined)', 5), ('Material Request for order <ORDER> (polled 30000ms, last=0)', 3)]
[2026-04-22T10:45:53] STATUS completed=0 passes=21 fails=0 top_buckets=[('locator.waitFor: Timeout 30000ms exceeded.', 5), ('DispatchPage: dispatch did not register for <MR> within 30s (status=Ordered, per_transferred=undefined)', 5), ('Material Request for order <ORDER> (polled 30000ms, last=0)', 3)]
[2026-04-22T10:46:24] STATUS completed=0 passes=22 fails=0 top_buckets=[('locator.waitFor: Timeout 30000ms exceeded.', 5), ('DispatchPage: dispatch did not register for <MR> within 30s (status=Ordered, per_transferred=undefined)', 5), ('Material Request for order <ORDER> (polled 30000ms, last=0)', 3)]
[2026-04-22T10:46:56] STATUS completed=0 passes=22 fails=0 top_buckets=[('locator.waitFor: Timeout 30000ms exceeded.', 5), ('DispatchPage: dispatch did not register for <MR> within 30s (status=Ordered, per_transferred=undefined)', 5), ('Material Request for order <ORDER> (polled 30000ms, last=0)', 3)]
[2026-04-22T10:47:27] STATUS completed=0 passes=23 fails=0 top_buckets=[('locator.waitFor: Timeout 30000ms exceeded.', 5), ('DispatchPage: dispatch did not register for <MR> within 30s (status=Ordered, per_transferred=undefined)', 5), ('Material Request for order <ORDER> (polled 30000ms, last=0)', 3)]
[2026-04-22T10:47:59] STATUS completed=0 passes=23 fails=0 top_buckets=[('locator.waitFor: Timeout 30000ms exceeded.', 5), ('DispatchPage: dispatch did not register for <MR> within 30s (status=Ordered, per_transferred=undefined)', 5), ('Material Request for order <ORDER> (polled 30000ms, last=0)', 3)]
[2026-04-22T10:48:30] STATUS completed=0 passes=23 fails=0 top_buckets=[('locator.waitFor: Timeout 30000ms exceeded.', 5), ('DispatchPage: dispatch did not register for <MR> within 30s (status=Ordered, per_transferred=undefined)', 5), ('Material Request for order <ORDER> (polled 30000ms, last=0)', 3)]
[2026-04-22T10:49:02] STATUS completed=0 passes=23 fails=0 top_buckets=[('locator.waitFor: Timeout 30000ms exceeded.', 5), ('DispatchPage: dispatch did not register for <MR> within 30s (status=Ordered, per_transferred=undefined)', 5), ('Material Request for order <ORDER> (polled 30000ms, last=0)', 4)]
[2026-04-22T10:49:33] STATUS completed=0 passes=23 fails=0 top_buckets=[('locator.waitFor: Timeout 30000ms exceeded.', 5), ('DispatchPage: dispatch did not register for <MR> within 30s (status=Ordered, per_transferred=undefined)', 5), ('Material Request for order <ORDER> (polled 30000ms, last=0)', 4)]
[2026-04-22T10:50:05] STATUS completed=0 passes=24 fails=0 top_buckets=[('locator.waitFor: Timeout 30000ms exceeded.', 5), ('DispatchPage: dispatch did not register for <MR> within 30s (status=Ordered, per_transferred=undefined)', 5), ('Material Request for order <ORDER> (polled 30000ms, last=0)', 4)]
[2026-04-22T10:50:36] STATUS completed=0 passes=24 fails=0 top_buckets=[('locator.waitFor: Timeout 30000ms exceeded.', 5), ('DispatchPage: dispatch did not register for <MR> within 30s (status=Ordered, per_transferred=undefined)', 5), ('Material Request for order <ORDER> (polled 30000ms, last=0)', 4)]
[2026-04-22T10:51:08] STATUS completed=0 passes=25 fails=0 top_buckets=[('locator.waitFor: Timeout 30000ms exceeded.', 5), ('DispatchPage: dispatch did not register for <MR> within 30s (status=Ordered, per_transferred=undefined)', 5), ('Material Request for order <ORDER> (polled 30000ms, last=0)', 4)]
[2026-04-22T10:51:39] STATUS completed=0 passes=25 fails=0 top_buckets=[('locator.waitFor: Timeout 30000ms exceeded.', 5), ('DispatchPage: dispatch did not register for <MR> within 30s (status=Ordered, per_transferred=undefined)', 5), ('Material Request for order <ORDER> (polled 30000ms, last=0)', 4)]
[2026-04-22T10:52:11] STATUS completed=0 passes=26 fails=0 top_buckets=[('locator.waitFor: Timeout 30000ms exceeded.', 5), ('DispatchPage: dispatch did not register for <MR> within 30s (status=Ordered, per_transferred=undefined)', 5), ('Material Request for order <ORDER> (polled 30000ms, last=0)', 4)]
[2026-04-22T10:52:43] STATUS completed=0 passes=26 fails=0 top_buckets=[('locator.waitFor: Timeout 30000ms exceeded.', 5), ('DispatchPage: dispatch did not register for <MR> within 30s (status=Ordered, per_transferred=undefined)', 5), ('Material Request for order <ORDER> (polled 30000ms, last=0)', 4)]
[2026-04-22T10:53:14] STATUS completed=0 passes=27 fails=0 top_buckets=[('locator.waitFor: Timeout 30000ms exceeded.', 5), ('DispatchPage: dispatch did not register for <MR> within 30s (status=Ordered, per_transferred=undefined)', 5), ('Material Request for order <ORDER> (polled 30000ms, last=0)', 4)]
[2026-04-22T10:53:46] STATUS completed=0 passes=28 fails=0 top_buckets=[('locator.waitFor: Timeout 30000ms exceeded.', 5), ('DispatchPage: dispatch did not register for <MR> within 30s (status=Ordered, per_transferred=undefined)', 5), ('Material Request for order <ORDER> (polled 30000ms, last=0)', 4)]
[2026-04-22T10:54:17] STATUS completed=0 passes=28 fails=0 top_buckets=[('locator.waitFor: Timeout 30000ms exceeded.', 5), ('DispatchPage: dispatch did not register for <MR> within 30s (status=Ordered, per_transferred=undefined)', 5), ('Material Request for order <ORDER> (polled 30000ms, last=0)', 4)]
[2026-04-22T10:54:49] STATUS completed=0 passes=29 fails=0 top_buckets=[('locator.waitFor: Timeout 30000ms exceeded.', 5), ('DispatchPage: dispatch did not register for <MR> within 30s (status=Ordered, per_transferred=undefined)', 5), ('Material Request for order <ORDER> (polled 30000ms, last=0)', 4)]
[2026-04-22T10:55:21] STATUS completed=0 passes=29 fails=0 top_buckets=[('locator.waitFor: Timeout 30000ms exceeded.', 5), ('DispatchPage: dispatch did not register for <MR> within 30s (status=Ordered, per_transferred=undefined)', 5), ('Material Request for order <ORDER> (polled 30000ms, last=0)', 4)]
[2026-04-22T10:55:52] STATUS completed=0 passes=30 fails=0 top_buckets=[('locator.waitFor: Timeout 30000ms exceeded.', 5), ('DispatchPage: dispatch did not register for <MR> within 30s (status=Ordered, per_transferred=undefined)', 5), ('Material Request for order <ORDER> (polled 30000ms, last=0)', 4)]
[2026-04-22T10:56:24] STATUS completed=0 passes=30 fails=0 top_buckets=[('locator.waitFor: Timeout 30000ms exceeded.', 5), ('DispatchPage: dispatch did not register for <MR> within 30s (status=Ordered, per_transferred=undefined)', 5), ('Material Request for order <ORDER> (polled 30000ms, last=0)', 4)]
