[2026-04-27T16:48:29] MONITOR START kill-same-fp=8 kill-pass-rate-below=0.5 kill-after-n=30 dry-run=False
[2026-04-27T16:48:29] STATUS completed=0 passes=0 fails=0 top_buckets=[]
[2026-04-27T16:49:01] STATUS completed=0 passes=0 fails=0 top_buckets=[]
[2026-04-27T16:49:34] STATUS completed=0 passes=0 fails=0 top_buckets=[]
[2026-04-27T16:50:07] STATUS completed=0 passes=0 fails=0 top_buckets=[]
[2026-04-27T16:50:37] STATUS completed=0 passes=1 fails=0 top_buckets=[]
[2026-04-27T16:51:08] STATUS completed=0 passes=1 fails=0 top_buckets=[]
[2026-04-27T16:51:42] STATUS completed=0 passes=1 fails=0 top_buckets=[]
[2026-04-27T16:52:15] STATUS completed=0 passes=2 fails=0 top_buckets=[]
[2026-04-27T16:52:48] STATUS completed=0 passes=2 fails=0 top_buckets=[]
[2026-04-27T16:53:18] STATUS completed=0 passes=2 fails=0 top_buckets=[]
[2026-04-27T16:53:49] STATUS completed=0 passes=2 fails=0 top_buckets=[('WarehouseApprovalPage: Approve button for <MR> not visible after reload', 1)]
[2026-04-27T16:54:22] STATUS completed=0 passes=2 fails=0 top_buckets=[('WarehouseApprovalPage: Approve button for <MR> not visible after reload', 1)]
[2026-04-27T16:54:53] STATUS completed=0 passes=2 fails=0 top_buckets=[('WarehouseApprovalPage: Approve button for <MR> not visible after reload', 1)]
[2026-04-27T16:55:25] STATUS completed=0 passes=2 fails=0 top_buckets=[('WarehouseApprovalPage: Approve button for <MR> not visible after reload', 2)]
[2026-04-27T16:55:55] STATUS completed=0 passes=2 fails=0 top_buckets=[('WarehouseApprovalPage: Approve button for <MR> not visible after reload', 2)]
[2026-04-27T16:56:27] STATUS completed=0 passes=3 fails=0 top_buckets=[('WarehouseApprovalPage: Approve button for <MR> not visible after reload', 2)]
[2026-04-27T16:56:59] STATUS completed=0 passes=3 fails=0 top_buckets=[('WarehouseApprovalPage: Approve button for <MR> not visible after reload', 2)]
[2026-04-27T16:57:29] STATUS completed=0 passes=4 fails=0 top_buckets=[('WarehouseApprovalPage: Approve button for <MR> not visible after reload', 2)]
[2026-04-27T16:58:02] STATUS completed=0 passes=4 fails=0 top_buckets=[('WarehouseApprovalPage: Approve button for <MR> not visible after reload', 2)]
[2026-04-27T16:58:36] STATUS completed=0 passes=4 fails=0 top_buckets=[('WarehouseApprovalPage: Approve button for <MR> not visible after reload', 2)]
[2026-04-27T16:59:07] STATUS completed=0 passes=5 fails=0 top_buckets=[('WarehouseApprovalPage: Approve button for <MR> not visible after reload', 2)]
[2026-04-27T16:59:39] STATUS completed=0 passes=5 fails=0 top_buckets=[('WarehouseApprovalPage: Approve button for <MR> not visible after reload', 2)]
[2026-04-27T17:00:11] STATUS completed=0 passes=6 fails=0 top_buckets=[('WarehouseApprovalPage: Approve button for <MR> not visible after reload', 2)]
[2026-04-27T17:00:44] STATUS completed=0 passes=6 fails=0 top_buckets=[('WarehouseApprovalPage: Approve button for <MR> not visible after reload', 2)]
[2026-04-27T17:01:17] STATUS completed=0 passes=7 fails=0 top_buckets=[('WarehouseApprovalPage: Approve button for <MR> not visible after reload', 2)]
[2026-04-27T17:01:49] STATUS completed=0 passes=7 fails=0 top_buckets=[('WarehouseApprovalPage: Approve button for <MR> not visible after reload', 2)]
[2026-04-27T17:02:20] STATUS completed=0 passes=8 fails=0 top_buckets=[('WarehouseApprovalPage: Approve button for <MR> not visible after reload', 2)]
[2026-04-27T17:02:50] STATUS completed=0 passes=8 fails=0 top_buckets=[('WarehouseApprovalPage: Approve button for <MR> not visible after reload', 2)]
[2026-04-27T17:03:21] STATUS completed=0 passes=8 fails=0 top_buckets=[('WarehouseApprovalPage: Approve button for <MR> not visible after reload', 2)]
[2026-04-27T17:03:53] STATUS completed=0 passes=9 fails=0 top_buckets=[('WarehouseApprovalPage: Approve button for <MR> not visible after reload', 2)]
[2026-04-27T17:04:23] STATUS completed=0 passes=9 fails=0 top_buckets=[('WarehouseApprovalPage: Approve button for <MR> not visible after reload', 2)]
[2026-04-27T17:04:53] STATUS completed=0 passes=10 fails=0 top_buckets=[('WarehouseApprovalPage: Approve button for <MR> not visible after reload', 2)]
[2026-04-27T17:05:25] STATUS completed=0 passes=10 fails=0 top_buckets=[('WarehouseApprovalPage: Approve button for <MR> not visible after reload', 2)]
[2026-04-27T17:05:57] STATUS completed=0 passes=11 fails=0 top_buckets=[('WarehouseApprovalPage: Approve button for <MR> not visible after reload', 2)]
[2026-04-27T17:06:30] STATUS completed=0 passes=11 fails=0 top_buckets=[('WarehouseApprovalPage: Approve button for <MR> not visible after reload', 2)]
[2026-04-27T17:07:03] STATUS completed=0 passes=11 fails=0 top_buckets=[('WarehouseApprovalPage: Approve button for <MR> not visible after reload', 2)]
[2026-04-27T17:07:33] STATUS completed=0 passes=12 fails=0 top_buckets=[('WarehouseApprovalPage: Approve button for <MR> not visible after reload', 2)]
[2026-04-27T17:08:05] STATUS completed=0 passes=12 fails=0 top_buckets=[('WarehouseApprovalPage: Approve button for <MR> not visible after reload', 2)]
[2026-04-27T17:08:36] STATUS completed=0 passes=13 fails=0 top_buckets=[('WarehouseApprovalPage: Approve button for <MR> not visible after reload', 2)]
[2026-04-27T17:09:09] STATUS completed=0 passes=13 fails=0 top_buckets=[('WarehouseApprovalPage: Approve button for <MR> not visible after reload', 2)]
[2026-04-27T17:09:39] STATUS completed=0 passes=13 fails=0 top_buckets=[('WarehouseApprovalPage: Approve button for <MR> not visible after reload', 2)]
[2026-04-27T17:10:09] STATUS completed=0 passes=13 fails=0 top_buckets=[('WarehouseApprovalPage: Approve button for <MR> not visible after reload', 3)]
[2026-04-27T17:10:43] STATUS completed=0 passes=13 fails=0 top_buckets=[('WarehouseApprovalPage: Approve button for <MR> not visible after reload', 3)]
[2026-04-27T17:11:13] STATUS completed=0 passes=13 fails=0 top_buckets=[('WarehouseApprovalPage: Approve button for <MR> not visible after reload', 3)]
[2026-04-27T17:11:45] STATUS completed=0 passes=13 fails=0 top_buckets=[('WarehouseApprovalPage: Approve button for <MR> not visible after reload', 4)]
[2026-04-27T17:12:16] STATUS completed=0 passes=13 fails=0 top_buckets=[('WarehouseApprovalPage: Approve button for <MR> not visible after reload', 4)]
[2026-04-27T17:12:47] STATUS completed=0 passes=13 fails=0 top_buckets=[('WarehouseApprovalPage: Approve button for <MR> not visible after reload', 4)]
[2026-04-27T17:13:18] STATUS completed=0 passes=13 fails=0 top_buckets=[('WarehouseApprovalPage: Approve button for <MR> not visible after reload', 5)]
[2026-04-27T17:13:49] STATUS completed=0 passes=13 fails=0 top_buckets=[('WarehouseApprovalPage: Approve button for <MR> not visible after reload', 5)]
[2026-04-27T17:14:22] STATUS completed=0 passes=13 fails=0 top_buckets=[('WarehouseApprovalPage: Approve button for <MR> not visible after reload', 5)]
[2026-04-27T17:14:53] STATUS completed=0 passes=13 fails=0 top_buckets=[('WarehouseApprovalPage: Approve button for <MR> not visible after reload', 6)]
[2026-04-27T17:15:23] STATUS completed=0 passes=13 fails=0 top_buckets=[('WarehouseApprovalPage: Approve button for <MR> not visible after reload', 6)]
[2026-04-27T17:15:55] STATUS completed=0 passes=14 fails=0 top_buckets=[('WarehouseApprovalPage: Approve button for <MR> not visible after reload', 6)]
[2026-04-27T17:16:27] STATUS completed=0 passes=14 fails=0 top_buckets=[('WarehouseApprovalPage: Approve button for <MR> not visible after reload', 6)]
[2026-04-27T17:17:00] STATUS completed=0 passes=15 fails=0 top_buckets=[('WarehouseApprovalPage: Approve button for <MR> not visible after reload', 6)]
[2026-04-27T17:17:31] STATUS completed=0 passes=15 fails=0 top_buckets=[('WarehouseApprovalPage: Approve button for <MR> not visible after reload', 6)]
[2026-04-27T17:18:03] STATUS completed=0 passes=15 fails=0 top_buckets=[('WarehouseApprovalPage: Approve button for <MR> not visible after reload', 6)]
[2026-04-27T17:18:34] STATUS completed=0 passes=16 fails=0 top_buckets=[('WarehouseApprovalPage: Approve button for <MR> not visible after reload', 6)]
[2026-04-27T17:19:06] STATUS completed=0 passes=16 fails=0 top_buckets=[('WarehouseApprovalPage: Approve button for <MR> not visible after reload', 6)]
[2026-04-27T17:19:36] STATUS completed=0 passes=16 fails=0 top_buckets=[('WarehouseApprovalPage: Approve button for <MR> not visible after reload', 6)]
[2026-04-27T17:20:07] STATUS completed=0 passes=16 fails=0 top_buckets=[('WarehouseApprovalPage: Approve button for <MR> not visible after reload', 6), ('DispatchPage: dispatch did not register for <MR> within 30s (status=Ordered, per_transferred=undefined)', 1)]
[2026-04-27T17:20:39] STATUS completed=0 passes=16 fails=0 top_buckets=[('WarehouseApprovalPage: Approve button for <MR> not visible after reload', 6), ('DispatchPage: dispatch did not register for <MR> within 30s (status=Ordered, per_transferred=undefined)', 1)]
[2026-04-27T17:21:10] STATUS completed=0 passes=16 fails=0 top_buckets=[('WarehouseApprovalPage: Approve button for <MR> not visible after reload', 6), ('DispatchPage: dispatch did not register for <MR> within 30s (status=Ordered, per_transferred=undefined)', 1)]
[2026-04-27T17:21:42] STATUS completed=0 passes=17 fails=0 top_buckets=[('WarehouseApprovalPage: Approve button for <MR> not visible after reload', 6), ('DispatchPage: dispatch did not register for <MR> within 30s (status=Ordered, per_transferred=undefined)', 1)]
[2026-04-27T17:22:13] STATUS completed=0 passes=17 fails=0 top_buckets=[('WarehouseApprovalPage: Approve button for <MR> not visible after reload', 6), ('DispatchPage: dispatch did not register for <MR> within 30s (status=Ordered, per_transferred=undefined)', 1)]
[2026-04-27T17:22:43] STATUS completed=0 passes=18 fails=0 top_buckets=[('WarehouseApprovalPage: Approve button for <MR> not visible after reload', 6), ('DispatchPage: dispatch did not register for <MR> within 30s (status=Ordered, per_transferred=undefined)', 1)]
[2026-04-27T17:23:17] STATUS completed=0 passes=18 fails=0 top_buckets=[('WarehouseApprovalPage: Approve button for <MR> not visible after reload', 6), ('DispatchPage: dispatch did not register for <MR> within 30s (status=Ordered, per_transferred=undefined)', 1)]
[2026-04-27T17:23:47] STATUS completed=0 passes=19 fails=0 top_buckets=[('WarehouseApprovalPage: Approve button for <MR> not visible after reload', 6), ('DispatchPage: dispatch did not register for <MR> within 30s (status=Ordered, per_transferred=undefined)', 1)]
[2026-04-27T17:24:20] STATUS completed=0 passes=19 fails=0 top_buckets=[('WarehouseApprovalPage: Approve button for <MR> not visible after reload', 6), ('DispatchPage: dispatch did not register for <MR> within 30s (status=Ordered, per_transferred=undefined)', 1)]
[2026-04-27T17:24:51] STATUS completed=0 passes=19 fails=0 top_buckets=[('WarehouseApprovalPage: Approve button for <MR> not visible after reload', 6), ('DispatchPage: dispatch did not register for <MR> within 30s (status=Ordered, per_transferred=undefined)', 1)]
[2026-04-27T17:25:24] STATUS completed=0 passes=20 fails=0 top_buckets=[('WarehouseApprovalPage: Approve button for <MR> not visible after reload', 6), ('DispatchPage: dispatch did not register for <MR> within 30s (status=Ordered, per_transferred=undefined)', 1)]
[2026-04-27T17:25:54] STATUS completed=0 passes=20 fails=0 top_buckets=[('WarehouseApprovalPage: Approve button for <MR> not visible after reload', 6), ('DispatchPage: dispatch did not register for <MR> within 30s (status=Ordered, per_transferred=undefined)', 1)]
[2026-04-27T17:26:25] STATUS completed=0 passes=21 fails=0 top_buckets=[('WarehouseApprovalPage: Approve button for <MR> not visible after reload', 6), ('DispatchPage: dispatch did not register for <MR> within 30s (status=Ordered, per_transferred=undefined)', 1)]
[2026-04-27T17:26:56] STATUS completed=0 passes=21 fails=0 top_buckets=[('WarehouseApprovalPage: Approve button for <MR> not visible after reload', 6), ('DispatchPage: dispatch did not register for <MR> within 30s (status=Ordered, per_transferred=undefined)', 1)]
[2026-04-27T17:27:27] STATUS completed=0 passes=22 fails=0 top_buckets=[('WarehouseApprovalPage: Approve button for <MR> not visible after reload', 6), ('DispatchPage: dispatch did not register for <MR> within 30s (status=Ordered, per_transferred=undefined)', 1)]
[2026-04-27T17:27:59] STATUS completed=0 passes=22 fails=0 top_buckets=[('WarehouseApprovalPage: Approve button for <MR> not visible after reload', 6), ('DispatchPage: dispatch did not register for <MR> within 30s (status=Ordered, per_transferred=undefined)', 1)]
[2026-04-27T17:28:30] STATUS completed=0 passes=22 fails=0 top_buckets=[('WarehouseApprovalPage: Approve button for <MR> not visible after reload', 6), ('DispatchPage: dispatch did not register for <MR> within 30s (status=Ordered, per_transferred=undefined)', 1)]
[2026-04-27T17:29:03] STATUS completed=0 passes=22 fails=0 top_buckets=[('WarehouseApprovalPage: Approve button for <MR> not visible after reload', 6), ('DispatchPage: dispatch did not register for <MR> within 30s (status=Ordered, per_transferred=undefined)', 1), ('No BEI Warehouse Receiving produced for MR <MR>', 1)]
[2026-04-27T17:29:34] STATUS completed=0 passes=22 fails=0 top_buckets=[('WarehouseApprovalPage: Approve button for <MR> not visible after reload', 6), ('DispatchPage: dispatch did not register for <MR> within 30s (status=Ordered, per_transferred=undefined)', 1), ('No BEI Warehouse Receiving produced for MR <MR>', 1)]
[2026-04-27T17:30:05] STATUS completed=0 passes=22 fails=0 top_buckets=[('WarehouseApprovalPage: Approve button for <MR> not visible after reload', 6), ('DispatchPage: dispatch did not register for <MR> within 30s (status=Ordered, per_transferred=undefined)', 1), ('No BEI Warehouse Receiving produced for MR <MR>', 1)]
[2026-04-27T17:30:36] STATUS completed=0 passes=23 fails=0 top_buckets=[('WarehouseApprovalPage: Approve button for <MR> not visible after reload', 6), ('DispatchPage: dispatch did not register for <MR> within 30s (status=Ordered, per_transferred=undefined)', 1), ('No BEI Warehouse Receiving produced for MR <MR>', 1)]
[2026-04-27T17:31:09] STATUS completed=0 passes=23 fails=0 top_buckets=[('WarehouseApprovalPage: Approve button for <MR> not visible after reload', 6), ('DispatchPage: dispatch did not register for <MR> within 30s (status=Ordered, per_transferred=undefined)', 1), ('No BEI Warehouse Receiving produced for MR <MR>', 1)]
[2026-04-27T17:31:40] STATUS completed=0 passes=24 fails=0 top_buckets=[('WarehouseApprovalPage: Approve button for <MR> not visible after reload', 6), ('DispatchPage: dispatch did not register for <MR> within 30s (status=Ordered, per_transferred=undefined)', 1), ('No BEI Warehouse Receiving produced for MR <MR>', 1)]
[2026-04-27T17:32:13] STATUS completed=0 passes=24 fails=0 top_buckets=[('WarehouseApprovalPage: Approve button for <MR> not visible after reload', 6), ('DispatchPage: dispatch did not register for <MR> within 30s (status=Ordered, per_transferred=undefined)', 1), ('No BEI Warehouse Receiving produced for MR <MR>', 1)]
[2026-04-27T17:32:46] STATUS completed=0 passes=25 fails=0 top_buckets=[('WarehouseApprovalPage: Approve button for <MR> not visible after reload', 6), ('DispatchPage: dispatch did not register for <MR> within 30s (status=Ordered, per_transferred=undefined)', 1), ('No BEI Warehouse Receiving produced for MR <MR>', 1)]
[2026-04-27T17:33:17] STATUS completed=0 passes=25 fails=0 top_buckets=[('WarehouseApprovalPage: Approve button for <MR> not visible after reload', 6), ('DispatchPage: dispatch did not register for <MR> within 30s (status=Ordered, per_transferred=undefined)', 1), ('No BEI Warehouse Receiving produced for MR <MR>', 1)]
[2026-04-27T17:33:48] STATUS completed=0 passes=25 fails=0 top_buckets=[('WarehouseApprovalPage: Approve button for <MR> not visible after reload', 6), ('DispatchPage: dispatch did not register for <MR> within 30s (status=Ordered, per_transferred=undefined)', 1), ('No BEI Warehouse Receiving produced for MR <MR>', 1)]
[2026-04-27T17:34:19] STATUS completed=0 passes=26 fails=0 top_buckets=[('WarehouseApprovalPage: Approve button for <MR> not visible after reload', 6), ('DispatchPage: dispatch did not register for <MR> within 30s (status=Ordered, per_transferred=undefined)', 1), ('No BEI Warehouse Receiving produced for MR <MR>', 1)]
[2026-04-27T17:34:51] STATUS completed=0 passes=26 fails=0 top_buckets=[('WarehouseApprovalPage: Approve button for <MR> not visible after reload', 6), ('DispatchPage: dispatch did not register for <MR> within 30s (status=Ordered, per_transferred=undefined)', 1), ('No BEI Warehouse Receiving produced for MR <MR>', 1)]
[2026-04-27T17:35:23] STATUS completed=0 passes=27 fails=0 top_buckets=[('WarehouseApprovalPage: Approve button for <MR> not visible after reload', 6), ('DispatchPage: dispatch did not register for <MR> within 30s (status=Ordered, per_transferred=undefined)', 1), ('No BEI Warehouse Receiving produced for MR <MR>', 1)]
[2026-04-27T17:35:54] STATUS completed=0 passes=27 fails=0 top_buckets=[('WarehouseApprovalPage: Approve button for <MR> not visible after reload', 6), ('DispatchPage: dispatch did not register for <MR> within 30s (status=Ordered, per_transferred=undefined)', 1), ('No BEI Warehouse Receiving produced for MR <MR>', 1)]
[2026-04-27T17:36:26] STATUS completed=0 passes=28 fails=0 top_buckets=[('WarehouseApprovalPage: Approve button for <MR> not visible after reload', 6), ('DispatchPage: dispatch did not register for <MR> within 30s (status=Ordered, per_transferred=undefined)', 1), ('No BEI Warehouse Receiving produced for MR <MR>', 1)]
[2026-04-27T17:36:57] STATUS completed=0 passes=28 fails=0 top_buckets=[('WarehouseApprovalPage: Approve button for <MR> not visible after reload', 6), ('DispatchPage: dispatch did not register for <MR> within 30s (status=Ordered, per_transferred=undefined)', 1), ('No BEI Warehouse Receiving produced for MR <MR>', 1)]
[2026-04-27T17:37:30] STATUS completed=0 passes=28 fails=0 top_buckets=[('WarehouseApprovalPage: Approve button for <MR> not visible after reload', 6), ('DispatchPage: dispatch did not register for <MR> within 30s (status=Ordered, per_transferred=undefined)', 1), ('No BEI Warehouse Receiving produced for MR <MR>', 1)]
[2026-04-27T17:38:00] STATUS completed=0 passes=28 fails=0 top_buckets=[('WarehouseApprovalPage: Approve button for <MR> not visible after reload', 7), ('DispatchPage: dispatch did not register for <MR> within 30s (status=Ordered, per_transferred=undefined)', 1), ('No BEI Warehouse Receiving produced for MR <MR>', 1)]
[2026-04-27T17:38:31] STATUS completed=0 passes=28 fails=0 top_buckets=[('WarehouseApprovalPage: Approve button for <MR> not visible after reload', 7), ('DispatchPage: dispatch did not register for <MR> within 30s (status=Ordered, per_transferred=undefined)', 1), ('No BEI Warehouse Receiving produced for MR <MR>', 1)]
[2026-04-27T17:39:03] STATUS completed=0 passes=28 fails=0 top_buckets=[('WarehouseApprovalPage: Approve button for <MR> not visible after reload', 7), ('DispatchPage: dispatch did not register for <MR> within 30s (status=Ordered, per_transferred=undefined)', 1), ('No BEI Warehouse Receiving produced for MR <MR>', 1)]
[2026-04-27T17:39:30] KILL pid=856684 reason=same-fingerprint=8 >= 8 | fp=WarehouseApprovalPage: Approve button for <MR> not visible after reload
