
Running 49 tests using 1 worker

[S209 preflight] [S209] total=49 mutated=0 already_set=49 snapshot=F:\Dropbox\Projects\BEI-ERP\output\l3\s209\area_access_snapshot.json
  ✓   1 [chromium] › tests\e2e\specs\s209-all-stores.spec.ts:179:9 › S209 — 49-store happy chain › happy chain — ARANETA GATEWAY - TUNGSTEN CAPITAL HOLDINGS OPC (2.1m)
  ✓   2 [chromium] › tests\e2e\specs\s209-all-stores.spec.ts:179:9 › S209 — 49-store happy chain › happy chain — AYALA EVO CITY - BEBANG MEGA INC. (1.3m)
  ✓   3 [chromium] › tests\e2e\specs\s209-all-stores.spec.ts:179:9 › S209 — 49-store happy chain › happy chain — AYALA FAIRVIEW TERRACES - BEBANG FT INC. (1.3m)
  ✓   4 [chromium] › tests\e2e\specs\s209-all-stores.spec.ts:179:9 › S209 — 49-store happy chain › happy chain — AYALA MARKET MARKET - BEBANG MARKET MARKET INC. (1.2m)
  ✓   5 [chromium] › tests\e2e\specs\s209-all-stores.spec.ts:179:9 › S209 — 49-store happy chain › happy chain — AYALA SOLENAD - HFFM SOLENAD FOOD SERVICES INC. (1.2m)
  ✓   6 [chromium] › tests\e2e\specs\s209-all-stores.spec.ts:179:9 › S209 — 49-store happy chain › happy chain — AYALA UP TOWN CENTER - BEBANG UP TOWN CENTER INC. (1.2m)
[S209 revert] ok=true [S209] reverted=0 skipped=49 errors=0
  ✘   7 [chromium] › tests\e2e\specs\s209-all-stores.spec.ts:179:9 › S209 — 49-store happy chain › happy chain — AYALA VERMOSA - BEBANG MEGA INC. (1.8m)
[S209 preflight] [S209] total=49 mutated=0 already_set=49 snapshot=F:\Dropbox\Projects\BEI-ERP\output\l3\s209\area_access_snapshot.json
[S209 revert] ok=true [S209] reverted=0 skipped=49 errors=0
  ✘   8 [chromium] › tests\e2e\specs\s209-all-stores.spec.ts:179:9 › S209 — 49-store happy chain › happy chain — AYALA VERMOSA - BEBANG MEGA INC. (retry #1) (2.1m)
[S209 preflight] [S209] total=49 mutated=0 already_set=49 snapshot=F:\Dropbox\Projects\BEI-ERP\output\l3\s209\area_access_snapshot.json
  ✓   9 [chromium] › tests\e2e\specs\s209-all-stores.spec.ts:179:9 › S209 — 49-store happy chain › happy chain — BF HOMES - BEBANG BF HOMES INC. (1.3m)
  ✓  10 [chromium] › tests\e2e\specs\s209-all-stores.spec.ts:179:9 › S209 — 49-store happy chain › happy chain — CTTM TOMAS MORATO - B CUBED VENTURES CORP. (1.3m)
  ✓  11 [chromium] › tests\e2e\specs\s209-all-stores.spec.ts:179:9 › S209 — 49-store happy chain › happy chain — D'VERDE CALAMBA - TAJ FOOD CORP. (1.2m)
  ✓  12 [chromium] › tests\e2e\specs\s209-all-stores.spec.ts:179:9 › S209 — 49-store happy chain › happy chain — EVER COMMONWEALTH - DLS DESSERT CRAFT INC. (1.2m)
  ✓  13 [chromium] › tests\e2e\specs\s209-all-stores.spec.ts:179:9 › S209 — 49-store happy chain › happy chain — FESTIVAL MALL ALABANG - BEBANG FESTIVAL INC. (1.2m)
  ✓  14 [chromium] › tests\e2e\specs\s209-all-stores.spec.ts:179:9 › S209 — 49-store happy chain › happy chain — LUCKY CHINATOWN - BEBANG LCT INC. (1.2m)
  ✓  15 [chromium] › tests\e2e\specs\s209-all-stores.spec.ts:179:9 › S209 — 49-store happy chain › happy chain — MEGAWIDE PITX - BEBANG PITX INC. (1.3m)
[S209 revert] ok=true [S209] reverted=0 skipped=49 errors=0
  ✘  16 [chromium] › tests\e2e\specs\s209-all-stores.spec.ts:179:9 › S209 — 49-store happy chain › happy chain — MEGAWORLD PASEO CENTER - BEBANG PASEO INC. (2.0m)
[S209 preflight] [S209] total=49 mutated=0 already_set=49 snapshot=F:\Dropbox\Projects\BEI-ERP\output\l3\s209\area_access_snapshot.json
[S209 revert] ok=true [S209] reverted=0 skipped=49 errors=0
  ✘  17 [chromium] › tests\e2e\specs\s209-all-stores.spec.ts:179:9 › S209 — 49-store happy chain › happy chain — MEGAWORLD PASEO CENTER - BEBANG PASEO INC. (retry #1) (1.8m)
[S209 preflight] [S209] total=49 mutated=0 already_set=49 snapshot=F:\Dropbox\Projects\BEI-ERP\output\l3\s209\area_access_snapshot.json
  ✓  18 [chromium] › tests\e2e\specs\s209-all-stores.spec.ts:179:9 › S209 — 49-store happy chain › happy chain — MEGAWORLD VENICE GRAND CANAL - BEBANG VENICE GRAND CANAL INC. (1.3m)
  ✓  19 [chromium] › tests\e2e\specs\s209-all-stores.spec.ts:179:9 › S209 — 49-store happy chain › happy chain — NAIA T3 - HALO-HALO TERMINAL FOOD CORP. (1.3m)
  ✓  20 [chromium] › tests\e2e\specs\s209-all-stores.spec.ts:179:9 › S209 — 49-store happy chain › happy chain — ORTIGAS ESTANCIA - BB ESTANCIA FOOD CORP. (1.3m)
  ✓  21 [chromium] › tests\e2e\specs\s209-all-stores.spec.ts:179:9 › S209 — 49-store happy chain › happy chain — ORTIGAS GREENHILLS - BEIFRANCHISE FOOD OPC (1.3m)
  ✓  22 [chromium] › tests\e2e\specs\s209-all-stores.spec.ts:179:9 › S209 — 49-store happy chain › happy chain — ROBINSONS ANTIPOLO - BEBANG ENTERPRISE INC. (1.3m)
  ✓  23 [chromium] › tests\e2e\specs\s209-all-stores.spec.ts:179:9 › S209 — 49-store happy chain › happy chain — ROBINSONS GALLERIA SOUTH - TUNGSTEN CAPITAL HOLDINGS OPC (1.4m)
[S209 revert] ok=true [S209] reverted=0 skipped=49 errors=0
  ✘  24 [chromium] › tests\e2e\specs\s209-all-stores.spec.ts:179:9 › S209 — 49-store happy chain › happy chain — ROBINSONS GENERAL TRIAS - BEBANG MEGA INC. (1.8m)
[S209 preflight] [S209] total=49 mutated=0 already_set=49 snapshot=F:\Dropbox\Projects\BEI-ERP\output\l3\s209\area_access_snapshot.json
[S209 revert] ok=true [S209] reverted=0 skipped=49 errors=0
  ✘  25 [chromium] › tests\e2e\specs\s209-all-stores.spec.ts:179:9 › S209 — 49-store happy chain › happy chain — ROBINSONS GENERAL TRIAS - BEBANG MEGA INC. (retry #1) (1.8m)
[S209 preflight] [S209] total=49 mutated=0 already_set=49 snapshot=F:\Dropbox\Projects\BEI-ERP\output\l3\s209\area_access_snapshot.json
[S209 revert] ok=true [S209] reverted=0 skipped=49 errors=0
  ✘  26 [chromium] › tests\e2e\specs\s209-all-stores.spec.ts:179:9 › S209 — 49-store happy chain › happy chain — ROBINSONS IMUS - BEBANG MEGA INC. (1.8m)
[S209 preflight] [S209] total=49 mutated=0 already_set=49 snapshot=F:\Dropbox\Projects\BEI-ERP\output\l3\s209\area_access_snapshot.json
[S209 revert] ok=true [S209] reverted=0 skipped=49 errors=0
  ✘  27 [chromium] › tests\e2e\specs\s209-all-stores.spec.ts:179:9 › S209 — 49-store happy chain › happy chain — ROBINSONS IMUS - BEBANG MEGA INC. (retry #1) (1.8m)
[S209 preflight] [S209] total=49 mutated=0 already_set=49 snapshot=F:\Dropbox\Projects\BEI-ERP\output\l3\s209\area_access_snapshot.json
  ✓  28 [chromium] › tests\e2e\specs\s209-all-stores.spec.ts:179:9 › S209 — 49-store happy chain › happy chain — ROBINSONS PLACE DASMARINAS - FREEZE DELIGHT INC. (1.3m)
  ✓  29 [chromium] › tests\e2e\specs\s209-all-stores.spec.ts:179:9 › S209 — 49-store happy chain › happy chain — SM BICUTAN - BEBANG SM BICUTAN INC. (1.5m)
  ✓  30 [chromium] › tests\e2e\specs\s209-all-stores.spec.ts:179:9 › S209 — 49-store happy chain › happy chain — SM CALOOCAN - TAJ FOOD CORP. (1.3m)
  ✓  31 [chromium] › tests\e2e\specs\s209-all-stores.spec.ts:179:9 › S209 — 49-store happy chain › happy chain — SM CLARK - RED TALDAWA FOODS OPC (1.3m)
  ✓  32 [chromium] › tests\e2e\specs\s209-all-stores.spec.ts:179:9 › S209 — 49-store happy chain › happy chain — SM EAST ORTIGAS - BEBANG SMEO INC. (1.3m)
  ✓  33 [chromium] › tests\e2e\specs\s209-all-stores.spec.ts:179:9 › S209 — 49-store happy chain › happy chain — SM GRAND CENTRAL - BEBANG GRAND CENTRAL INC. (1.3m)
  ✓  34 [chromium] › tests\e2e\specs\s209-all-stores.spec.ts:179:9 › S209 — 49-store happy chain › happy chain — SM MALL OF ASIA - BEBANG SMOA INC. (1.3m)
  ✓  35 [chromium] › tests\e2e\specs\s209-all-stores.spec.ts:179:9 › S209 — 49-store happy chain › happy chain — SM MANILA - BEBANG ENTERPRISE INC. (1.5m)
  ✓  36 [chromium] › tests\e2e\specs\s209-all-stores.spec.ts:179:9 › S209 — 49-store happy chain › happy chain — SM MARIKINA - BEBANG SM MARIKINA INC. (1.3m)
  ✓  37 [chromium] › tests\e2e\specs\s209-all-stores.spec.ts:179:9 › S209 — 49-store happy chain › happy chain — SM MARILAO - BEBANG MARILAO INC. (1.5m)
  ✓  38 [chromium] › tests\e2e\specs\s209-all-stores.spec.ts:179:9 › S209 — 49-store happy chain › happy chain — SM MEGAMALL - BEBANG ENTERPRISE INC. (1.3m)
  ✓  39 [chromium] › tests\e2e\specs\s209-all-stores.spec.ts:179:9 › S209 — 49-store happy chain › happy chain — SM NORTH EDSA - BEBANG NORTH EDSA INC. (1.3m)
  ✓  40 [chromium] › tests\e2e\specs\s209-all-stores.spec.ts:179:9 › S209 — 49-store happy chain › happy chain — SM PULILAN - BEBANG SMM INC. (1.2m)
  ✓  41 [chromium] › tests\e2e\specs\s209-all-stores.spec.ts:179:9 › S209 — 49-store happy chain › happy chain — SM SAN JOSE DEL MONTE - JL TRADE OPC (1.3m)
  ✓  42 [chromium] › tests\e2e\specs\s209-all-stores.spec.ts:179:9 › S209 — 49-store happy chain › happy chain — SM SANGANDAAN - TUNGSTEN CAPITAL HOLDINGS OPC (1.2m)
  ✓  43 [chromium] › tests\e2e\specs\s209-all-stores.spec.ts:179:9 › S209 — 49-store happy chain › happy chain — SM SOUTHMALL - BEBANG ENTERPRISE INC. (1.2m)
  ✓  44 [chromium] › tests\e2e\specs\s209-all-stores.spec.ts:179:9 › S209 — 49-store happy chain › happy chain — SM STA. ROSA - SWEET HARMONY FOOD CORP. (1.2m)
  ✓  45 [chromium] › tests\e2e\specs\s209-all-stores.spec.ts:179:9 › S209 — 49-store happy chain › happy chain — SM TANZA - BEBANG MEGA INC. (1.8m)
  ✓  46 [chromium] › tests\e2e\specs\s209-all-stores.spec.ts:179:9 › S209 — 49-store happy chain › happy chain — SM TAYTAY - DAY ONES FOOD AND DRINK ESTABLISHMENTS CORP. (1.3m)
  ✓  47 [chromium] › tests\e2e\specs\s209-all-stores.spec.ts:179:9 › S209 — 49-store happy chain › happy chain — SM VALENZUELA - BEBANG SMV INC. (1.3m)
  ✓  48 [chromium] › tests\e2e\specs\s209-all-stores.spec.ts:179:9 › S209 — 49-store happy chain › happy chain — STA. LUCIA EAST GRAND MALL - BEBANG SM MARIKINA INC. (1.3m)
  ✓  49 [chromium] › tests\e2e\specs\s209-all-stores.spec.ts:179:9 › S209 — 49-store happy chain › happy chain — THE GRID ROCKWELL - TASTECARTEL CORP. (1.3m)
  ✓  50 [chromium] › tests\e2e\specs\s209-all-stores.spec.ts:179:9 › S209 — 49-store happy chain › happy chain — THE TERMINAL - BEBANG STARMALL ALABANG INC. (1.3m)
  ✓  51 [chromium] › tests\e2e\specs\s209-all-stores.spec.ts:179:9 › S209 — 49-store happy chain › happy chain — UP TOWN MALL BGC - DMD HOLDINGS INC. (1.3m)
  ✓  52 [chromium] › tests\e2e\specs\s209-all-stores.spec.ts:179:9 › S209 — 49-store happy chain › happy chain — VISTA MALL TAGUIG - TRICERN FOOD CORP. (1.3m)
[S209 revert] ok=true [S209] reverted=0 skipped=49 errors=0
  ✓  53 [chromium] › tests\e2e\specs\s209-all-stores.spec.ts:179:9 › S209 — 49-store happy chain › happy chain — XENTROMALL MONTALBAN - PERPETUAL FOOD CORP. (1.5m)


  1) [chromium] › tests\e2e\specs\s209-all-stores.spec.ts:179:9 › S209 — 49-store happy chain › happy chain — AYALA VERMOSA - BEBANG MEGA INC. 

    Error: DispatchPage: dispatch did not register for MAT-MR-2026-01086 within 30s (status=Ordered, per_transferred=undefined)

       at pages\DispatchPage.ts:194

      192 |     }
      193 |     await this.waitForToast(/dispatched|transfer created|success/i).catch(() => {
    > 194 |       throw new Error(
          |             ^
      195 |         `DispatchPage: dispatch did not register for ${mrName} within 30s ` +
      196 |           `(status=${lastSnap.status}, per_transferred=${lastSnap.per_transferred})`
      197 |       );
        at F:\Dropbox\Projects\bei-tasks-s235-post-deploy\tests\e2e\pages\DispatchPage.ts:194:13
        at DispatchPage.dispatch (F:\Dropbox\Projects\bei-tasks-s235-post-deploy\tests\e2e\pages\DispatchPage.ts:193:5)
        at F:\Dropbox\Projects\bei-tasks-s235-post-deploy\tests\e2e\specs\s209-all-stores.spec.ts:259:9

    Error: apiRequestContext._wrapApiCall: ENOENT: no such file or directory, open 'C:\Users\Sam\AppData\Local\Temp\bei-pw-artifacts\.playwright-artifacts-0\traces\e2b9aefb01f92c1386a8-c8141949576d2a8fa3f2-recording3.trace'

    Error: apiRequestContext._wrapApiCall: ENOENT: no such file or directory, open 'C:\Users\Sam\AppData\Local\Temp\bei-pw-artifacts\.playwright-artifacts-0\traces\e2b9aefb01f92c1386a8-c8141949576d2a8fa3f2-recording3.trace'

    attachment #1: trace (application/zip) ─────────────────────────────────────────────────────────
    C:\Users\Sam\AppData\Local\Temp\bei-pw-artifacts\specs-s209-all-stores-S209-b5607--VERMOSA---BEBANG-MEGA-INC--chromium\trace.zip
    Usage:

        npx playwright show-trace C:\Users\Sam\AppData\Local\Temp\bei-pw-artifacts\specs-s209-all-stores-S209-b5607--VERMOSA---BEBANG-MEGA-INC--chromium\trace.zip

    ────────────────────────────────────────────────────────────────────────────────────────────────

    Retry #1 ───────────────────────────────────────────────────────────────────────────────────────

    Error: DispatchPage: dispatch did not register for MAT-MR-2026-01087 within 30s (status=Ordered, per_transferred=undefined)

       at pages\DispatchPage.ts:194

      192 |     }
      193 |     await this.waitForToast(/dispatched|transfer created|success/i).catch(() => {
    > 194 |       throw new Error(
          |             ^
      195 |         `DispatchPage: dispatch did not register for ${mrName} within 30s ` +
      196 |           `(status=${lastSnap.status}, per_transferred=${lastSnap.per_transferred})`
      197 |       );
        at F:\Dropbox\Projects\bei-tasks-s235-post-deploy\tests\e2e\pages\DispatchPage.ts:194:13
        at DispatchPage.dispatch (F:\Dropbox\Projects\bei-tasks-s235-post-deploy\tests\e2e\pages\DispatchPage.ts:193:5)
        at F:\Dropbox\Projects\bei-tasks-s235-post-deploy\tests\e2e\specs\s209-all-stores.spec.ts:259:9

    Error Context: C:\Users\Sam\AppData\Local\Temp\bei-pw-artifacts\specs-s209-all-stores-S209-b5607--VERMOSA---BEBANG-MEGA-INC--chromium-retry1\error-context.md

    attachment #2: trace (application/zip) ─────────────────────────────────────────────────────────
    C:\Users\Sam\AppData\Local\Temp\bei-pw-artifacts\specs-s209-all-stores-S209-b5607--VERMOSA---BEBANG-MEGA-INC--chromium-retry1\trace.zip
    Usage:

        npx playwright show-trace C:\Users\Sam\AppData\Local\Temp\bei-pw-artifacts\specs-s209-all-stores-S209-b5607--VERMOSA---BEBANG-MEGA-INC--chromium-retry1\trace.zip

    ────────────────────────────────────────────────────────────────────────────────────────────────

  2) [chromium] › tests\e2e\specs\s209-all-stores.spec.ts:179:9 › S209 — 49-store happy chain › happy chain — MEGAWORLD PASEO CENTER - BEBANG PASEO INC. 

    Error: DispatchPage: dispatch did not register for MAT-MR-2026-01095 within 30s (status=Ordered, per_transferred=undefined)

       at pages\DispatchPage.ts:194

      192 |     }
      193 |     await this.waitForToast(/dispatched|transfer created|success/i).catch(() => {
    > 194 |       throw new Error(
          |             ^
      195 |         `DispatchPage: dispatch did not register for ${mrName} within 30s ` +
      196 |           `(status=${lastSnap.status}, per_transferred=${lastSnap.per_transferred})`
      197 |       );
        at F:\Dropbox\Projects\bei-tasks-s235-post-deploy\tests\e2e\pages\DispatchPage.ts:194:13
        at DispatchPage.dispatch (F:\Dropbox\Projects\bei-tasks-s235-post-deploy\tests\e2e\pages\DispatchPage.ts:193:5)
        at F:\Dropbox\Projects\bei-tasks-s235-post-deploy\tests\e2e\specs\s209-all-stores.spec.ts:259:9

    Error Context: C:\Users\Sam\AppData\Local\Temp\bei-pw-artifacts\specs-s209-all-stores-S209-6b848--CENTER---BEBANG-PASEO-INC--chromium\error-context.md

    attachment #2: trace (application/zip) ─────────────────────────────────────────────────────────
    C:\Users\Sam\AppData\Local\Temp\bei-pw-artifacts\specs-s209-all-stores-S209-6b848--CENTER---BEBANG-PASEO-INC--chromium\trace.zip
    Usage:

        npx playwright show-trace C:\Users\Sam\AppData\Local\Temp\bei-pw-artifacts\specs-s209-all-stores-S209-6b848--CENTER---BEBANG-PASEO-INC--chromium\trace.zip

    ────────────────────────────────────────────────────────────────────────────────────────────────

    Retry #1 ───────────────────────────────────────────────────────────────────────────────────────

    Error: DispatchPage: dispatch did not register for MAT-MR-2026-01096 within 30s (status=Ordered, per_transferred=undefined)

       at pages\DispatchPage.ts:194

      192 |     }
      193 |     await this.waitForToast(/dispatched|transfer created|success/i).catch(() => {
    > 194 |       throw new Error(
          |             ^
      195 |         `DispatchPage: dispatch did not register for ${mrName} within 30s ` +
      196 |           `(status=${lastSnap.status}, per_transferred=${lastSnap.per_transferred})`
      197 |       );
        at F:\Dropbox\Projects\bei-tasks-s235-post-deploy\tests\e2e\pages\DispatchPage.ts:194:13
        at DispatchPage.dispatch (F:\Dropbox\Projects\bei-tasks-s235-post-deploy\tests\e2e\pages\DispatchPage.ts:193:5)
        at F:\Dropbox\Projects\bei-tasks-s235-post-deploy\tests\e2e\specs\s209-all-stores.spec.ts:259:9

    Error Context: C:\Users\Sam\AppData\Local\Temp\bei-pw-artifacts\specs-s209-all-stores-S209-6b848--CENTER---BEBANG-PASEO-INC--chromium-retry1\error-context.md

    attachment #2: trace (application/zip) ─────────────────────────────────────────────────────────
    C:\Users\Sam\AppData\Local\Temp\bei-pw-artifacts\specs-s209-all-stores-S209-6b848--CENTER---BEBANG-PASEO-INC--chromium-retry1\trace.zip
    Usage:

        npx playwright show-trace C:\Users\Sam\AppData\Local\Temp\bei-pw-artifacts\specs-s209-all-stores-S209-6b848--CENTER---BEBANG-PASEO-INC--chromium-retry1\trace.zip

    ────────────────────────────────────────────────────────────────────────────────────────────────

  3) [chromium] › tests\e2e\specs\s209-all-stores.spec.ts:179:9 › S209 — 49-store happy chain › happy chain — ROBINSONS GENERAL TRIAS - BEBANG MEGA INC. 

    Error: DispatchPage: dispatch did not register for MAT-MR-2026-01103 within 30s (status=Ordered, per_transferred=undefined)

       at pages\DispatchPage.ts:194

      192 |     }
      193 |     await this.waitForToast(/dispatched|transfer created|success/i).catch(() => {
    > 194 |       throw new Error(
          |             ^
      195 |         `DispatchPage: dispatch did not register for ${mrName} within 30s ` +
      196 |           `(status=${lastSnap.status}, per_transferred=${lastSnap.per_transferred})`
      197 |       );
        at F:\Dropbox\Projects\bei-tasks-s235-post-deploy\tests\e2e\pages\DispatchPage.ts:194:13
        at DispatchPage.dispatch (F:\Dropbox\Projects\bei-tasks-s235-post-deploy\tests\e2e\pages\DispatchPage.ts:193:5)
        at F:\Dropbox\Projects\bei-tasks-s235-post-deploy\tests\e2e\specs\s209-all-stores.spec.ts:259:9

    Error Context: C:\Users\Sam\AppData\Local\Temp\bei-pw-artifacts\specs-s209-all-stores-S209-694e2-AL-TRIAS---BEBANG-MEGA-INC--chromium\error-context.md

    attachment #2: trace (application/zip) ─────────────────────────────────────────────────────────
    C:\Users\Sam\AppData\Local\Temp\bei-pw-artifacts\specs-s209-all-stores-S209-694e2-AL-TRIAS---BEBANG-MEGA-INC--chromium\trace.zip
    Usage:

        npx playwright show-trace C:\Users\Sam\AppData\Local\Temp\bei-pw-artifacts\specs-s209-all-stores-S209-694e2-AL-TRIAS---BEBANG-MEGA-INC--chromium\trace.zip

    ────────────────────────────────────────────────────────────────────────────────────────────────

    Retry #1 ───────────────────────────────────────────────────────────────────────────────────────

    Error: DispatchPage: dispatch did not register for MAT-MR-2026-01104 within 30s (status=Ordered, per_transferred=undefined)

       at pages\DispatchPage.ts:194

      192 |     }
      193 |     await this.waitForToast(/dispatched|transfer created|success/i).catch(() => {
    > 194 |       throw new Error(
          |             ^
      195 |         `DispatchPage: dispatch did not register for ${mrName} within 30s ` +
      196 |           `(status=${lastSnap.status}, per_transferred=${lastSnap.per_transferred})`
      197 |       );
        at F:\Dropbox\Projects\bei-tasks-s235-post-deploy\tests\e2e\pages\DispatchPage.ts:194:13
        at DispatchPage.dispatch (F:\Dropbox\Projects\bei-tasks-s235-post-deploy\tests\e2e\pages\DispatchPage.ts:193:5)
        at F:\Dropbox\Projects\bei-tasks-s235-post-deploy\tests\e2e\specs\s209-all-stores.spec.ts:259:9

    Error Context: C:\Users\Sam\AppData\Local\Temp\bei-pw-artifacts\specs-s209-all-stores-S209-694e2-AL-TRIAS---BEBANG-MEGA-INC--chromium-retry1\error-context.md

    attachment #2: trace (application/zip) ─────────────────────────────────────────────────────────
    C:\Users\Sam\AppData\Local\Temp\bei-pw-artifacts\specs-s209-all-stores-S209-694e2-AL-TRIAS---BEBANG-MEGA-INC--chromium-retry1\trace.zip
    Usage:

        npx playwright show-trace C:\Users\Sam\AppData\Local\Temp\bei-pw-artifacts\specs-s209-all-stores-S209-694e2-AL-TRIAS---BEBANG-MEGA-INC--chromium-retry1\trace.zip

    ────────────────────────────────────────────────────────────────────────────────────────────────

  4) [chromium] › tests\e2e\specs\s209-all-stores.spec.ts:179:9 › S209 — 49-store happy chain › happy chain — ROBINSONS IMUS - BEBANG MEGA INC. 

    Error: DispatchPage: dispatch did not register for MAT-MR-2026-01105 within 30s (status=Ordered, per_transferred=undefined)

       at pages\DispatchPage.ts:194

      192 |     }
      193 |     await this.waitForToast(/dispatched|transfer created|success/i).catch(() => {
    > 194 |       throw new Error(
          |             ^
      195 |         `DispatchPage: dispatch did not register for ${mrName} within 30s ` +
      196 |           `(status=${lastSnap.status}, per_transferred=${lastSnap.per_transferred})`
      197 |       );
        at F:\Dropbox\Projects\bei-tasks-s235-post-deploy\tests\e2e\pages\DispatchPage.ts:194:13
        at DispatchPage.dispatch (F:\Dropbox\Projects\bei-tasks-s235-post-deploy\tests\e2e\pages\DispatchPage.ts:193:5)
        at F:\Dropbox\Projects\bei-tasks-s235-post-deploy\tests\e2e\specs\s209-all-stores.spec.ts:259:9

    Error Context: C:\Users\Sam\AppData\Local\Temp\bei-pw-artifacts\specs-s209-all-stores-S209-2058c-ONS-IMUS---BEBANG-MEGA-INC--chromium\error-context.md

    attachment #2: trace (application/zip) ─────────────────────────────────────────────────────────
    C:\Users\Sam\AppData\Local\Temp\bei-pw-artifacts\specs-s209-all-stores-S209-2058c-ONS-IMUS---BEBANG-MEGA-INC--chromium\trace.zip
    Usage:

        npx playwright show-trace C:\Users\Sam\AppData\Local\Temp\bei-pw-artifacts\specs-s209-all-stores-S209-2058c-ONS-IMUS---BEBANG-MEGA-INC--chromium\trace.zip

    ────────────────────────────────────────────────────────────────────────────────────────────────

    Retry #1 ───────────────────────────────────────────────────────────────────────────────────────

    Error: DispatchPage: dispatch did not register for MAT-MR-2026-01106 within 30s (status=Ordered, per_transferred=undefined)

       at pages\DispatchPage.ts:194

      192 |     }
      193 |     await this.waitForToast(/dispatched|transfer created|success/i).catch(() => {
    > 194 |       throw new Error(
          |             ^
      195 |         `DispatchPage: dispatch did not register for ${mrName} within 30s ` +
      196 |           `(status=${lastSnap.status}, per_transferred=${lastSnap.per_transferred})`
      197 |       );
        at F:\Dropbox\Projects\bei-tasks-s235-post-deploy\tests\e2e\pages\DispatchPage.ts:194:13
        at DispatchPage.dispatch (F:\Dropbox\Projects\bei-tasks-s235-post-deploy\tests\e2e\pages\DispatchPage.ts:193:5)
        at F:\Dropbox\Projects\bei-tasks-s235-post-deploy\tests\e2e\specs\s209-all-stores.spec.ts:259:9

    Error Context: C:\Users\Sam\AppData\Local\Temp\bei-pw-artifacts\specs-s209-all-stores-S209-2058c-ONS-IMUS---BEBANG-MEGA-INC--chromium-retry1\error-context.md

    attachment #2: trace (application/zip) ─────────────────────────────────────────────────────────
    C:\Users\Sam\AppData\Local\Temp\bei-pw-artifacts\specs-s209-all-stores-S209-2058c-ONS-IMUS---BEBANG-MEGA-INC--chromium-retry1\trace.zip
    Usage:

        npx playwright show-trace C:\Users\Sam\AppData\Local\Temp\bei-pw-artifacts\specs-s209-all-stores-S209-2058c-ONS-IMUS---BEBANG-MEGA-INC--chromium-retry1\trace.zip

    ────────────────────────────────────────────────────────────────────────────────────────────────

  4 failed
    [chromium] › tests\e2e\specs\s209-all-stores.spec.ts:179:9 › S209 — 49-store happy chain › happy chain — AYALA VERMOSA - BEBANG MEGA INC. 
    [chromium] › tests\e2e\specs\s209-all-stores.spec.ts:179:9 › S209 — 49-store happy chain › happy chain — MEGAWORLD PASEO CENTER - BEBANG PASEO INC. 
    [chromium] › tests\e2e\specs\s209-all-stores.spec.ts:179:9 › S209 — 49-store happy chain › happy chain — ROBINSONS GENERAL TRIAS - BEBANG MEGA INC. 
    [chromium] › tests\e2e\specs\s209-all-stores.spec.ts:179:9 › S209 — 49-store happy chain › happy chain — ROBINSONS IMUS - BEBANG MEGA INC. 
  45 passed (1.3h)
