[2026-04-21T08:07:00] MONITOR START kill-same-fp=3 kill-pass-rate-below=0.5 kill-after-n=10 dry-run=False
[2026-04-21T08:07:00] STATUS completed=0 passes=0 fails=0 top_buckets=[]
[2026-04-21T08:07:38] STATUS completed=0 passes=0 fails=0 top_buckets=[]
[2026-04-21T08:08:10] STATUS completed=0 passes=0 fails=0 top_buckets=[]
[2026-04-21T08:08:40] STATUS completed=0 passes=1 fails=0 top_buckets=[]
[2026-04-21T08:09:11] STATUS completed=0 passes=1 fails=0 top_buckets=[]
[2026-04-21T08:09:45] STATUS completed=0 passes=1 fails=0 top_buckets=[]
[2026-04-21T08:10:22] STATUS completed=0 passes=1 fails=0 top_buckets=[('Sales Invoice for order <ORDER> (polled 30000ms, last=0)', 1)]
[2026-04-21T08:10:56] STATUS completed=0 passes=1 fails=0 top_buckets=[('Sales Invoice for order <ORDER> (polled 30000ms, last=0)', 1)]
[2026-04-21T08:11:28] STATUS completed=0 passes=1 fails=0 top_buckets=[('Sales Invoice for order <ORDER> (polled 30000ms, last=0)', 1)]
[2026-04-21T08:11:59] STATUS completed=0 passes=1 fails=0 top_buckets=[('Sales Invoice for order <ORDER> (polled 30000ms, last=0)', 1), ('Material Request for order <ORDER> (polled 30000ms, last=0)', 1)]
[2026-04-21T08:12:33] STATUS completed=0 passes=1 fails=0 top_buckets=[('Sales Invoice for order <ORDER> (polled 30000ms, last=0)', 1), ('Material Request for order <ORDER> (polled 30000ms, last=0)', 1)]
[2026-04-21T08:13:04] STATUS completed=0 passes=1 fails=0 top_buckets=[('Sales Invoice for order <ORDER> (polled 30000ms, last=0)', 1), ('Material Request for order <ORDER> (polled 30000ms, last=0)', 1)]
[2026-04-21T08:13:35] STATUS completed=0 passes=1 fails=0 top_buckets=[('Sales Invoice for order <ORDER> (polled 30000ms, last=0)', 1), ('Material Request for order <ORDER> (polled 30000ms, last=0)', 1)]
[2026-04-21T08:14:09] STATUS completed=0 passes=1 fails=0 top_buckets=[('Sales Invoice for order <ORDER> (polled 30000ms, last=0)', 1), ('Material Request for order <ORDER> (polled 30000ms, last=0)', 1), ('DispatchPage: dispatch did not register for <MR> within 30s (status=Ordered, per_transferred=undefined)', 1)]
[2026-04-21T08:14:43] STATUS completed=0 passes=1 fails=0 top_buckets=[('Sales Invoice for order <ORDER> (polled 30000ms, last=0)', 1), ('Material Request for order <ORDER> (polled 30000ms, last=0)', 1), ('DispatchPage: dispatch did not register for <MR> within 30s (status=Ordered, per_transferred=undefined)', 1)]
[2026-04-21T08:15:17] STATUS completed=0 passes=2 fails=0 top_buckets=[('Sales Invoice for order <ORDER> (polled 30000ms, last=0)', 1), ('Material Request for order <ORDER> (polled 30000ms, last=0)', 1), ('DispatchPage: dispatch did not register for <MR> within 30s (status=Ordered, per_transferred=undefined)', 1)]
[2026-04-21T08:15:49] STATUS completed=0 passes=2 fails=0 top_buckets=[('Sales Invoice for order <ORDER> (polled 30000ms, last=0)', 1), ('Material Request for order <ORDER> (polled 30000ms, last=0)', 1), ('DispatchPage: dispatch did not register for <MR> within 30s (status=Ordered, per_transferred=undefined)', 1)]
[2026-04-21T08:16:22] STATUS completed=0 passes=2 fails=0 top_buckets=[('DispatchPage: dispatch did not register for <MR> within 30s (status=Ordered, per_transferred=undefined)', 2), ('Sales Invoice for order <ORDER> (polled 30000ms, last=0)', 1), ('Material Request for order <ORDER> (polled 30000ms, last=0)', 1)]
[2026-04-21T08:16:53] STATUS completed=0 passes=2 fails=0 top_buckets=[('DispatchPage: dispatch did not register for <MR> within 30s (status=Ordered, per_transferred=undefined)', 2), ('Sales Invoice for order <ORDER> (polled 30000ms, last=0)', 1), ('Material Request for order <ORDER> (polled 30000ms, last=0)', 1)]
[2026-04-21T08:17:26] STATUS completed=0 passes=3 fails=0 top_buckets=[('DispatchPage: dispatch did not register for <MR> within 30s (status=Ordered, per_transferred=undefined)', 2), ('Sales Invoice for order <ORDER> (polled 30000ms, last=0)', 1), ('Material Request for order <ORDER> (polled 30000ms, last=0)', 1)]
[2026-04-21T08:17:58] STATUS completed=0 passes=3 fails=0 top_buckets=[('DispatchPage: dispatch did not register for <MR> within 30s (status=Ordered, per_transferred=undefined)', 2), ('Sales Invoice for order <ORDER> (polled 30000ms, last=0)', 1), ('Material Request for order <ORDER> (polled 30000ms, last=0)', 1)]
[2026-04-21T08:18:31] STATUS completed=0 passes=3 fails=0 top_buckets=[('DispatchPage: dispatch did not register for <MR> within 30s (status=Ordered, per_transferred=undefined)', 2), ('Sales Invoice for order <ORDER> (polled 30000ms, last=0)', 1), ('Material Request for order <ORDER> (polled 30000ms, last=0)', 1)]
[2026-04-21T08:19:05] KILL pid=1026196 reason=same-fingerprint=3 >= 3 | fp=DispatchPage: dispatch did not register for <MR> within 30s (status=Ordered, per_transferred=undefined)
