[2026-04-22T11:10:40] MONITOR START kill-same-fp=12 kill-pass-rate-below=0.3 kill-after-n=25 dry-run=False
[2026-04-22T11:10:40] STATUS completed=0 passes=0 fails=0 top_buckets=[]
[2026-04-22T11:11:12] STATUS completed=0 passes=0 fails=0 top_buckets=[]
[2026-04-22T11:11:44] STATUS completed=0 passes=0 fails=0 top_buckets=[]
[2026-04-22T11:12:16] STATUS completed=0 passes=1 fails=0 top_buckets=[]
[2026-04-22T11:12:47] STATUS completed=0 passes=1 fails=0 top_buckets=[]
[2026-04-22T11:13:19] STATUS completed=0 passes=2 fails=0 top_buckets=[]
[2026-04-22T11:13:51] STATUS completed=0 passes=2 fails=0 top_buckets=[]
[2026-04-22T11:14:22] STATUS completed=0 passes=2 fails=0 top_buckets=[]
[2026-04-22T11:14:53] STATUS completed=0 passes=2 fails=0 top_buckets=[('locator.waitFor: Timeout 30000ms exceeded.', 1)]
[2026-04-22T11:15:25] STATUS completed=0 passes=2 fails=0 top_buckets=[('locator.waitFor: Timeout 30000ms exceeded.', 1)]
[2026-04-22T11:15:56] STATUS completed=0 passes=2 fails=0 top_buckets=[('locator.waitFor: Timeout 30000ms exceeded.', 1)]
[2026-04-22T11:16:28] STATUS completed=0 passes=2 fails=0 top_buckets=[('locator.waitFor: Timeout 30000ms exceeded.', 1), ('DispatchPage: dispatch did not register for <MR> within 30s (status=Ordered, per_transferred=undefined)', 1)]
[2026-04-22T11:16:59] STATUS completed=0 passes=2 fails=0 top_buckets=[('locator.waitFor: Timeout 30000ms exceeded.', 1), ('DispatchPage: dispatch did not register for <MR> within 30s (status=Ordered, per_transferred=undefined)', 1)]
[2026-04-22T11:17:31] STATUS completed=0 passes=3 fails=0 top_buckets=[('locator.waitFor: Timeout 30000ms exceeded.', 1), ('DispatchPage: dispatch did not register for <MR> within 30s (status=Ordered, per_transferred=undefined)', 1)]
[2026-04-22T11:18:02] STATUS completed=0 passes=3 fails=0 top_buckets=[('locator.waitFor: Timeout 30000ms exceeded.', 1), ('DispatchPage: dispatch did not register for <MR> within 30s (status=Ordered, per_transferred=undefined)', 1)]
[2026-04-22T11:18:34] STATUS completed=0 passes=3 fails=0 top_buckets=[('locator.waitFor: Timeout 30000ms exceeded.', 1), ('DispatchPage: dispatch did not register for <MR> within 30s (status=Ordered, per_transferred=undefined)', 1)]
[2026-04-22T11:19:05] STATUS completed=0 passes=3 fails=0 top_buckets=[('locator.waitFor: Timeout 30000ms exceeded.', 1), ('DispatchPage: dispatch did not register for <MR> within 30s (status=Ordered, per_transferred=undefined)', 1), ('WarehouseApprovalPage: Approve button for <MR> not visible after reload', 1)]
[2026-04-22T11:19:37] STATUS completed=0 passes=3 fails=0 top_buckets=[('locator.waitFor: Timeout 30000ms exceeded.', 1), ('DispatchPage: dispatch did not register for <MR> within 30s (status=Ordered, per_transferred=undefined)', 1), ('WarehouseApprovalPage: Approve button for <MR> not visible after reload', 1)]
[2026-04-22T11:20:08] STATUS completed=0 passes=4 fails=0 top_buckets=[('locator.waitFor: Timeout 30000ms exceeded.', 1), ('DispatchPage: dispatch did not register for <MR> within 30s (status=Ordered, per_transferred=undefined)', 1), ('WarehouseApprovalPage: Approve button for <MR> not visible after reload', 1)]
[2026-04-22T11:20:40] STATUS completed=0 passes=4 fails=0 top_buckets=[('locator.waitFor: Timeout 30000ms exceeded.', 1), ('DispatchPage: dispatch did not register for <MR> within 30s (status=Ordered, per_transferred=undefined)', 1), ('WarehouseApprovalPage: Approve button for <MR> not visible after reload', 1)]
[2026-04-22T11:21:11] STATUS completed=0 passes=4 fails=0 top_buckets=[('locator.waitFor: Timeout 30000ms exceeded.', 1), ('DispatchPage: dispatch did not register for <MR> within 30s (status=Ordered, per_transferred=undefined)', 1), ('WarehouseApprovalPage: Approve button for <MR> not visible after reload', 1)]
[2026-04-22T11:21:43] STATUS completed=0 passes=4 fails=0 top_buckets=[('DispatchPage: dispatch did not register for <MR> within 30s (status=Ordered, per_transferred=undefined)', 2), ('locator.waitFor: Timeout 30000ms exceeded.', 1), ('WarehouseApprovalPage: Approve button for <MR> not visible after reload', 1)]
[2026-04-22T11:22:14] STATUS completed=0 passes=4 fails=0 top_buckets=[('DispatchPage: dispatch did not register for <MR> within 30s (status=Ordered, per_transferred=undefined)', 2), ('locator.waitFor: Timeout 30000ms exceeded.', 1), ('WarehouseApprovalPage: Approve button for <MR> not visible after reload', 1)]
[2026-04-22T11:22:46] STATUS completed=0 passes=5 fails=0 top_buckets=[('DispatchPage: dispatch did not register for <MR> within 30s (status=Ordered, per_transferred=undefined)', 2), ('locator.waitFor: Timeout 30000ms exceeded.', 1), ('WarehouseApprovalPage: Approve button for <MR> not visible after reload', 1)]
[2026-04-22T11:23:17] STATUS completed=0 passes=5 fails=0 top_buckets=[('DispatchPage: dispatch did not register for <MR> within 30s (status=Ordered, per_transferred=undefined)', 2), ('locator.waitFor: Timeout 30000ms exceeded.', 1), ('WarehouseApprovalPage: Approve button for <MR> not visible after reload', 1)]
[2026-04-22T11:23:49] STATUS completed=0 passes=6 fails=0 top_buckets=[('DispatchPage: dispatch did not register for <MR> within 30s (status=Ordered, per_transferred=undefined)', 2), ('locator.waitFor: Timeout 30000ms exceeded.', 1), ('WarehouseApprovalPage: Approve button for <MR> not visible after reload', 1)]
[2026-04-22T11:24:20] STATUS completed=0 passes=6 fails=0 top_buckets=[('DispatchPage: dispatch did not register for <MR> within 30s (status=Ordered, per_transferred=undefined)', 2), ('locator.waitFor: Timeout 30000ms exceeded.', 1), ('WarehouseApprovalPage: Approve button for <MR> not visible after reload', 1)]
[2026-04-22T11:24:52] STATUS completed=0 passes=6 fails=0 top_buckets=[('DispatchPage: dispatch did not register for <MR> within 30s (status=Ordered, per_transferred=undefined)', 2), ('locator.waitFor: Timeout 30000ms exceeded.', 1), ('WarehouseApprovalPage: Approve button for <MR> not visible after reload', 1)]
[2026-04-22T11:25:23] STATUS completed=0 passes=6 fails=0 top_buckets=[('locator.waitFor: Timeout 30000ms exceeded.', 2), ('DispatchPage: dispatch did not register for <MR> within 30s (status=Ordered, per_transferred=undefined)', 2), ('WarehouseApprovalPage: Approve button for <MR> not visible after reload', 1)]
[2026-04-22T11:25:55] STATUS completed=0 passes=6 fails=0 top_buckets=[('locator.waitFor: Timeout 30000ms exceeded.', 2), ('DispatchPage: dispatch did not register for <MR> within 30s (status=Ordered, per_transferred=undefined)', 2), ('WarehouseApprovalPage: Approve button for <MR> not visible after reload', 1)]
[2026-04-22T11:26:26] STATUS completed=0 passes=7 fails=0 top_buckets=[('locator.waitFor: Timeout 30000ms exceeded.', 2), ('DispatchPage: dispatch did not register for <MR> within 30s (status=Ordered, per_transferred=undefined)', 2), ('WarehouseApprovalPage: Approve button for <MR> not visible after reload', 1)]
[2026-04-22T11:26:58] STATUS completed=0 passes=7 fails=0 top_buckets=[('locator.waitFor: Timeout 30000ms exceeded.', 2), ('DispatchPage: dispatch did not register for <MR> within 30s (status=Ordered, per_transferred=undefined)', 2), ('WarehouseApprovalPage: Approve button for <MR> not visible after reload', 1)]
[2026-04-22T11:27:29] STATUS completed=0 passes=7 fails=0 top_buckets=[('locator.waitFor: Timeout 30000ms exceeded.', 2), ('DispatchPage: dispatch did not register for <MR> within 30s (status=Ordered, per_transferred=undefined)', 2), ('WarehouseApprovalPage: Approve button for <MR> not visible after reload', 1)]
[2026-04-22T11:28:01] STATUS completed=0 passes=7 fails=0 top_buckets=[('locator.waitFor: Timeout 30000ms exceeded.', 3), ('DispatchPage: dispatch did not register for <MR> within 30s (status=Ordered, per_transferred=undefined)', 2), ('WarehouseApprovalPage: Approve button for <MR> not visible after reload', 1)]
[2026-04-22T11:28:32] STATUS completed=0 passes=7 fails=0 top_buckets=[('locator.waitFor: Timeout 30000ms exceeded.', 3), ('DispatchPage: dispatch did not register for <MR> within 30s (status=Ordered, per_transferred=undefined)', 2), ('WarehouseApprovalPage: Approve button for <MR> not visible after reload', 1)]
[2026-04-22T11:29:04] STATUS completed=0 passes=8 fails=0 top_buckets=[('locator.waitFor: Timeout 30000ms exceeded.', 3), ('DispatchPage: dispatch did not register for <MR> within 30s (status=Ordered, per_transferred=undefined)', 2), ('WarehouseApprovalPage: Approve button for <MR> not visible after reload', 1)]
[2026-04-22T11:29:35] STATUS completed=0 passes=8 fails=0 top_buckets=[('locator.waitFor: Timeout 30000ms exceeded.', 3), ('DispatchPage: dispatch did not register for <MR> within 30s (status=Ordered, per_transferred=undefined)', 2), ('WarehouseApprovalPage: Approve button for <MR> not visible after reload', 1)]
[2026-04-22T11:30:07] STATUS completed=0 passes=8 fails=0 top_buckets=[('locator.waitFor: Timeout 30000ms exceeded.', 3), ('DispatchPage: dispatch did not register for <MR> within 30s (status=Ordered, per_transferred=undefined)', 2), ('WarehouseApprovalPage: Approve button for <MR> not visible after reload', 1)]
[2026-04-22T11:30:39] STATUS completed=0 passes=8 fails=0 top_buckets=[('locator.waitFor: Timeout 30000ms exceeded.', 4), ('DispatchPage: dispatch did not register for <MR> within 30s (status=Ordered, per_transferred=undefined)', 2), ('WarehouseApprovalPage: Approve button for <MR> not visible after reload', 1)]
[2026-04-22T11:31:10] STATUS completed=0 passes=8 fails=0 top_buckets=[('locator.waitFor: Timeout 30000ms exceeded.', 4), ('DispatchPage: dispatch did not register for <MR> within 30s (status=Ordered, per_transferred=undefined)', 2), ('WarehouseApprovalPage: Approve button for <MR> not visible after reload', 1)]
[2026-04-22T11:31:42] STATUS completed=0 passes=8 fails=0 top_buckets=[('locator.waitFor: Timeout 30000ms exceeded.', 4), ('DispatchPage: dispatch did not register for <MR> within 30s (status=Ordered, per_transferred=undefined)', 2), ('WarehouseApprovalPage: Approve button for <MR> not visible after reload', 1)]
[2026-04-22T11:32:13] STATUS completed=0 passes=8 fails=0 top_buckets=[('locator.waitFor: Timeout 30000ms exceeded.', 5), ('DispatchPage: dispatch did not register for <MR> within 30s (status=Ordered, per_transferred=undefined)', 2), ('WarehouseApprovalPage: Approve button for <MR> not visible after reload', 1)]
[2026-04-22T11:32:44] STATUS completed=0 passes=8 fails=0 top_buckets=[('locator.waitFor: Timeout 30000ms exceeded.', 5), ('DispatchPage: dispatch did not register for <MR> within 30s (status=Ordered, per_transferred=undefined)', 2), ('WarehouseApprovalPage: Approve button for <MR> not visible after reload', 1)]
[2026-04-22T11:33:16] STATUS completed=0 passes=8 fails=0 top_buckets=[('locator.waitFor: Timeout 30000ms exceeded.', 5), ('DispatchPage: dispatch did not register for <MR> within 30s (status=Ordered, per_transferred=undefined)', 2), ('WarehouseApprovalPage: Approve button for <MR> not visible after reload', 1)]
[2026-04-22T11:33:48] STATUS completed=0 passes=8 fails=0 top_buckets=[('locator.waitFor: Timeout 30000ms exceeded.', 5), ('DispatchPage: dispatch did not register for <MR> within 30s (status=Ordered, per_transferred=undefined)', 2), ('WarehouseApprovalPage: Approve button for <MR> not visible after reload', 1)]
[2026-04-22T11:34:19] STATUS completed=0 passes=8 fails=0 top_buckets=[('locator.waitFor: Timeout 30000ms exceeded.', 5), ('DispatchPage: dispatch did not register for <MR> within 30s (status=Ordered, per_transferred=undefined)', 2), ('WarehouseApprovalPage: Approve button for <MR> not visible after reload', 1)]
[2026-04-22T11:34:51] STATUS completed=0 passes=8 fails=0 top_buckets=[('locator.waitFor: Timeout 30000ms exceeded.', 5), ('DispatchPage: dispatch did not register for <MR> within 30s (status=Ordered, per_transferred=undefined)', 2), ('WarehouseApprovalPage: Approve button for <MR> not visible after reload', 1)]
[2026-04-22T11:35:22] STATUS completed=0 passes=8 fails=0 top_buckets=[('locator.waitFor: Timeout 30000ms exceeded.', 5), ('DispatchPage: dispatch did not register for <MR> within 30s (status=Ordered, per_transferred=undefined)', 2), ('Material Request for order <ORDER> (polled 30000ms, last=0)', 2)]
[2026-04-22T11:35:54] STATUS completed=0 passes=8 fails=0 top_buckets=[('locator.waitFor: Timeout 30000ms exceeded.', 5), ('DispatchPage: dispatch did not register for <MR> within 30s (status=Ordered, per_transferred=undefined)', 2), ('Material Request for order <ORDER> (polled 30000ms, last=0)', 2)]
[2026-04-22T11:36:25] STATUS completed=0 passes=8 fails=0 top_buckets=[('locator.waitFor: Timeout 30000ms exceeded.', 5), ('DispatchPage: dispatch did not register for <MR> within 30s (status=Ordered, per_transferred=undefined)', 2), ('Material Request for order <ORDER> (polled 30000ms, last=0)', 2)]
[2026-04-22T11:36:57] STATUS completed=0 passes=8 fails=0 top_buckets=[('locator.waitFor: Timeout 30000ms exceeded.', 5), ('Material Request for order <ORDER> (polled 30000ms, last=0)', 3), ('DispatchPage: dispatch did not register for <MR> within 30s (status=Ordered, per_transferred=undefined)', 2)]
[2026-04-22T11:37:28] STATUS completed=0 passes=8 fails=0 top_buckets=[('locator.waitFor: Timeout 30000ms exceeded.', 5), ('Material Request for order <ORDER> (polled 30000ms, last=0)', 3), ('DispatchPage: dispatch did not register for <MR> within 30s (status=Ordered, per_transferred=undefined)', 2)]
[2026-04-22T11:38:00] STATUS completed=0 passes=9 fails=0 top_buckets=[('locator.waitFor: Timeout 30000ms exceeded.', 5), ('Material Request for order <ORDER> (polled 30000ms, last=0)', 3), ('DispatchPage: dispatch did not register for <MR> within 30s (status=Ordered, per_transferred=undefined)', 2)]
[2026-04-22T11:38:31] STATUS completed=0 passes=10 fails=0 top_buckets=[('locator.waitFor: Timeout 30000ms exceeded.', 5), ('Material Request for order <ORDER> (polled 30000ms, last=0)', 3), ('DispatchPage: dispatch did not register for <MR> within 30s (status=Ordered, per_transferred=undefined)', 2)]
[2026-04-22T11:39:03] STATUS completed=0 passes=10 fails=0 top_buckets=[('locator.waitFor: Timeout 30000ms exceeded.', 5), ('Material Request for order <ORDER> (polled 30000ms, last=0)', 3), ('DispatchPage: dispatch did not register for <MR> within 30s (status=Ordered, per_transferred=undefined)', 2)]
[2026-04-22T11:39:34] STATUS completed=0 passes=11 fails=0 top_buckets=[('locator.waitFor: Timeout 30000ms exceeded.', 5), ('Material Request for order <ORDER> (polled 30000ms, last=0)', 3), ('DispatchPage: dispatch did not register for <MR> within 30s (status=Ordered, per_transferred=undefined)', 2)]
[2026-04-22T11:40:06] STATUS completed=0 passes=11 fails=0 top_buckets=[('locator.waitFor: Timeout 30000ms exceeded.', 5), ('Material Request for order <ORDER> (polled 30000ms, last=0)', 3), ('DispatchPage: dispatch did not register for <MR> within 30s (status=Ordered, per_transferred=undefined)', 2)]
[2026-04-22T11:40:37] STATUS completed=0 passes=11 fails=0 top_buckets=[('locator.waitFor: Timeout 30000ms exceeded.', 5), ('Material Request for order <ORDER> (polled 30000ms, last=0)', 3), ('DispatchPage: dispatch did not register for <MR> within 30s (status=Ordered, per_transferred=undefined)', 2)]
[2026-04-22T11:41:09] STATUS completed=0 passes=11 fails=0 top_buckets=[('locator.waitFor: Timeout 30000ms exceeded.', 5), ('Material Request for order <ORDER> (polled 30000ms, last=0)', 3), ('DispatchPage: dispatch did not register for <MR> within 30s (status=Ordered, per_transferred=undefined)', 2)]
[2026-04-22T11:41:40] STATUS completed=0 passes=11 fails=0 top_buckets=[('locator.waitFor: Timeout 30000ms exceeded.', 5), ('DispatchPage: dispatch did not register for <MR> within 30s (status=Ordered, per_transferred=undefined)', 3), ('Material Request for order <ORDER> (polled 30000ms, last=0)', 3)]
[2026-04-22T11:42:12] STATUS completed=0 passes=11 fails=0 top_buckets=[('locator.waitFor: Timeout 30000ms exceeded.', 5), ('DispatchPage: dispatch did not register for <MR> within 30s (status=Ordered, per_transferred=undefined)', 3), ('Material Request for order <ORDER> (polled 30000ms, last=0)', 3)]
[2026-04-22T11:42:43] STATUS completed=0 passes=12 fails=0 top_buckets=[('locator.waitFor: Timeout 30000ms exceeded.', 5), ('DispatchPage: dispatch did not register for <MR> within 30s (status=Ordered, per_transferred=undefined)', 3), ('Material Request for order <ORDER> (polled 30000ms, last=0)', 3)]
[2026-04-22T11:43:15] STATUS completed=0 passes=13 fails=0 top_buckets=[('locator.waitFor: Timeout 30000ms exceeded.', 5), ('DispatchPage: dispatch did not register for <MR> within 30s (status=Ordered, per_transferred=undefined)', 3), ('Material Request for order <ORDER> (polled 30000ms, last=0)', 3)]
[2026-04-22T11:43:46] STATUS completed=0 passes=13 fails=0 top_buckets=[('locator.waitFor: Timeout 30000ms exceeded.', 5), ('DispatchPage: dispatch did not register for <MR> within 30s (status=Ordered, per_transferred=undefined)', 3), ('Material Request for order <ORDER> (polled 30000ms, last=0)', 3)]
[2026-04-22T11:44:18] STATUS completed=0 passes=14 fails=0 top_buckets=[('locator.waitFor: Timeout 30000ms exceeded.', 5), ('DispatchPage: dispatch did not register for <MR> within 30s (status=Ordered, per_transferred=undefined)', 3), ('Material Request for order <ORDER> (polled 30000ms, last=0)', 3)]
[2026-04-22T11:44:50] STATUS completed=0 passes=14 fails=0 top_buckets=[('locator.waitFor: Timeout 30000ms exceeded.', 5), ('DispatchPage: dispatch did not register for <MR> within 30s (status=Ordered, per_transferred=undefined)', 3), ('Material Request for order <ORDER> (polled 30000ms, last=0)', 3)]
[2026-04-22T11:45:21] STATUS completed=0 passes=14 fails=0 top_buckets=[('locator.waitFor: Timeout 30000ms exceeded.', 5), ('DispatchPage: dispatch did not register for <MR> within 30s (status=Ordered, per_transferred=undefined)', 3), ('Material Request for order <ORDER> (polled 30000ms, last=0)', 3)]
[2026-04-22T11:45:53] STATUS completed=0 passes=14 fails=0 top_buckets=[('locator.waitFor: Timeout 30000ms exceeded.', 5), ('DispatchPage: dispatch did not register for <MR> within 30s (status=Ordered, per_transferred=undefined)', 4), ('Material Request for order <ORDER> (polled 30000ms, last=0)', 3)]
[2026-04-22T11:46:24] STATUS completed=0 passes=14 fails=0 top_buckets=[('locator.waitFor: Timeout 30000ms exceeded.', 5), ('DispatchPage: dispatch did not register for <MR> within 30s (status=Ordered, per_transferred=undefined)', 4), ('Material Request for order <ORDER> (polled 30000ms, last=0)', 3)]
[2026-04-22T11:46:56] STATUS completed=0 passes=15 fails=0 top_buckets=[('locator.waitFor: Timeout 30000ms exceeded.', 5), ('DispatchPage: dispatch did not register for <MR> within 30s (status=Ordered, per_transferred=undefined)', 4), ('Material Request for order <ORDER> (polled 30000ms, last=0)', 3)]
[2026-04-22T11:47:27] STATUS completed=0 passes=15 fails=0 top_buckets=[('locator.waitFor: Timeout 30000ms exceeded.', 5), ('DispatchPage: dispatch did not register for <MR> within 30s (status=Ordered, per_transferred=undefined)', 4), ('Material Request for order <ORDER> (polled 30000ms, last=0)', 3)]
[2026-04-22T11:47:59] STATUS completed=0 passes=16 fails=0 top_buckets=[('locator.waitFor: Timeout 30000ms exceeded.', 5), ('DispatchPage: dispatch did not register for <MR> within 30s (status=Ordered, per_transferred=undefined)', 4), ('Material Request for order <ORDER> (polled 30000ms, last=0)', 3)]
[2026-04-22T11:48:31] STATUS completed=0 passes=16 fails=0 top_buckets=[('locator.waitFor: Timeout 30000ms exceeded.', 5), ('DispatchPage: dispatch did not register for <MR> within 30s (status=Ordered, per_transferred=undefined)', 4), ('Material Request for order <ORDER> (polled 30000ms, last=0)', 3)]
[2026-04-22T11:49:02] STATUS completed=0 passes=16 fails=0 top_buckets=[('locator.waitFor: Timeout 30000ms exceeded.', 5), ('DispatchPage: dispatch did not register for <MR> within 30s (status=Ordered, per_transferred=undefined)', 4), ('Material Request for order <ORDER> (polled 30000ms, last=0)', 3)]
[2026-04-22T11:49:34] STATUS completed=0 passes=16 fails=0 top_buckets=[('locator.waitFor: Timeout 30000ms exceeded.', 5), ('DispatchPage: dispatch did not register for <MR> within 30s (status=Ordered, per_transferred=undefined)', 5), ('Material Request for order <ORDER> (polled 30000ms, last=0)', 3)]
[2026-04-22T11:50:05] STATUS completed=0 passes=16 fails=0 top_buckets=[('locator.waitFor: Timeout 30000ms exceeded.', 5), ('DispatchPage: dispatch did not register for <MR> within 30s (status=Ordered, per_transferred=undefined)', 5), ('Material Request for order <ORDER> (polled 30000ms, last=0)', 3)]
[2026-04-22T11:50:37] STATUS completed=0 passes=17 fails=0 top_buckets=[('locator.waitFor: Timeout 30000ms exceeded.', 5), ('DispatchPage: dispatch did not register for <MR> within 30s (status=Ordered, per_transferred=undefined)', 5), ('Material Request for order <ORDER> (polled 30000ms, last=0)', 3)]
[2026-04-22T11:51:08] STATUS completed=0 passes=17 fails=0 top_buckets=[('locator.waitFor: Timeout 30000ms exceeded.', 5), ('DispatchPage: dispatch did not register for <MR> within 30s (status=Ordered, per_transferred=undefined)', 5), ('Material Request for order <ORDER> (polled 30000ms, last=0)', 3)]
[2026-04-22T11:51:40] STATUS completed=0 passes=18 fails=0 top_buckets=[('locator.waitFor: Timeout 30000ms exceeded.', 5), ('DispatchPage: dispatch did not register for <MR> within 30s (status=Ordered, per_transferred=undefined)', 5), ('Material Request for order <ORDER> (polled 30000ms, last=0)', 3)]
[2026-04-22T11:52:11] STATUS completed=0 passes=18 fails=0 top_buckets=[('locator.waitFor: Timeout 30000ms exceeded.', 5), ('DispatchPage: dispatch did not register for <MR> within 30s (status=Ordered, per_transferred=undefined)', 5), ('Material Request for order <ORDER> (polled 30000ms, last=0)', 3)]
[2026-04-22T11:52:43] STATUS completed=0 passes=19 fails=0 top_buckets=[('locator.waitFor: Timeout 30000ms exceeded.', 5), ('DispatchPage: dispatch did not register for <MR> within 30s (status=Ordered, per_transferred=undefined)', 5), ('Material Request for order <ORDER> (polled 30000ms, last=0)', 3)]
[2026-04-22T11:53:14] STATUS completed=0 passes=19 fails=0 top_buckets=[('locator.waitFor: Timeout 30000ms exceeded.', 5), ('DispatchPage: dispatch did not register for <MR> within 30s (status=Ordered, per_transferred=undefined)', 5), ('Material Request for order <ORDER> (polled 30000ms, last=0)', 3)]
[2026-04-22T11:53:46] STATUS completed=0 passes=20 fails=0 top_buckets=[('locator.waitFor: Timeout 30000ms exceeded.', 5), ('DispatchPage: dispatch did not register for <MR> within 30s (status=Ordered, per_transferred=undefined)', 5), ('Material Request for order <ORDER> (polled 30000ms, last=0)', 3)]
[2026-04-22T11:54:17] STATUS completed=0 passes=20 fails=0 top_buckets=[('locator.waitFor: Timeout 30000ms exceeded.', 5), ('DispatchPage: dispatch did not register for <MR> within 30s (status=Ordered, per_transferred=undefined)', 5), ('Material Request for order <ORDER> (polled 30000ms, last=0)', 3)]
[2026-04-22T11:54:49] STATUS completed=0 passes=21 fails=0 top_buckets=[('locator.waitFor: Timeout 30000ms exceeded.', 5), ('DispatchPage: dispatch did not register for <MR> within 30s (status=Ordered, per_transferred=undefined)', 5), ('Material Request for order <ORDER> (polled 30000ms, last=0)', 3)]
[2026-04-22T11:55:21] STATUS completed=0 passes=21 fails=0 top_buckets=[('locator.waitFor: Timeout 30000ms exceeded.', 5), ('DispatchPage: dispatch did not register for <MR> within 30s (status=Ordered, per_transferred=undefined)', 5), ('Material Request for order <ORDER> (polled 30000ms, last=0)', 3)]
[2026-04-22T11:55:52] STATUS completed=0 passes=22 fails=0 top_buckets=[('locator.waitFor: Timeout 30000ms exceeded.', 5), ('DispatchPage: dispatch did not register for <MR> within 30s (status=Ordered, per_transferred=undefined)', 5), ('Material Request for order <ORDER> (polled 30000ms, last=0)', 3)]
[2026-04-22T11:56:24] STATUS completed=0 passes=22 fails=0 top_buckets=[('locator.waitFor: Timeout 30000ms exceeded.', 5), ('DispatchPage: dispatch did not register for <MR> within 30s (status=Ordered, per_transferred=undefined)', 5), ('Material Request for order <ORDER> (polled 30000ms, last=0)', 3)]
[2026-04-22T11:56:55] STATUS completed=0 passes=23 fails=0 top_buckets=[('locator.waitFor: Timeout 30000ms exceeded.', 5), ('DispatchPage: dispatch did not register for <MR> within 30s (status=Ordered, per_transferred=undefined)', 5), ('Material Request for order <ORDER> (polled 30000ms, last=0)', 3)]
[2026-04-22T11:57:27] STATUS completed=0 passes=23 fails=0 top_buckets=[('locator.waitFor: Timeout 30000ms exceeded.', 5), ('DispatchPage: dispatch did not register for <MR> within 30s (status=Ordered, per_transferred=undefined)', 5), ('Material Request for order <ORDER> (polled 30000ms, last=0)', 3)]
[2026-04-22T11:57:58] STATUS completed=0 passes=23 fails=0 top_buckets=[('locator.waitFor: Timeout 30000ms exceeded.', 5), ('DispatchPage: dispatch did not register for <MR> within 30s (status=Ordered, per_transferred=undefined)', 5), ('Material Request for order <ORDER> (polled 30000ms, last=0)', 4)]
[2026-04-22T11:58:29] STATUS completed=0 passes=23 fails=0 top_buckets=[('locator.waitFor: Timeout 30000ms exceeded.', 5), ('DispatchPage: dispatch did not register for <MR> within 30s (status=Ordered, per_transferred=undefined)', 5), ('Material Request for order <ORDER> (polled 30000ms, last=0)', 4)]
[2026-04-22T11:59:01] STATUS completed=0 passes=24 fails=0 top_buckets=[('locator.waitFor: Timeout 30000ms exceeded.', 5), ('DispatchPage: dispatch did not register for <MR> within 30s (status=Ordered, per_transferred=undefined)', 5), ('Material Request for order <ORDER> (polled 30000ms, last=0)', 4)]
[2026-04-22T11:59:33] STATUS completed=0 passes=24 fails=0 top_buckets=[('locator.waitFor: Timeout 30000ms exceeded.', 5), ('DispatchPage: dispatch did not register for <MR> within 30s (status=Ordered, per_transferred=undefined)', 5), ('Material Request for order <ORDER> (polled 30000ms, last=0)', 4)]
[2026-04-22T12:00:04] STATUS completed=0 passes=25 fails=0 top_buckets=[('locator.waitFor: Timeout 30000ms exceeded.', 5), ('DispatchPage: dispatch did not register for <MR> within 30s (status=Ordered, per_transferred=undefined)', 5), ('Material Request for order <ORDER> (polled 30000ms, last=0)', 4)]
[2026-04-22T12:00:36] STATUS completed=0 passes=25 fails=0 top_buckets=[('locator.waitFor: Timeout 30000ms exceeded.', 5), ('DispatchPage: dispatch did not register for <MR> within 30s (status=Ordered, per_transferred=undefined)', 5), ('Material Request for order <ORDER> (polled 30000ms, last=0)', 4)]
[2026-04-22T12:01:07] STATUS completed=0 passes=26 fails=0 top_buckets=[('locator.waitFor: Timeout 30000ms exceeded.', 5), ('DispatchPage: dispatch did not register for <MR> within 30s (status=Ordered, per_transferred=undefined)', 5), ('Material Request for order <ORDER> (polled 30000ms, last=0)', 4)]
[2026-04-22T12:01:39] STATUS completed=0 passes=26 fails=0 top_buckets=[('locator.waitFor: Timeout 30000ms exceeded.', 5), ('DispatchPage: dispatch did not register for <MR> within 30s (status=Ordered, per_transferred=undefined)', 5), ('Material Request for order <ORDER> (polled 30000ms, last=0)', 4)]
[2026-04-22T12:02:11] STATUS completed=0 passes=26 fails=0 top_buckets=[('locator.waitFor: Timeout 30000ms exceeded.', 5), ('DispatchPage: dispatch did not register for <MR> within 30s (status=Ordered, per_transferred=undefined)', 5), ('Material Request for order <ORDER> (polled 30000ms, last=0)', 4)]
[2026-04-22T12:02:42] STATUS completed=0 passes=27 fails=0 top_buckets=[('locator.waitFor: Timeout 30000ms exceeded.', 5), ('DispatchPage: dispatch did not register for <MR> within 30s (status=Ordered, per_transferred=undefined)', 5), ('Material Request for order <ORDER> (polled 30000ms, last=0)', 4)]
[2026-04-22T12:03:14] STATUS completed=0 passes=27 fails=0 top_buckets=[('locator.waitFor: Timeout 30000ms exceeded.', 5), ('DispatchPage: dispatch did not register for <MR> within 30s (status=Ordered, per_transferred=undefined)', 5), ('Material Request for order <ORDER> (polled 30000ms, last=0)', 4)]
[2026-04-22T12:03:45] STATUS completed=0 passes=28 fails=0 top_buckets=[('locator.waitFor: Timeout 30000ms exceeded.', 5), ('DispatchPage: dispatch did not register for <MR> within 30s (status=Ordered, per_transferred=undefined)', 5), ('Material Request for order <ORDER> (polled 30000ms, last=0)', 4)]
[2026-04-22T12:04:17] STATUS completed=0 passes=28 fails=0 top_buckets=[('locator.waitFor: Timeout 30000ms exceeded.', 5), ('DispatchPage: dispatch did not register for <MR> within 30s (status=Ordered, per_transferred=undefined)', 5), ('Material Request for order <ORDER> (polled 30000ms, last=0)', 4)]
[2026-04-22T12:04:48] STATUS completed=0 passes=28 fails=0 top_buckets=[('locator.waitFor: Timeout 30000ms exceeded.', 5), ('DispatchPage: dispatch did not register for <MR> within 30s (status=Ordered, per_transferred=undefined)', 5), ('Material Request for order <ORDER> (polled 30000ms, last=0)', 4)]
[2026-04-22T12:05:20] STATUS completed=0 passes=29 fails=0 top_buckets=[('locator.waitFor: Timeout 30000ms exceeded.', 5), ('DispatchPage: dispatch did not register for <MR> within 30s (status=Ordered, per_transferred=undefined)', 5), ('Material Request for order <ORDER> (polled 30000ms, last=0)', 4)]
[2026-04-22T12:05:51] STATUS completed=0 passes=29 fails=0 top_buckets=[('locator.waitFor: Timeout 30000ms exceeded.', 5), ('DispatchPage: dispatch did not register for <MR> within 30s (status=Ordered, per_transferred=undefined)', 5), ('Material Request for order <ORDER> (polled 30000ms, last=0)', 4)]
[2026-04-22T12:06:23] STATUS completed=0 passes=30 fails=0 top_buckets=[('locator.waitFor: Timeout 30000ms exceeded.', 5), ('DispatchPage: dispatch did not register for <MR> within 30s (status=Ordered, per_transferred=undefined)', 5), ('Material Request for order <ORDER> (polled 30000ms, last=0)', 4)]
[2026-04-22T12:06:55] STATUS completed=0 passes=30 fails=0 top_buckets=[('locator.waitFor: Timeout 30000ms exceeded.', 5), ('DispatchPage: dispatch did not register for <MR> within 30s (status=Ordered, per_transferred=undefined)', 5), ('Material Request for order <ORDER> (polled 30000ms, last=0)', 4)]
[2026-04-22T12:07:26] STATUS completed=0 passes=31 fails=0 top_buckets=[('locator.waitFor: Timeout 30000ms exceeded.', 5), ('DispatchPage: dispatch did not register for <MR> within 30s (status=Ordered, per_transferred=undefined)', 5), ('Material Request for order <ORDER> (polled 30000ms, last=0)', 4)]
