
Running 49 tests using 1 worker

[1A[2K[1/49] [chromium] › tests\e2e\specs\s209-all-stores.spec.ts:161:9 › S209 — 49-store happy chain › happy chain — ARANETA GATEWAY - TUNGSTEN CAPITAL HOLDINGS OPC
[1A[2K[chromium] › tests\e2e\specs\s209-all-stores.spec.ts:161:9 › S209 — 49-store happy chain › happy chain — ARANETA GATEWAY - TUNGSTEN CAPITAL HOLDINGS OPC
[S209 preflight] [S209] total=49 mutated=0 already_set=49 snapshot=F:\Dropbox\Projects\BEI-ERP\output\l3\s209\area_access_snapshot.json

[1A[2K[S209 resume-skip] ARANETA GATEWAY - TUNGSTEN CAPITAL HOLDINGS OPC already has SI in ledger

[1A[2K[2/49] [chromium] › tests\e2e\specs\s209-all-stores.spec.ts:161:9 › S209 — 49-store happy chain › happy chain — AYALA EVO CITY - BEBANG MEGA INC.
[1A[2K[3/49] [chromium] › tests\e2e\specs\s209-all-stores.spec.ts:161:9 › S209 — 49-store happy chain › happy chain — AYALA FAIRVIEW TERRACES - BEBANG FT INC.
[1A[2K[chromium] › tests\e2e\specs\s209-all-stores.spec.ts:161:9 › S209 — 49-store happy chain › happy chain — AYALA FAIRVIEW TERRACES - BEBANG FT INC.
[S209 revert] ok=true [S209] reverted=0 skipped=49 errors=0

[1A[2K  1) [chromium] › tests\e2e\specs\s209-all-stores.spec.ts:161:9 › S209 — 49-store happy chain › happy chain — AYALA FAIRVIEW TERRACES - BEBANG FT INC. 

    Error: Sales Invoice for order BEI-ORD-2026-00368 (polled 30000ms, last=0)

    [2mexpect([22m[31mreceived[39m[2m).[22mtoBeGreaterThan[2m([22m[32mexpected[39m[2m)[22m

    Expected: > [32m0[39m
    Received:   [31m0[39m

       at assertions\billingAssertions.ts:121

      119 |     finalRows.length,
      120 |     `Sales Invoice for order ${orderId} (polled ${timeoutMs}ms, last=${lastCount})`
    > 121 |   ).toBeGreaterThan(0);
          |     ^
      122 |   return finalRows[0].name;
      123 | }
      124 |
        at assertSIForOrder (F:\Dropbox\Projects\bei-tasks\tests\e2e\assertions\billingAssertions.ts:121:5)
        at assertCompanyChainCorrect (F:\Dropbox\Projects\bei-tasks\tests\e2e\assertions\billingAssertions.ts:140:18)
        at F:\Dropbox\Projects\bei-tasks\tests\e2e\specs\s209-all-stores.spec.ts:279:28

    Error Context: C:\Users\Sam\AppData\Local\Temp\bei-pw-artifacts\specs-s209-all-stores-S209-d361f-W-TERRACES---BEBANG-FT-INC--chromium\error-context.md

    attachment #2: trace (application/zip) ─────────────────────────────────────────────────────────
    C:\Users\Sam\AppData\Local\Temp\bei-pw-artifacts\specs-s209-all-stores-S209-d361f-W-TERRACES---BEBANG-FT-INC--chromium\trace.zip
    Usage:

        npx playwright show-trace C:\Users\Sam\AppData\Local\Temp\bei-pw-artifacts\specs-s209-all-stores-S209-d361f-W-TERRACES---BEBANG-FT-INC--chromium\trace.zip

    ────────────────────────────────────────────────────────────────────────────────────────────────


[1A[2K[4/49] [chromium] › tests\e2e\specs\s209-all-stores.spec.ts:161:9 › S209 — 49-store happy chain › happy chain — AYALA MARKET MARKET - BEBANG MARKET MARKET INC.
[1A[2K[chromium] › tests\e2e\specs\s209-all-stores.spec.ts:161:9 › S209 — 49-store happy chain › happy chain — AYALA MARKET MARKET - BEBANG MARKET MARKET INC.
[S209 preflight] [S209] total=49 mutated=0 already_set=49 snapshot=F:\Dropbox\Projects\BEI-ERP\output\l3\s209\area_access_snapshot.json

[1A[2K[S209 revert] ok=true [S209] reverted=0 skipped=49 errors=0

[1A[2K  2) [chromium] › tests\e2e\specs\s209-all-stores.spec.ts:161:9 › S209 — 49-store happy chain › happy chain — AYALA MARKET MARKET - BEBANG MARKET MARKET INC. 

    Error: Material Request for order BEI-ORD-2026-00369 (polled 30000ms, last=0)

    [2mexpect([22m[31mreceived[39m[2m).[22mtoBeGreaterThan[2m([22m[32mexpected[39m[2m)[22m

    Expected: > [32m0[39m
    Received:   [31m0[39m

       at assertions\orderAssertions.ts:48

      46 |     finalRows.length,
      47 |     `Material Request for order ${orderId} (polled ${timeoutMs}ms, last=${lastCount})`
    > 48 |   ).toBeGreaterThan(0);
         |     ^
      49 |   return finalRows[0].name;
      50 | }
      51 |
        at assertMRCreatedForOrder (F:\Dropbox\Projects\bei-tasks\tests\e2e\assertions\orderAssertions.ts:48:5)
        at F:\Dropbox\Projects\bei-tasks\tests\e2e\specs\s209-all-stores.spec.ts:221:24

    Error Context: C:\Users\Sam\AppData\Local\Temp\bei-pw-artifacts\specs-s209-all-stores-S209-debb9---BEBANG-MARKET-MARKET-INC--chromium\error-context.md

    attachment #2: trace (application/zip) ─────────────────────────────────────────────────────────
    C:\Users\Sam\AppData\Local\Temp\bei-pw-artifacts\specs-s209-all-stores-S209-debb9---BEBANG-MARKET-MARKET-INC--chromium\trace.zip
    Usage:

        npx playwright show-trace C:\Users\Sam\AppData\Local\Temp\bei-pw-artifacts\specs-s209-all-stores-S209-debb9---BEBANG-MARKET-MARKET-INC--chromium\trace.zip

    ────────────────────────────────────────────────────────────────────────────────────────────────


[1A[2K[5/49] [chromium] › tests\e2e\specs\s209-all-stores.spec.ts:161:9 › S209 — 49-store happy chain › happy chain — AYALA SOLENAD - HFFM SOLENAD FOOD SERVICES INC.
[1A[2K[chromium] › tests\e2e\specs\s209-all-stores.spec.ts:161:9 › S209 — 49-store happy chain › happy chain — AYALA SOLENAD - HFFM SOLENAD FOOD SERVICES INC.
[S209 preflight] [S209] total=49 mutated=0 already_set=49 snapshot=F:\Dropbox\Projects\BEI-ERP\output\l3\s209\area_access_snapshot.json

[1A[2K[6/49] [chromium] › tests\e2e\specs\s209-all-stores.spec.ts:161:9 › S209 — 49-store happy chain › happy chain — AYALA UP TOWN CENTER - BEBANG UP TOWN CENTER INC.
[1A[2K[chromium] › tests\e2e\specs\s209-all-stores.spec.ts:161:9 › S209 — 49-store happy chain › happy chain — AYALA UP TOWN CENTER - BEBANG UP TOWN CENTER INC.
[S209 resume-skip] AYALA UP TOWN CENTER - BEBANG UP TOWN CENTER INC. already has SI in ledger

[1A[2K[7/49] [chromium] › tests\e2e\specs\s209-all-stores.spec.ts:161:9 › S209 — 49-store happy chain › happy chain — AYALA VERMOSA - BEBANG MEGA INC.
[1A[2K[8/49] [chromium] › tests\e2e\specs\s209-all-stores.spec.ts:161:9 › S209 — 49-store happy chain › happy chain — BF HOMES - BEBANG BF HOMES INC.
[1A[2K[chromium] › tests\e2e\specs\s209-all-stores.spec.ts:161:9 › S209 — 49-store happy chain › happy chain — BF HOMES - BEBANG BF HOMES INC.
[S209 resume-skip] BF HOMES - BEBANG BF HOMES INC. already has SI in ledger

[1A[2K[9/49] [chromium] › tests\e2e\specs\s209-all-stores.spec.ts:161:9 › S209 — 49-store happy chain › happy chain — CTTM TOMAS MORATO - B CUBED VENTURES CORP.
[1A[2K[10/49] [chromium] › tests\e2e\specs\s209-all-stores.spec.ts:161:9 › S209 — 49-store happy chain › happy chain — D'VERDE CALAMBA - TAJ FOOD CORP.
[1A[2K[chromium] › tests\e2e\specs\s209-all-stores.spec.ts:161:9 › S209 — 49-store happy chain › happy chain — D'VERDE CALAMBA - TAJ FOOD CORP.
[S209 resume-skip] D'VERDE CALAMBA - TAJ FOOD CORP. already has SI in ledger

[1A[2K[11/49] [chromium] › tests\e2e\specs\s209-all-stores.spec.ts:161:9 › S209 — 49-store happy chain › happy chain — EVER COMMONWEALTH - DLS DESSERT CRAFT INC.
[1A[2K[chromium] › tests\e2e\specs\s209-all-stores.spec.ts:161:9 › S209 — 49-store happy chain › happy chain — EVER COMMONWEALTH - DLS DESSERT CRAFT INC.
[S209 resume-skip] EVER COMMONWEALTH - DLS DESSERT CRAFT INC. already has SI in ledger

[1A[2K[12/49] [chromium] › tests\e2e\specs\s209-all-stores.spec.ts:161:9 › S209 — 49-store happy chain › happy chain — FESTIVAL MALL ALABANG - BEBANG FESTIVAL INC.
[1A[2K[chromium] › tests\e2e\specs\s209-all-stores.spec.ts:161:9 › S209 — 49-store happy chain › happy chain — FESTIVAL MALL ALABANG - BEBANG FESTIVAL INC.
[S209 resume-skip] FESTIVAL MALL ALABANG - BEBANG FESTIVAL INC. already has SI in ledger

[1A[2K[13/49] [chromium] › tests\e2e\specs\s209-all-stores.spec.ts:161:9 › S209 — 49-store happy chain › happy chain — LUCKY CHINATOWN - BEBANG LCT INC.
[1A[2K[chromium] › tests\e2e\specs\s209-all-stores.spec.ts:161:9 › S209 — 49-store happy chain › happy chain — LUCKY CHINATOWN - BEBANG LCT INC.
[S209 resume-skip] LUCKY CHINATOWN - BEBANG LCT INC. already has SI in ledger

[1A[2K[14/49] [chromium] › tests\e2e\specs\s209-all-stores.spec.ts:161:9 › S209 — 49-store happy chain › happy chain — MEGAWIDE PITX - BEBANG PITX INC.
[1A[2K[chromium] › tests\e2e\specs\s209-all-stores.spec.ts:161:9 › S209 — 49-store happy chain › happy chain — MEGAWIDE PITX - BEBANG PITX INC.
[S209 resume-skip] MEGAWIDE PITX - BEBANG PITX INC. already has SI in ledger

[1A[2K[15/49] [chromium] › tests\e2e\specs\s209-all-stores.spec.ts:161:9 › S209 — 49-store happy chain › happy chain — MEGAWORLD PASEO CENTER - BEBANG PASEO INC.
[1A[2K[chromium] › tests\e2e\specs\s209-all-stores.spec.ts:161:9 › S209 — 49-store happy chain › happy chain — MEGAWORLD PASEO CENTER - BEBANG PASEO INC.
[S209 resume-skip] MEGAWORLD PASEO CENTER - BEBANG PASEO INC. already has SI in ledger

[1A[2K[16/49] [chromium] › tests\e2e\specs\s209-all-stores.spec.ts:161:9 › S209 — 49-store happy chain › happy chain — MEGAWORLD VENICE GRAND CANAL - BEBANG VENICE GRAND CANAL INC.
[1A[2K[chromium] › tests\e2e\specs\s209-all-stores.spec.ts:161:9 › S209 — 49-store happy chain › happy chain — MEGAWORLD VENICE GRAND CANAL - BEBANG VENICE GRAND CANAL INC.
[S209 resume-skip] MEGAWORLD VENICE GRAND CANAL - BEBANG VENICE GRAND CANAL INC. already has SI in ledger

[1A[2K[17/49] [chromium] › tests\e2e\specs\s209-all-stores.spec.ts:161:9 › S209 — 49-store happy chain › happy chain — NAIA T3 - HALO-HALO TERMINAL FOOD CORP.
[1A[2K[chromium] › tests\e2e\specs\s209-all-stores.spec.ts:161:9 › S209 — 49-store happy chain › happy chain — NAIA T3 - HALO-HALO TERMINAL FOOD CORP.
[S209 resume-skip] NAIA T3 - HALO-HALO TERMINAL FOOD CORP. already has SI in ledger

[1A[2K[18/49] [chromium] › tests\e2e\specs\s209-all-stores.spec.ts:161:9 › S209 — 49-store happy chain › happy chain — ORTIGAS ESTANCIA - BB ESTANCIA FOOD CORP.
[1A[2K[chromium] › tests\e2e\specs\s209-all-stores.spec.ts:161:9 › S209 — 49-store happy chain › happy chain — ORTIGAS ESTANCIA - BB ESTANCIA FOOD CORP.
[S209 revert] ok=true [S209] reverted=0 skipped=49 errors=0

[1A[2K  3) [chromium] › tests\e2e\specs\s209-all-stores.spec.ts:161:9 › S209 — 49-store happy chain › happy chain — ORTIGAS ESTANCIA - BB ESTANCIA FOOD CORP. 

    Error: Material Request for order BEI-ORD-2026-00370 (polled 30000ms, last=0)

    [2mexpect([22m[31mreceived[39m[2m).[22mtoBeGreaterThan[2m([22m[32mexpected[39m[2m)[22m

    Expected: > [32m0[39m
    Received:   [31m0[39m

       at assertions\orderAssertions.ts:48

      46 |     finalRows.length,
      47 |     `Material Request for order ${orderId} (polled ${timeoutMs}ms, last=${lastCount})`
    > 48 |   ).toBeGreaterThan(0);
         |     ^
      49 |   return finalRows[0].name;
      50 | }
      51 |
        at assertMRCreatedForOrder (F:\Dropbox\Projects\bei-tasks\tests\e2e\assertions\orderAssertions.ts:48:5)
        at F:\Dropbox\Projects\bei-tasks\tests\e2e\specs\s209-all-stores.spec.ts:221:24

    Error Context: C:\Users\Sam\AppData\Local\Temp\bei-pw-artifacts\specs-s209-all-stores-S209-a56d9-IA---BB-ESTANCIA-FOOD-CORP--chromium\error-context.md

    attachment #2: trace (application/zip) ─────────────────────────────────────────────────────────
    C:\Users\Sam\AppData\Local\Temp\bei-pw-artifacts\specs-s209-all-stores-S209-a56d9-IA---BB-ESTANCIA-FOOD-CORP--chromium\trace.zip
    Usage:

        npx playwright show-trace C:\Users\Sam\AppData\Local\Temp\bei-pw-artifacts\specs-s209-all-stores-S209-a56d9-IA---BB-ESTANCIA-FOOD-CORP--chromium\trace.zip

    ────────────────────────────────────────────────────────────────────────────────────────────────


[1A[2K[19/49] [chromium] › tests\e2e\specs\s209-all-stores.spec.ts:161:9 › S209 — 49-store happy chain › happy chain — ORTIGAS GREENHILLS - BEIFRANCHISE FOOD OPC
[1A[2K[chromium] › tests\e2e\specs\s209-all-stores.spec.ts:161:9 › S209 — 49-store happy chain › happy chain — ORTIGAS GREENHILLS - BEIFRANCHISE FOOD OPC
[S209 preflight] [S209] total=49 mutated=0 already_set=49 snapshot=F:\Dropbox\Projects\BEI-ERP\output\l3\s209\area_access_snapshot.json

[1A[2K[S209 revert] ok=true [S209] reverted=0 skipped=49 errors=0

[1A[2K  4) [chromium] › tests\e2e\specs\s209-all-stores.spec.ts:161:9 › S209 — 49-store happy chain › happy chain — ORTIGAS GREENHILLS - BEIFRANCHISE FOOD OPC 

    Error: Material Request for order BEI-ORD-2026-00371 (polled 30000ms, last=0)

    [2mexpect([22m[31mreceived[39m[2m).[22mtoBeGreaterThan[2m([22m[32mexpected[39m[2m)[22m

    Expected: > [32m0[39m
    Received:   [31m0[39m

       at assertions\orderAssertions.ts:48

      46 |     finalRows.length,
      47 |     `Material Request for order ${orderId} (polled ${timeoutMs}ms, last=${lastCount})`
    > 48 |   ).toBeGreaterThan(0);
         |     ^
      49 |   return finalRows[0].name;
      50 | }
      51 |
        at assertMRCreatedForOrder (F:\Dropbox\Projects\bei-tasks\tests\e2e\assertions\orderAssertions.ts:48:5)
        at F:\Dropbox\Projects\bei-tasks\tests\e2e\specs\s209-all-stores.spec.ts:221:24

    Error Context: C:\Users\Sam\AppData\Local\Temp\bei-pw-artifacts\specs-s209-all-stores-S209-64758-LLS---BEIFRANCHISE-FOOD-OPC-chromium\error-context.md

    attachment #2: trace (application/zip) ─────────────────────────────────────────────────────────
    C:\Users\Sam\AppData\Local\Temp\bei-pw-artifacts\specs-s209-all-stores-S209-64758-LLS---BEIFRANCHISE-FOOD-OPC-chromium\trace.zip
    Usage:

        npx playwright show-trace C:\Users\Sam\AppData\Local\Temp\bei-pw-artifacts\specs-s209-all-stores-S209-64758-LLS---BEIFRANCHISE-FOOD-OPC-chromium\trace.zip

    ────────────────────────────────────────────────────────────────────────────────────────────────


[1A[2K[20/49] [chromium] › tests\e2e\specs\s209-all-stores.spec.ts:161:9 › S209 — 49-store happy chain › happy chain — ROBINSONS ANTIPOLO - BEBANG ENTERPRISE INC.
[1A[2K[chromium] › tests\e2e\specs\s209-all-stores.spec.ts:161:9 › S209 — 49-store happy chain › happy chain — ROBINSONS ANTIPOLO - BEBANG ENTERPRISE INC.
[S209 preflight] [S209] total=49 mutated=0 already_set=49 snapshot=F:\Dropbox\Projects\BEI-ERP\output\l3\s209\area_access_snapshot.json

[1A[2K[S209 revert] ok=true [S209] reverted=0 skipped=49 errors=0

[1A[2K  5) [chromium] › tests\e2e\specs\s209-all-stores.spec.ts:161:9 › S209 — 49-store happy chain › happy chain — ROBINSONS ANTIPOLO - BEBANG ENTERPRISE INC. 

    Error: Material Request for order BEI-ORD-2026-00372 (polled 30000ms, last=0)

    [2mexpect([22m[31mreceived[39m[2m).[22mtoBeGreaterThan[2m([22m[32mexpected[39m[2m)[22m

    Expected: > [32m0[39m
    Received:   [31m0[39m

       at assertions\orderAssertions.ts:48

      46 |     finalRows.length,
      47 |     `Material Request for order ${orderId} (polled ${timeoutMs}ms, last=${lastCount})`
    > 48 |   ).toBeGreaterThan(0);
         |     ^
      49 |   return finalRows[0].name;
      50 | }
      51 |
        at assertMRCreatedForOrder (F:\Dropbox\Projects\bei-tasks\tests\e2e\assertions\orderAssertions.ts:48:5)
        at F:\Dropbox\Projects\bei-tasks\tests\e2e\specs\s209-all-stores.spec.ts:221:24

    Error Context: C:\Users\Sam\AppData\Local\Temp\bei-pw-artifacts\specs-s209-all-stores-S209-7f568-LO---BEBANG-ENTERPRISE-INC--chromium\error-context.md

    attachment #2: trace (application/zip) ─────────────────────────────────────────────────────────
    C:\Users\Sam\AppData\Local\Temp\bei-pw-artifacts\specs-s209-all-stores-S209-7f568-LO---BEBANG-ENTERPRISE-INC--chromium\trace.zip
    Usage:

        npx playwright show-trace C:\Users\Sam\AppData\Local\Temp\bei-pw-artifacts\specs-s209-all-stores-S209-7f568-LO---BEBANG-ENTERPRISE-INC--chromium\trace.zip

    ────────────────────────────────────────────────────────────────────────────────────────────────


[1A[2K[21/49] [chromium] › tests\e2e\specs\s209-all-stores.spec.ts:161:9 › S209 — 49-store happy chain › happy chain — ROBINSONS GALLERIA SOUTH - TUNGSTEN CAPITAL HOLDINGS OPC
[1A[2K[chromium] › tests\e2e\specs\s209-all-stores.spec.ts:161:9 › S209 — 49-store happy chain › happy chain — ROBINSONS GALLERIA SOUTH - TUNGSTEN CAPITAL HOLDINGS OPC
[S209 preflight] [S209] total=49 mutated=0 already_set=49 snapshot=F:\Dropbox\Projects\BEI-ERP\output\l3\s209\area_access_snapshot.json

[1A[2K[S209 revert] ok=true [S209] reverted=0 skipped=49 errors=0

[1A[2K  6) [chromium] › tests\e2e\specs\s209-all-stores.spec.ts:161:9 › S209 — 49-store happy chain › happy chain — ROBINSONS GALLERIA SOUTH - TUNGSTEN CAPITAL HOLDINGS OPC 

    Error: Material Request for order BEI-ORD-2026-00373 (polled 30000ms, last=0)

    [2mexpect([22m[31mreceived[39m[2m).[22mtoBeGreaterThan[2m([22m[32mexpected[39m[2m)[22m

    Expected: > [32m0[39m
    Received:   [31m0[39m

       at assertions\orderAssertions.ts:48

      46 |     finalRows.length,
      47 |     `Material Request for order ${orderId} (polled ${timeoutMs}ms, last=${lastCount})`
    > 48 |   ).toBeGreaterThan(0);
         |     ^
      49 |   return finalRows[0].name;
      50 | }
      51 |
        at assertMRCreatedForOrder (F:\Dropbox\Projects\bei-tasks\tests\e2e\assertions\orderAssertions.ts:48:5)
        at F:\Dropbox\Projects\bei-tasks\tests\e2e\specs\s209-all-stores.spec.ts:221:24

    Error Context: C:\Users\Sam\AppData\Local\Temp\bei-pw-artifacts\specs-s209-all-stores-S209-19762-NGSTEN-CAPITAL-HOLDINGS-OPC-chromium\error-context.md

    attachment #2: trace (application/zip) ─────────────────────────────────────────────────────────
    C:\Users\Sam\AppData\Local\Temp\bei-pw-artifacts\specs-s209-all-stores-S209-19762-NGSTEN-CAPITAL-HOLDINGS-OPC-chromium\trace.zip
    Usage:

        npx playwright show-trace C:\Users\Sam\AppData\Local\Temp\bei-pw-artifacts\specs-s209-all-stores-S209-19762-NGSTEN-CAPITAL-HOLDINGS-OPC-chromium\trace.zip

    ────────────────────────────────────────────────────────────────────────────────────────────────


[1A[2K[22/49] [chromium] › tests\e2e\specs\s209-all-stores.spec.ts:161:9 › S209 — 49-store happy chain › happy chain — ROBINSONS GENERAL TRIAS - BEBANG MEGA INC.
[1A[2K[chromium] › tests\e2e\specs\s209-all-stores.spec.ts:161:9 › S209 — 49-store happy chain › happy chain — ROBINSONS GENERAL TRIAS - BEBANG MEGA INC.
[S209 preflight] [S209] total=49 mutated=0 already_set=49 snapshot=F:\Dropbox\Projects\BEI-ERP\output\l3\s209\area_access_snapshot.json

[1A[2K[S209 resume-skip] ROBINSONS GENERAL TRIAS - BEBANG MEGA INC. already has SI in ledger

[1A[2K[23/49] [chromium] › tests\e2e\specs\s209-all-stores.spec.ts:161:9 › S209 — 49-store happy chain › happy chain — ROBINSONS IMUS - BEBANG MEGA INC.
[1A[2K[chromium] › tests\e2e\specs\s209-all-stores.spec.ts:161:9 › S209 — 49-store happy chain › happy chain — ROBINSONS IMUS - BEBANG MEGA INC.
[S209 resume-skip] ROBINSONS IMUS - BEBANG MEGA INC. already has SI in ledger

[1A[2K[24/49] [chromium] › tests\e2e\specs\s209-all-stores.spec.ts:161:9 › S209 — 49-store happy chain › happy chain — ROBINSONS PLACE DASMARINAS - FREEZE DELIGHT INC.
[1A[2K[25/49] [chromium] › tests\e2e\specs\s209-all-stores.spec.ts:161:9 › S209 — 49-store happy chain › happy chain — SM BICUTAN - BEBANG SM BICUTAN INC.
[1A[2K[chromium] › tests\e2e\specs\s209-all-stores.spec.ts:161:9 › S209 — 49-store happy chain › happy chain — SM BICUTAN - BEBANG SM BICUTAN INC.
[S209 revert] ok=true [S209] reverted=0 skipped=49 errors=0

[1A[2K  7) [chromium] › tests\e2e\specs\s209-all-stores.spec.ts:161:9 › S209 — 49-store happy chain › happy chain — SM BICUTAN - BEBANG SM BICUTAN INC. 

    TimeoutError: locator.waitFor: Timeout 30000ms exceeded.
    Call log:
    [2m  - waiting for getByText('BEI-ORD-2026-00374').first() to be visible[22m


       at pages\OrderApprovalPage.ts:26

      24 |     //    renders the detail pane with the approve button.
      25 |     const byText = this.page.getByText(orderId, { exact: false }).first();
    > 26 |     await byText.waitFor({ state: "visible", timeout: 30_000 });
         |                  ^
      27 |     await byText.click();
      28 |   }
      29 |
        at OrderApprovalPage.openOrder (F:\Dropbox\Projects\bei-tasks\tests\e2e\pages\OrderApprovalPage.ts:26:18)
        at OrderApprovalPage.approve (F:\Dropbox\Projects\bei-tasks\tests\e2e\pages\OrderApprovalPage.ts:90:5)
        at F:\Dropbox\Projects\bei-tasks\tests\e2e\specs\s209-all-stores.spec.ts:208:9

    Error Context: C:\Users\Sam\AppData\Local\Temp\bei-pw-artifacts\specs-s209-all-stores-S209-5a134-AN---BEBANG-SM-BICUTAN-INC--chromium\error-context.md

    attachment #2: trace (application/zip) ─────────────────────────────────────────────────────────
    C:\Users\Sam\AppData\Local\Temp\bei-pw-artifacts\specs-s209-all-stores-S209-5a134-AN---BEBANG-SM-BICUTAN-INC--chromium\trace.zip
    Usage:

        npx playwright show-trace C:\Users\Sam\AppData\Local\Temp\bei-pw-artifacts\specs-s209-all-stores-S209-5a134-AN---BEBANG-SM-BICUTAN-INC--chromium\trace.zip

    ────────────────────────────────────────────────────────────────────────────────────────────────


[1A[2K[26/49] [chromium] › tests\e2e\specs\s209-all-stores.spec.ts:161:9 › S209 — 49-store happy chain › happy chain — SM CALOOCAN - TAJ FOOD CORP.
[1A[2K[chromium] › tests\e2e\specs\s209-all-stores.spec.ts:161:9 › S209 — 49-store happy chain › happy chain — SM CALOOCAN - TAJ FOOD CORP.
[S209 preflight] [S209] total=49 mutated=0 already_set=49 snapshot=F:\Dropbox\Projects\BEI-ERP\output\l3\s209\area_access_snapshot.json

[1A[2K[S209 revert] ok=true [S209] reverted=0 skipped=49 errors=0

[1A[2K  8) [chromium] › tests\e2e\specs\s209-all-stores.spec.ts:161:9 › S209 — 49-store happy chain › happy chain — SM CALOOCAN - TAJ FOOD CORP. 

    TimeoutError: locator.waitFor: Timeout 30000ms exceeded.
    Call log:
    [2m  - waiting for getByText('BEI-ORD-2026-00375').first() to be visible[22m


       at pages\OrderApprovalPage.ts:26

      24 |     //    renders the detail pane with the approve button.
      25 |     const byText = this.page.getByText(orderId, { exact: false }).first();
    > 26 |     await byText.waitFor({ state: "visible", timeout: 30_000 });
         |                  ^
      27 |     await byText.click();
      28 |   }
      29 |
        at OrderApprovalPage.openOrder (F:\Dropbox\Projects\bei-tasks\tests\e2e\pages\OrderApprovalPage.ts:26:18)
        at OrderApprovalPage.approve (F:\Dropbox\Projects\bei-tasks\tests\e2e\pages\OrderApprovalPage.ts:90:5)
        at F:\Dropbox\Projects\bei-tasks\tests\e2e\specs\s209-all-stores.spec.ts:208:9

    Error Context: C:\Users\Sam\AppData\Local\Temp\bei-pw-artifacts\specs-s209-all-stores-S209-e4ad2-M-CALOOCAN---TAJ-FOOD-CORP--chromium\error-context.md

    attachment #2: trace (application/zip) ─────────────────────────────────────────────────────────
    C:\Users\Sam\AppData\Local\Temp\bei-pw-artifacts\specs-s209-all-stores-S209-e4ad2-M-CALOOCAN---TAJ-FOOD-CORP--chromium\trace.zip
    Usage:

        npx playwright show-trace C:\Users\Sam\AppData\Local\Temp\bei-pw-artifacts\specs-s209-all-stores-S209-e4ad2-M-CALOOCAN---TAJ-FOOD-CORP--chromium\trace.zip

    ────────────────────────────────────────────────────────────────────────────────────────────────


[1A[2K[27/49] [chromium] › tests\e2e\specs\s209-all-stores.spec.ts:161:9 › S209 — 49-store happy chain › happy chain — SM CLARK - RED TALDAWA FOODS OPC
[1A[2K[chromium] › tests\e2e\specs\s209-all-stores.spec.ts:161:9 › S209 — 49-store happy chain › happy chain — SM CLARK - RED TALDAWA FOODS OPC
[S209 preflight] [S209] total=49 mutated=0 already_set=49 snapshot=F:\Dropbox\Projects\BEI-ERP\output\l3\s209\area_access_snapshot.json

[1A[2K[S209 revert] ok=true [S209] reverted=0 skipped=49 errors=0

[1A[2K  9) [chromium] › tests\e2e\specs\s209-all-stores.spec.ts:161:9 › S209 — 49-store happy chain › happy chain — SM CLARK - RED TALDAWA FOODS OPC 

    TimeoutError: locator.waitFor: Timeout 30000ms exceeded.
    Call log:
    [2m  - waiting for getByText('BEI-ORD-2026-00376').first() to be visible[22m


       at pages\OrderApprovalPage.ts:26

      24 |     //    renders the detail pane with the approve button.
      25 |     const byText = this.page.getByText(orderId, { exact: false }).first();
    > 26 |     await byText.waitFor({ state: "visible", timeout: 30_000 });
         |                  ^
      27 |     await byText.click();
      28 |   }
      29 |
        at OrderApprovalPage.openOrder (F:\Dropbox\Projects\bei-tasks\tests\e2e\pages\OrderApprovalPage.ts:26:18)
        at OrderApprovalPage.approve (F:\Dropbox\Projects\bei-tasks\tests\e2e\pages\OrderApprovalPage.ts:90:5)
        at F:\Dropbox\Projects\bei-tasks\tests\e2e\specs\s209-all-stores.spec.ts:208:9

    Error Context: C:\Users\Sam\AppData\Local\Temp\bei-pw-artifacts\specs-s209-all-stores-S209-68633-ARK---RED-TALDAWA-FOODS-OPC-chromium\error-context.md

    attachment #2: trace (application/zip) ─────────────────────────────────────────────────────────
    C:\Users\Sam\AppData\Local\Temp\bei-pw-artifacts\specs-s209-all-stores-S209-68633-ARK---RED-TALDAWA-FOODS-OPC-chromium\trace.zip
    Usage:

        npx playwright show-trace C:\Users\Sam\AppData\Local\Temp\bei-pw-artifacts\specs-s209-all-stores-S209-68633-ARK---RED-TALDAWA-FOODS-OPC-chromium\trace.zip

    ────────────────────────────────────────────────────────────────────────────────────────────────


[1A[2K[28/49] [chromium] › tests\e2e\specs\s209-all-stores.spec.ts:161:9 › S209 — 49-store happy chain › happy chain — SM EAST ORTIGAS - BEBANG SMEO INC.
[1A[2K[chromium] › tests\e2e\specs\s209-all-stores.spec.ts:161:9 › S209 — 49-store happy chain › happy chain — SM EAST ORTIGAS - BEBANG SMEO INC.
[S209 preflight] [S209] total=49 mutated=0 already_set=49 snapshot=F:\Dropbox\Projects\BEI-ERP\output\l3\s209\area_access_snapshot.json

[1A[2K[29/49] [chromium] › tests\e2e\specs\s209-all-stores.spec.ts:161:9 › S209 — 49-store happy chain › happy chain — SM GRAND CENTRAL - BEBANG GRAND CENTRAL INC.
[1A[2K[chromium] › tests\e2e\specs\s209-all-stores.spec.ts:161:9 › S209 — 49-store happy chain › happy chain — SM GRAND CENTRAL - BEBANG GRAND CENTRAL INC.
[S209 revert] ok=true [S209] reverted=0 skipped=49 errors=0

[1A[2K  10) [chromium] › tests\e2e\specs\s209-all-stores.spec.ts:161:9 › S209 — 49-store happy chain › happy chain — SM GRAND CENTRAL - BEBANG GRAND CENTRAL INC. 

    Error: DispatchPage: dispatch did not register for MAT-MR-2026-00248 within 30s (status=Ordered, per_transferred=undefined)

       at pages\DispatchPage.ts:170

      168 |     }
      169 |     await this.waitForToast(/dispatched|transfer created|success/i).catch(() => {
    > 170 |       throw new Error(
          |             ^
      171 |         `DispatchPage: dispatch did not register for ${mrName} within 30s ` +
      172 |           `(status=${lastSnap.status}, per_transferred=${lastSnap.per_transferred})`
      173 |       );
        at F:\Dropbox\Projects\bei-tasks\tests\e2e\pages\DispatchPage.ts:170:13
        at DispatchPage.dispatch (F:\Dropbox\Projects\bei-tasks\tests\e2e\pages\DispatchPage.ts:169:5)
        at F:\Dropbox\Projects\bei-tasks\tests\e2e\specs\s209-all-stores.spec.ts:230:9

    Error Context: C:\Users\Sam\AppData\Local\Temp\bei-pw-artifacts\specs-s209-all-stores-S209-dae88---BEBANG-GRAND-CENTRAL-INC--chromium\error-context.md

    attachment #2: trace (application/zip) ─────────────────────────────────────────────────────────
    C:\Users\Sam\AppData\Local\Temp\bei-pw-artifacts\specs-s209-all-stores-S209-dae88---BEBANG-GRAND-CENTRAL-INC--chromium\trace.zip
    Usage:

        npx playwright show-trace C:\Users\Sam\AppData\Local\Temp\bei-pw-artifacts\specs-s209-all-stores-S209-dae88---BEBANG-GRAND-CENTRAL-INC--chromium\trace.zip

    ────────────────────────────────────────────────────────────────────────────────────────────────


[1A[2K[30/49] [chromium] › tests\e2e\specs\s209-all-stores.spec.ts:161:9 › S209 — 49-store happy chain › happy chain — SM MALL OF ASIA - BEBANG SMOA INC.
[1A[2K[chromium] › tests\e2e\specs\s209-all-stores.spec.ts:161:9 › S209 — 49-store happy chain › happy chain — SM MALL OF ASIA - BEBANG SMOA INC.
[S209 preflight] [S209] total=49 mutated=0 already_set=49 snapshot=F:\Dropbox\Projects\BEI-ERP\output\l3\s209\area_access_snapshot.json

[1A[2K[S209 revert] ok=true [S209] reverted=0 skipped=49 errors=0

[1A[2K  11) [chromium] › tests\e2e\specs\s209-all-stores.spec.ts:161:9 › S209 — 49-store happy chain › happy chain — SM MALL OF ASIA - BEBANG SMOA INC. 

    Error: Material Request for order BEI-ORD-2026-00379 (polled 30000ms, last=0)

    [2mexpect([22m[31mreceived[39m[2m).[22mtoBeGreaterThan[2m([22m[32mexpected[39m[2m)[22m

    Expected: > [32m0[39m
    Received:   [31m0[39m

       at assertions\orderAssertions.ts:48

      46 |     finalRows.length,
      47 |     `Material Request for order ${orderId} (polled ${timeoutMs}ms, last=${lastCount})`
    > 48 |   ).toBeGreaterThan(0);
         |     ^
      49 |   return finalRows[0].name;
      50 | }
      51 |
        at assertMRCreatedForOrder (F:\Dropbox\Projects\bei-tasks\tests\e2e\assertions\orderAssertions.ts:48:5)
        at F:\Dropbox\Projects\bei-tasks\tests\e2e\specs\s209-all-stores.spec.ts:221:24

    Error Context: C:\Users\Sam\AppData\Local\Temp\bei-pw-artifacts\specs-s209-all-stores-S209-5a070--OF-ASIA---BEBANG-SMOA-INC--chromium\error-context.md

    attachment #2: trace (application/zip) ─────────────────────────────────────────────────────────
    C:\Users\Sam\AppData\Local\Temp\bei-pw-artifacts\specs-s209-all-stores-S209-5a070--OF-ASIA---BEBANG-SMOA-INC--chromium\trace.zip
    Usage:

        npx playwright show-trace C:\Users\Sam\AppData\Local\Temp\bei-pw-artifacts\specs-s209-all-stores-S209-5a070--OF-ASIA---BEBANG-SMOA-INC--chromium\trace.zip

    ────────────────────────────────────────────────────────────────────────────────────────────────


[1A[2K[31/49] [chromium] › tests\e2e\specs\s209-all-stores.spec.ts:161:9 › S209 — 49-store happy chain › happy chain — SM MANILA - BEBANG ENTERPRISE INC.
[1A[2K[chromium] › tests\e2e\specs\s209-all-stores.spec.ts:161:9 › S209 — 49-store happy chain › happy chain — SM MANILA - BEBANG ENTERPRISE INC.
[S209 preflight] [S209] total=49 mutated=0 already_set=49 snapshot=F:\Dropbox\Projects\BEI-ERP\output\l3\s209\area_access_snapshot.json

[1A[2K[S209 revert] ok=true [S209] reverted=0 skipped=49 errors=0

[1A[2K  12) [chromium] › tests\e2e\specs\s209-all-stores.spec.ts:161:9 › S209 — 49-store happy chain › happy chain — SM MANILA - BEBANG ENTERPRISE INC. 

    TimeoutError: locator.waitFor: Timeout 30000ms exceeded.
    Call log:
    [2m  - waiting for getByText('BEI-ORD-2026-00380').first() to be visible[22m


       at pages\OrderApprovalPage.ts:26

      24 |     //    renders the detail pane with the approve button.
      25 |     const byText = this.page.getByText(orderId, { exact: false }).first();
    > 26 |     await byText.waitFor({ state: "visible", timeout: 30_000 });
         |                  ^
      27 |     await byText.click();
      28 |   }
      29 |
        at OrderApprovalPage.openOrder (F:\Dropbox\Projects\bei-tasks\tests\e2e\pages\OrderApprovalPage.ts:26:18)
        at OrderApprovalPage.approve (F:\Dropbox\Projects\bei-tasks\tests\e2e\pages\OrderApprovalPage.ts:90:5)
        at F:\Dropbox\Projects\bei-tasks\tests\e2e\specs\s209-all-stores.spec.ts:208:9

    Error Context: C:\Users\Sam\AppData\Local\Temp\bei-pw-artifacts\specs-s209-all-stores-S209-a0b5d-LA---BEBANG-ENTERPRISE-INC--chromium\error-context.md

    attachment #2: trace (application/zip) ─────────────────────────────────────────────────────────
    C:\Users\Sam\AppData\Local\Temp\bei-pw-artifacts\specs-s209-all-stores-S209-a0b5d-LA---BEBANG-ENTERPRISE-INC--chromium\trace.zip
    Usage:

        npx playwright show-trace C:\Users\Sam\AppData\Local\Temp\bei-pw-artifacts\specs-s209-all-stores-S209-a0b5d-LA---BEBANG-ENTERPRISE-INC--chromium\trace.zip

    ────────────────────────────────────────────────────────────────────────────────────────────────


[1A[2K[32/49] [chromium] › tests\e2e\specs\s209-all-stores.spec.ts:161:9 › S209 — 49-store happy chain › happy chain — SM MARIKINA - BEBANG SM MARIKINA INC.
[1A[2K[chromium] › tests\e2e\specs\s209-all-stores.spec.ts:161:9 › S209 — 49-store happy chain › happy chain — SM MARIKINA - BEBANG SM MARIKINA INC.
[S209 preflight] [S209] total=49 mutated=0 already_set=49 snapshot=F:\Dropbox\Projects\BEI-ERP\output\l3\s209\area_access_snapshot.json

[1A[2K[S209 revert] ok=true [S209] reverted=0 skipped=49 errors=0

[1A[2K  13) [chromium] › tests\e2e\specs\s209-all-stores.spec.ts:161:9 › S209 — 49-store happy chain › happy chain — SM MARIKINA - BEBANG SM MARIKINA INC. 

    TimeoutError: locator.waitFor: Timeout 30000ms exceeded.
    Call log:
    [2m  - waiting for getByText('BEI-ORD-2026-00381').first() to be visible[22m


       at pages\OrderApprovalPage.ts:26

      24 |     //    renders the detail pane with the approve button.
      25 |     const byText = this.page.getByText(orderId, { exact: false }).first();
    > 26 |     await byText.waitFor({ state: "visible", timeout: 30_000 });
         |                  ^
      27 |     await byText.click();
      28 |   }
      29 |
        at OrderApprovalPage.openOrder (F:\Dropbox\Projects\bei-tasks\tests\e2e\pages\OrderApprovalPage.ts:26:18)
        at OrderApprovalPage.approve (F:\Dropbox\Projects\bei-tasks\tests\e2e\pages\OrderApprovalPage.ts:90:5)
        at F:\Dropbox\Projects\bei-tasks\tests\e2e\specs\s209-all-stores.spec.ts:208:9

    Error Context: C:\Users\Sam\AppData\Local\Temp\bei-pw-artifacts\specs-s209-all-stores-S209-e3d3b-A---BEBANG-SM-MARIKINA-INC--chromium\error-context.md

    attachment #2: trace (application/zip) ─────────────────────────────────────────────────────────
    C:\Users\Sam\AppData\Local\Temp\bei-pw-artifacts\specs-s209-all-stores-S209-e3d3b-A---BEBANG-SM-MARIKINA-INC--chromium\trace.zip
    Usage:

        npx playwright show-trace C:\Users\Sam\AppData\Local\Temp\bei-pw-artifacts\specs-s209-all-stores-S209-e3d3b-A---BEBANG-SM-MARIKINA-INC--chromium\trace.zip

    ────────────────────────────────────────────────────────────────────────────────────────────────


[1A[2K[33/49] [chromium] › tests\e2e\specs\s209-all-stores.spec.ts:161:9 › S209 — 49-store happy chain › happy chain — SM MARILAO - BEBANG MARILAO INC.
[1A[2K[chromium] › tests\e2e\specs\s209-all-stores.spec.ts:161:9 › S209 — 49-store happy chain › happy chain — SM MARILAO - BEBANG MARILAO INC.
[S209 preflight] [S209] total=49 mutated=0 already_set=49 snapshot=F:\Dropbox\Projects\BEI-ERP\output\l3\s209\area_access_snapshot.json

[1A[2K[S209 revert] ok=true [S209] reverted=0 skipped=49 errors=0

[1A[2K  14) [chromium] › tests\e2e\specs\s209-all-stores.spec.ts:161:9 › S209 — 49-store happy chain › happy chain — SM MARILAO - BEBANG MARILAO INC. 

    TimeoutError: locator.waitFor: Timeout 30000ms exceeded.
    Call log:
    [2m  - waiting for getByText('BEI-ORD-2026-00382').first() to be visible[22m


       at pages\OrderApprovalPage.ts:26

      24 |     //    renders the detail pane with the approve button.
      25 |     const byText = this.page.getByText(orderId, { exact: false }).first();
    > 26 |     await byText.waitFor({ state: "visible", timeout: 30_000 });
         |                  ^
      27 |     await byText.click();
      28 |   }
      29 |
        at OrderApprovalPage.openOrder (F:\Dropbox\Projects\bei-tasks\tests\e2e\pages\OrderApprovalPage.ts:26:18)
        at OrderApprovalPage.approve (F:\Dropbox\Projects\bei-tasks\tests\e2e\pages\OrderApprovalPage.ts:90:5)
        at F:\Dropbox\Projects\bei-tasks\tests\e2e\specs\s209-all-stores.spec.ts:208:9

    Error Context: C:\Users\Sam\AppData\Local\Temp\bei-pw-artifacts\specs-s209-all-stores-S209-351f1-RILAO---BEBANG-MARILAO-INC--chromium\error-context.md

    attachment #2: trace (application/zip) ─────────────────────────────────────────────────────────
    C:\Users\Sam\AppData\Local\Temp\bei-pw-artifacts\specs-s209-all-stores-S209-351f1-RILAO---BEBANG-MARILAO-INC--chromium\trace.zip
    Usage:

        npx playwright show-trace C:\Users\Sam\AppData\Local\Temp\bei-pw-artifacts\specs-s209-all-stores-S209-351f1-RILAO---BEBANG-MARILAO-INC--chromium\trace.zip

    ────────────────────────────────────────────────────────────────────────────────────────────────


[1A[2K[34/49] [chromium] › tests\e2e\specs\s209-all-stores.spec.ts:161:9 › S209 — 49-store happy chain › happy chain — SM MEGAMALL - BEBANG ENTERPRISE INC.
[1A[2K[chromium] › tests\e2e\specs\s209-all-stores.spec.ts:161:9 › S209 — 49-store happy chain › happy chain — SM MEGAMALL - BEBANG ENTERPRISE INC.
[S209 preflight] [S209] total=49 mutated=0 already_set=49 snapshot=F:\Dropbox\Projects\BEI-ERP\output\l3\s209\area_access_snapshot.json

[1A[2K[S209 revert] ok=true [S209] reverted=0 skipped=49 errors=0

[1A[2K  15) [chromium] › tests\e2e\specs\s209-all-stores.spec.ts:161:9 › S209 — 49-store happy chain › happy chain — SM MEGAMALL - BEBANG ENTERPRISE INC. 

    TimeoutError: locator.waitFor: Timeout 30000ms exceeded.
    Call log:
    [2m  - waiting for getByText('BEI-ORD-2026-00383').first() to be visible[22m


       at pages\OrderApprovalPage.ts:26

      24 |     //    renders the detail pane with the approve button.
      25 |     const byText = this.page.getByText(orderId, { exact: false }).first();
    > 26 |     await byText.waitFor({ state: "visible", timeout: 30_000 });
         |                  ^
      27 |     await byText.click();
      28 |   }
      29 |
        at OrderApprovalPage.openOrder (F:\Dropbox\Projects\bei-tasks\tests\e2e\pages\OrderApprovalPage.ts:26:18)
        at OrderApprovalPage.approve (F:\Dropbox\Projects\bei-tasks\tests\e2e\pages\OrderApprovalPage.ts:90:5)
        at F:\Dropbox\Projects\bei-tasks\tests\e2e\specs\s209-all-stores.spec.ts:208:9

    Error Context: C:\Users\Sam\AppData\Local\Temp\bei-pw-artifacts\specs-s209-all-stores-S209-2221f-LL---BEBANG-ENTERPRISE-INC--chromium\error-context.md

    attachment #2: trace (application/zip) ─────────────────────────────────────────────────────────
    C:\Users\Sam\AppData\Local\Temp\bei-pw-artifacts\specs-s209-all-stores-S209-2221f-LL---BEBANG-ENTERPRISE-INC--chromium\trace.zip
    Usage:

        npx playwright show-trace C:\Users\Sam\AppData\Local\Temp\bei-pw-artifacts\specs-s209-all-stores-S209-2221f-LL---BEBANG-ENTERPRISE-INC--chromium\trace.zip

    ────────────────────────────────────────────────────────────────────────────────────────────────


[1A[2K[35/49] [chromium] › tests\e2e\specs\s209-all-stores.spec.ts:161:9 › S209 — 49-store happy chain › happy chain — SM NORTH EDSA - BEBANG NORTH EDSA INC.
[1A[2K[chromium] › tests\e2e\specs\s209-all-stores.spec.ts:161:9 › S209 — 49-store happy chain › happy chain — SM NORTH EDSA - BEBANG NORTH EDSA INC.
[S209 preflight] [S209] total=49 mutated=0 already_set=49 snapshot=F:\Dropbox\Projects\BEI-ERP\output\l3\s209\area_access_snapshot.json

[1A[2K[36/49] [chromium] › tests\e2e\specs\s209-all-stores.spec.ts:161:9 › S209 — 49-store happy chain › happy chain — SM PULILAN - BEBANG SMM INC.
[1A[2K[37/49] [chromium] › tests\e2e\specs\s209-all-stores.spec.ts:161:9 › S209 — 49-store happy chain › happy chain — SM SAN JOSE DEL MONTE - JL TRADE OPC
[1A[2K[chromium] › tests\e2e\specs\s209-all-stores.spec.ts:161:9 › S209 — 49-store happy chain › happy chain — SM SAN JOSE DEL MONTE - JL TRADE OPC
[S209 revert] ok=true [S209] reverted=0 skipped=49 errors=0

[1A[2K  16) [chromium] › tests\e2e\specs\s209-all-stores.spec.ts:161:9 › S209 — 49-store happy chain › happy chain — SM SAN JOSE DEL MONTE - JL TRADE OPC 

    Error: Sales Invoice for order BEI-ORD-2026-00386 (polled 30000ms, last=0)

    [2mexpect([22m[31mreceived[39m[2m).[22mtoBeGreaterThan[2m([22m[32mexpected[39m[2m)[22m

    Expected: > [32m0[39m
    Received:   [31m0[39m

       at assertions\billingAssertions.ts:121

      119 |     finalRows.length,
      120 |     `Sales Invoice for order ${orderId} (polled ${timeoutMs}ms, last=${lastCount})`
    > 121 |   ).toBeGreaterThan(0);
          |     ^
      122 |   return finalRows[0].name;
      123 | }
      124 |
        at assertSIForOrder (F:\Dropbox\Projects\bei-tasks\tests\e2e\assertions\billingAssertions.ts:121:5)
        at assertCompanyChainCorrect (F:\Dropbox\Projects\bei-tasks\tests\e2e\assertions\billingAssertions.ts:140:18)
        at F:\Dropbox\Projects\bei-tasks\tests\e2e\specs\s209-all-stores.spec.ts:279:28

    Error Context: C:\Users\Sam\AppData\Local\Temp\bei-pw-artifacts\specs-s209-all-stores-S209-29679-SE-DEL-MONTE---JL-TRADE-OPC-chromium\error-context.md

    attachment #2: trace (application/zip) ─────────────────────────────────────────────────────────
    C:\Users\Sam\AppData\Local\Temp\bei-pw-artifacts\specs-s209-all-stores-S209-29679-SE-DEL-MONTE---JL-TRADE-OPC-chromium\trace.zip
    Usage:

        npx playwright show-trace C:\Users\Sam\AppData\Local\Temp\bei-pw-artifacts\specs-s209-all-stores-S209-29679-SE-DEL-MONTE---JL-TRADE-OPC-chromium\trace.zip

    ────────────────────────────────────────────────────────────────────────────────────────────────


[1A[2K[38/49] [chromium] › tests\e2e\specs\s209-all-stores.spec.ts:161:9 › S209 — 49-store happy chain › happy chain — SM SANGANDAAN - TUNGSTEN CAPITAL HOLDINGS OPC
[1A[2K[chromium] › tests\e2e\specs\s209-all-stores.spec.ts:161:9 › S209 — 49-store happy chain › happy chain — SM SANGANDAAN - TUNGSTEN CAPITAL HOLDINGS OPC
[S209 preflight] [S209] total=49 mutated=0 already_set=49 snapshot=F:\Dropbox\Projects\BEI-ERP\output\l3\s209\area_access_snapshot.json

[1A[2K[39/49] [chromium] › tests\e2e\specs\s209-all-stores.spec.ts:161:9 › S209 — 49-store happy chain › happy chain — SM SOUTHMALL - BEBANG ENTERPRISE INC.
[1A[2K[chromium] › tests\e2e\specs\s209-all-stores.spec.ts:161:9 › S209 — 49-store happy chain › happy chain — SM SOUTHMALL - BEBANG ENTERPRISE INC.
[S209 revert] ok=true [S209] reverted=0 skipped=49 errors=0

[1A[2K  17) [chromium] › tests\e2e\specs\s209-all-stores.spec.ts:161:9 › S209 — 49-store happy chain › happy chain — SM SOUTHMALL - BEBANG ENTERPRISE INC. 

    Error: Material Request for order BEI-ORD-2026-00388 (polled 30000ms, last=0)

    [2mexpect([22m[31mreceived[39m[2m).[22mtoBeGreaterThan[2m([22m[32mexpected[39m[2m)[22m

    Expected: > [32m0[39m
    Received:   [31m0[39m

       at assertions\orderAssertions.ts:48

      46 |     finalRows.length,
      47 |     `Material Request for order ${orderId} (polled ${timeoutMs}ms, last=${lastCount})`
    > 48 |   ).toBeGreaterThan(0);
         |     ^
      49 |   return finalRows[0].name;
      50 | }
      51 |
        at assertMRCreatedForOrder (F:\Dropbox\Projects\bei-tasks\tests\e2e\assertions\orderAssertions.ts:48:5)
        at F:\Dropbox\Projects\bei-tasks\tests\e2e\specs\s209-all-stores.spec.ts:221:24

    Error Context: C:\Users\Sam\AppData\Local\Temp\bei-pw-artifacts\specs-s209-all-stores-S209-bdd87-LL---BEBANG-ENTERPRISE-INC--chromium\error-context.md

    attachment #2: trace (application/zip) ─────────────────────────────────────────────────────────
    C:\Users\Sam\AppData\Local\Temp\bei-pw-artifacts\specs-s209-all-stores-S209-bdd87-LL---BEBANG-ENTERPRISE-INC--chromium\trace.zip
    Usage:

        npx playwright show-trace C:\Users\Sam\AppData\Local\Temp\bei-pw-artifacts\specs-s209-all-stores-S209-bdd87-LL---BEBANG-ENTERPRISE-INC--chromium\trace.zip

    ────────────────────────────────────────────────────────────────────────────────────────────────


[1A[2K[40/49] [chromium] › tests\e2e\specs\s209-all-stores.spec.ts:161:9 › S209 — 49-store happy chain › happy chain — SM STA. ROSA - SWEET HARMONY FOOD CORP.
[1A[2K[chromium] › tests\e2e\specs\s209-all-stores.spec.ts:161:9 › S209 — 49-store happy chain › happy chain — SM STA. ROSA - SWEET HARMONY FOOD CORP.
[S209 preflight] [S209] total=49 mutated=0 already_set=49 snapshot=F:\Dropbox\Projects\BEI-ERP\output\l3\s209\area_access_snapshot.json

[1A[2K[S209 revert] ok=true [S209] reverted=0 skipped=49 errors=0

[1A[2K  18) [chromium] › tests\e2e\specs\s209-all-stores.spec.ts:161:9 › S209 — 49-store happy chain › happy chain — SM STA. ROSA - SWEET HARMONY FOOD CORP. 

    Error: Material Request for order BEI-ORD-2026-00389 (polled 30000ms, last=0)

    [2mexpect([22m[31mreceived[39m[2m).[22mtoBeGreaterThan[2m([22m[32mexpected[39m[2m)[22m

    Expected: > [32m0[39m
    Received:   [31m0[39m

       at assertions\orderAssertions.ts:48

      46 |     finalRows.length,
      47 |     `Material Request for order ${orderId} (polled ${timeoutMs}ms, last=${lastCount})`
    > 48 |   ).toBeGreaterThan(0);
         |     ^
      49 |   return finalRows[0].name;
      50 | }
      51 |
        at assertMRCreatedForOrder (F:\Dropbox\Projects\bei-tasks\tests\e2e\assertions\orderAssertions.ts:48:5)
        at F:\Dropbox\Projects\bei-tasks\tests\e2e\specs\s209-all-stores.spec.ts:221:24

    Error Context: C:\Users\Sam\AppData\Local\Temp\bei-pw-artifacts\specs-s209-all-stores-S209-83891----SWEET-HARMONY-FOOD-CORP--chromium\error-context.md

    attachment #2: trace (application/zip) ─────────────────────────────────────────────────────────
    C:\Users\Sam\AppData\Local\Temp\bei-pw-artifacts\specs-s209-all-stores-S209-83891----SWEET-HARMONY-FOOD-CORP--chromium\trace.zip
    Usage:

        npx playwright show-trace C:\Users\Sam\AppData\Local\Temp\bei-pw-artifacts\specs-s209-all-stores-S209-83891----SWEET-HARMONY-FOOD-CORP--chromium\trace.zip

    ────────────────────────────────────────────────────────────────────────────────────────────────


[1A[2K[41/49] [chromium] › tests\e2e\specs\s209-all-stores.spec.ts:161:9 › S209 — 49-store happy chain › happy chain — SM TANZA - BEBANG MEGA INC.
[1A[2K[chromium] › tests\e2e\specs\s209-all-stores.spec.ts:161:9 › S209 — 49-store happy chain › happy chain — SM TANZA - BEBANG MEGA INC.
[S209 preflight] [S209] total=49 mutated=0 already_set=49 snapshot=F:\Dropbox\Projects\BEI-ERP\output\l3\s209\area_access_snapshot.json

[1A[2K[S209 revert] ok=true [S209] reverted=0 skipped=49 errors=0

[1A[2K  19) [chromium] › tests\e2e\specs\s209-all-stores.spec.ts:161:9 › S209 — 49-store happy chain › happy chain — SM TANZA - BEBANG MEGA INC. 

    Error: Material Request for order BEI-ORD-2026-00390 (polled 30000ms, last=0)

    [2mexpect([22m[31mreceived[39m[2m).[22mtoBeGreaterThan[2m([22m[32mexpected[39m[2m)[22m

    Expected: > [32m0[39m
    Received:   [31m0[39m

       at assertions\orderAssertions.ts:48

      46 |     finalRows.length,
      47 |     `Material Request for order ${orderId} (polled ${timeoutMs}ms, last=${lastCount})`
    > 48 |   ).toBeGreaterThan(0);
         |     ^
      49 |   return finalRows[0].name;
      50 | }
      51 |
        at assertMRCreatedForOrder (F:\Dropbox\Projects\bei-tasks\tests\e2e\assertions\orderAssertions.ts:48:5)
        at F:\Dropbox\Projects\bei-tasks\tests\e2e\specs\s209-all-stores.spec.ts:221:24

    Error Context: C:\Users\Sam\AppData\Local\Temp\bei-pw-artifacts\specs-s209-all-stores-S209-34c96-SM-TANZA---BEBANG-MEGA-INC--chromium\error-context.md

    attachment #2: trace (application/zip) ─────────────────────────────────────────────────────────
    C:\Users\Sam\AppData\Local\Temp\bei-pw-artifacts\specs-s209-all-stores-S209-34c96-SM-TANZA---BEBANG-MEGA-INC--chromium\trace.zip
    Usage:

        npx playwright show-trace C:\Users\Sam\AppData\Local\Temp\bei-pw-artifacts\specs-s209-all-stores-S209-34c96-SM-TANZA---BEBANG-MEGA-INC--chromium\trace.zip

    ────────────────────────────────────────────────────────────────────────────────────────────────


[1A[2K[42/49] [chromium] › tests\e2e\specs\s209-all-stores.spec.ts:161:9 › S209 — 49-store happy chain › happy chain — SM TAYTAY - DAY ONES FOOD AND DRINK ESTABLISHMENTS CORP.
[1A[2K[chromium] › tests\e2e\specs\s209-all-stores.spec.ts:161:9 › S209 — 49-store happy chain › happy chain — SM TAYTAY - DAY ONES FOOD AND DRINK ESTABLISHMENTS CORP.
[S209 preflight] [S209] total=49 mutated=0 already_set=49 snapshot=F:\Dropbox\Projects\BEI-ERP\output\l3\s209\area_access_snapshot.json

[1A[2K[43/49] [chromium] › tests\e2e\specs\s209-all-stores.spec.ts:161:9 › S209 — 49-store happy chain › happy chain — SM VALENZUELA - BEBANG SMV INC.
[1A[2K[44/49] [chromium] › tests\e2e\specs\s209-all-stores.spec.ts:161:9 › S209 — 49-store happy chain › happy chain — STA. LUCIA EAST GRAND MALL - BEBANG SM MARIKINA INC.
[1A[2K[45/49] [chromium] › tests\e2e\specs\s209-all-stores.spec.ts:161:9 › S209 — 49-store happy chain › happy chain — THE GRID ROCKWELL - TASTECARTEL CORP.
[1A[2K[chromium] › tests\e2e\specs\s209-all-stores.spec.ts:161:9 › S209 — 49-store happy chain › happy chain — THE GRID ROCKWELL - TASTECARTEL CORP.
[S209 revert] ok=true [S209] reverted=0 skipped=49 errors=0

[1A[2K  20) [chromium] › tests\e2e\specs\s209-all-stores.spec.ts:161:9 › S209 — 49-store happy chain › happy chain — THE GRID ROCKWELL - TASTECARTEL CORP. 

    Error: Material Request for order BEI-ORD-2026-00394 (polled 30000ms, last=0)

    [2mexpect([22m[31mreceived[39m[2m).[22mtoBeGreaterThan[2m([22m[32mexpected[39m[2m)[22m

    Expected: > [32m0[39m
    Received:   [31m0[39m

       at assertions\orderAssertions.ts:48

      46 |     finalRows.length,
      47 |     `Material Request for order ${orderId} (polled ${timeoutMs}ms, last=${lastCount})`
    > 48 |   ).toBeGreaterThan(0);
         |     ^
      49 |   return finalRows[0].name;
      50 | }
      51 |
        at assertMRCreatedForOrder (F:\Dropbox\Projects\bei-tasks\tests\e2e\assertions\orderAssertions.ts:48:5)
        at F:\Dropbox\Projects\bei-tasks\tests\e2e\specs\s209-all-stores.spec.ts:221:24

    Error Context: C:\Users\Sam\AppData\Local\Temp\bei-pw-artifacts\specs-s209-all-stores-S209-548fc-OCKWELL---TASTECARTEL-CORP--chromium\error-context.md

    attachment #2: trace (application/zip) ─────────────────────────────────────────────────────────
    C:\Users\Sam\AppData\Local\Temp\bei-pw-artifacts\specs-s209-all-stores-S209-548fc-OCKWELL---TASTECARTEL-CORP--chromium\trace.zip
    Usage:

        npx playwright show-trace C:\Users\Sam\AppData\Local\Temp\bei-pw-artifacts\specs-s209-all-stores-S209-548fc-OCKWELL---TASTECARTEL-CORP--chromium\trace.zip

    ────────────────────────────────────────────────────────────────────────────────────────────────


[1A[2K[46/49] [chromium] › tests\e2e\specs\s209-all-stores.spec.ts:161:9 › S209 — 49-store happy chain › happy chain — THE TERMINAL - BEBANG STARMALL ALABANG INC.
[1A[2K[chromium] › tests\e2e\specs\s209-all-stores.spec.ts:161:9 › S209 — 49-store happy chain › happy chain — THE TERMINAL - BEBANG STARMALL ALABANG INC.
[S209 preflight] [S209] total=49 mutated=0 already_set=49 snapshot=F:\Dropbox\Projects\BEI-ERP\output\l3\s209\area_access_snapshot.json

[1A[2K[S209 revert] ok=true [S209] reverted=0 skipped=49 errors=0

[1A[2K  21) [chromium] › tests\e2e\specs\s209-all-stores.spec.ts:161:9 › S209 — 49-store happy chain › happy chain — THE TERMINAL - BEBANG STARMALL ALABANG INC. 

    Error: Material Request for order BEI-ORD-2026-00395 (polled 30000ms, last=0)

    [2mexpect([22m[31mreceived[39m[2m).[22mtoBeGreaterThan[2m([22m[32mexpected[39m[2m)[22m

    Expected: > [32m0[39m
    Received:   [31m0[39m

       at assertions\orderAssertions.ts:48

      46 |     finalRows.length,
      47 |     `Material Request for order ${orderId} (polled ${timeoutMs}ms, last=${lastCount})`
    > 48 |   ).toBeGreaterThan(0);
         |     ^
      49 |   return finalRows[0].name;
      50 | }
      51 |
        at assertMRCreatedForOrder (F:\Dropbox\Projects\bei-tasks\tests\e2e\assertions\orderAssertions.ts:48:5)
        at F:\Dropbox\Projects\bei-tasks\tests\e2e\specs\s209-all-stores.spec.ts:221:24

    Error Context: C:\Users\Sam\AppData\Local\Temp\bei-pw-artifacts\specs-s209-all-stores-S209-a2af5-EBANG-STARMALL-ALABANG-INC--chromium\error-context.md

    attachment #2: trace (application/zip) ─────────────────────────────────────────────────────────
    C:\Users\Sam\AppData\Local\Temp\bei-pw-artifacts\specs-s209-all-stores-S209-a2af5-EBANG-STARMALL-ALABANG-INC--chromium\trace.zip
    Usage:

        npx playwright show-trace C:\Users\Sam\AppData\Local\Temp\bei-pw-artifacts\specs-s209-all-stores-S209-a2af5-EBANG-STARMALL-ALABANG-INC--chromium\trace.zip

    ────────────────────────────────────────────────────────────────────────────────────────────────


[1A[2K[47/49] [chromium] › tests\e2e\specs\s209-all-stores.spec.ts:161:9 › S209 — 49-store happy chain › happy chain — UP TOWN MALL BGC - DMD HOLDINGS INC.
[1A[2K[chromium] › tests\e2e\specs\s209-all-stores.spec.ts:161:9 › S209 — 49-store happy chain › happy chain — UP TOWN MALL BGC - DMD HOLDINGS INC.
[S209 preflight] [S209] total=49 mutated=0 already_set=49 snapshot=F:\Dropbox\Projects\BEI-ERP\output\l3\s209\area_access_snapshot.json

[1A[2K[S209 revert] ok=true [S209] reverted=0 skipped=49 errors=0

[1A[2K  22) [chromium] › tests\e2e\specs\s209-all-stores.spec.ts:161:9 › S209 — 49-store happy chain › happy chain — UP TOWN MALL BGC - DMD HOLDINGS INC. 

    Error: Material Request for order BEI-ORD-2026-00396 (polled 30000ms, last=0)

    [2mexpect([22m[31mreceived[39m[2m).[22mtoBeGreaterThan[2m([22m[32mexpected[39m[2m)[22m

    Expected: > [32m0[39m
    Received:   [31m0[39m

       at assertions\orderAssertions.ts:48

      46 |     finalRows.length,
      47 |     `Material Request for order ${orderId} (polled ${timeoutMs}ms, last=${lastCount})`
    > 48 |   ).toBeGreaterThan(0);
         |     ^
      49 |   return finalRows[0].name;
      50 | }
      51 |
        at assertMRCreatedForOrder (F:\Dropbox\Projects\bei-tasks\tests\e2e\assertions\orderAssertions.ts:48:5)
        at F:\Dropbox\Projects\bei-tasks\tests\e2e\specs\s209-all-stores.spec.ts:221:24

    Error Context: C:\Users\Sam\AppData\Local\Temp\bei-pw-artifacts\specs-s209-all-stores-S209-f3b89-ALL-BGC---DMD-HOLDINGS-INC--chromium\error-context.md

    attachment #2: trace (application/zip) ─────────────────────────────────────────────────────────
    C:\Users\Sam\AppData\Local\Temp\bei-pw-artifacts\specs-s209-all-stores-S209-f3b89-ALL-BGC---DMD-HOLDINGS-INC--chromium\trace.zip
    Usage:

        npx playwright show-trace C:\Users\Sam\AppData\Local\Temp\bei-pw-artifacts\specs-s209-all-stores-S209-f3b89-ALL-BGC---DMD-HOLDINGS-INC--chromium\trace.zip

    ────────────────────────────────────────────────────────────────────────────────────────────────


[1A[2K[48/49] [chromium] › tests\e2e\specs\s209-all-stores.spec.ts:161:9 › S209 — 49-store happy chain › happy chain — VISTA MALL TAGUIG - TRICERN FOOD CORP.
[1A[2K[chromium] › tests\e2e\specs\s209-all-stores.spec.ts:161:9 › S209 — 49-store happy chain › happy chain — VISTA MALL TAGUIG - TRICERN FOOD CORP.
[S209 preflight] [S209] total=49 mutated=0 already_set=49 snapshot=F:\Dropbox\Projects\BEI-ERP\output\l3\s209\area_access_snapshot.json

[1A[2K[S209 revert] ok=true [S209] reverted=0 skipped=49 errors=0

[1A[2K  23) [chromium] › tests\e2e\specs\s209-all-stores.spec.ts:161:9 › S209 — 49-store happy chain › happy chain — VISTA MALL TAGUIG - TRICERN FOOD CORP. 

    Error: Material Request for order BEI-ORD-2026-00397 (polled 30000ms, last=0)

    [2mexpect([22m[31mreceived[39m[2m).[22mtoBeGreaterThan[2m([22m[32mexpected[39m[2m)[22m

    Expected: > [32m0[39m
    Received:   [31m0[39m

       at assertions\orderAssertions.ts:48

      46 |     finalRows.length,
      47 |     `Material Request for order ${orderId} (polled ${timeoutMs}ms, last=${lastCount})`
    > 48 |   ).toBeGreaterThan(0);
         |     ^
      49 |   return finalRows[0].name;
      50 | }
      51 |
        at assertMRCreatedForOrder (F:\Dropbox\Projects\bei-tasks\tests\e2e\assertions\orderAssertions.ts:48:5)
        at F:\Dropbox\Projects\bei-tasks\tests\e2e\specs\s209-all-stores.spec.ts:221:24

    Error Context: C:\Users\Sam\AppData\Local\Temp\bei-pw-artifacts\specs-s209-all-stores-S209-b0358-TAGUIG---TRICERN-FOOD-CORP--chromium\error-context.md

    attachment #2: trace (application/zip) ─────────────────────────────────────────────────────────
    C:\Users\Sam\AppData\Local\Temp\bei-pw-artifacts\specs-s209-all-stores-S209-b0358-TAGUIG---TRICERN-FOOD-CORP--chromium\trace.zip
    Usage:

        npx playwright show-trace C:\Users\Sam\AppData\Local\Temp\bei-pw-artifacts\specs-s209-all-stores-S209-b0358-TAGUIG---TRICERN-FOOD-CORP--chromium\trace.zip

    ────────────────────────────────────────────────────────────────────────────────────────────────


[1A[2K[49/49] [chromium] › tests\e2e\specs\s209-all-stores.spec.ts:161:9 › S209 — 49-store happy chain › happy chain — XENTROMALL MONTALBAN - PERPETUAL FOOD CORP.
[1A[2K[chromium] › tests\e2e\specs\s209-all-stores.spec.ts:161:9 › S209 — 49-store happy chain › happy chain — XENTROMALL MONTALBAN - PERPETUAL FOOD CORP.
[S209 preflight] [S209] total=49 mutated=0 already_set=49 snapshot=F:\Dropbox\Projects\BEI-ERP\output\l3\s209\area_access_snapshot.json

[1A[2K[S209 revert] ok=true [S209] reverted=0 skipped=49 errors=0

[1A[2K  23 failed
    [chromium] › tests\e2e\specs\s209-all-stores.spec.ts:161:9 › S209 — 49-store happy chain › happy chain — AYALA FAIRVIEW TERRACES - BEBANG FT INC. 
    [chromium] › tests\e2e\specs\s209-all-stores.spec.ts:161:9 › S209 — 49-store happy chain › happy chain — AYALA MARKET MARKET - BEBANG MARKET MARKET INC. 
    [chromium] › tests\e2e\specs\s209-all-stores.spec.ts:161:9 › S209 — 49-store happy chain › happy chain — ORTIGAS ESTANCIA - BB ESTANCIA FOOD CORP. 
    [chromium] › tests\e2e\specs\s209-all-stores.spec.ts:161:9 › S209 — 49-store happy chain › happy chain — ORTIGAS GREENHILLS - BEIFRANCHISE FOOD OPC 
    [chromium] › tests\e2e\specs\s209-all-stores.spec.ts:161:9 › S209 — 49-store happy chain › happy chain — ROBINSONS ANTIPOLO - BEBANG ENTERPRISE INC. 
    [chromium] › tests\e2e\specs\s209-all-stores.spec.ts:161:9 › S209 — 49-store happy chain › happy chain — ROBINSONS GALLERIA SOUTH - TUNGSTEN CAPITAL HOLDINGS OPC 
    [chromium] › tests\e2e\specs\s209-all-stores.spec.ts:161:9 › S209 — 49-store happy chain › happy chain — SM BICUTAN - BEBANG SM BICUTAN INC. 
    [chromium] › tests\e2e\specs\s209-all-stores.spec.ts:161:9 › S209 — 49-store happy chain › happy chain — SM CALOOCAN - TAJ FOOD CORP. 
    [chromium] › tests\e2e\specs\s209-all-stores.spec.ts:161:9 › S209 — 49-store happy chain › happy chain — SM CLARK - RED TALDAWA FOODS OPC 
    [chromium] › tests\e2e\specs\s209-all-stores.spec.ts:161:9 › S209 — 49-store happy chain › happy chain — SM GRAND CENTRAL - BEBANG GRAND CENTRAL INC. 
    [chromium] › tests\e2e\specs\s209-all-stores.spec.ts:161:9 › S209 — 49-store happy chain › happy chain — SM MALL OF ASIA - BEBANG SMOA INC. 
    [chromium] › tests\e2e\specs\s209-all-stores.spec.ts:161:9 › S209 — 49-store happy chain › happy chain — SM MANILA - BEBANG ENTERPRISE INC. 
    [chromium] › tests\e2e\specs\s209-all-stores.spec.ts:161:9 › S209 — 49-store happy chain › happy chain — SM MARIKINA - BEBANG SM MARIKINA INC. 
    [chromium] › tests\e2e\specs\s209-all-stores.spec.ts:161:9 › S209 — 49-store happy chain › happy chain — SM MARILAO - BEBANG MARILAO INC. 
    [chromium] › tests\e2e\specs\s209-all-stores.spec.ts:161:9 › S209 — 49-store happy chain › happy chain — SM MEGAMALL - BEBANG ENTERPRISE INC. 
    [chromium] › tests\e2e\specs\s209-all-stores.spec.ts:161:9 › S209 — 49-store happy chain › happy chain — SM SAN JOSE DEL MONTE - JL TRADE OPC 
    [chromium] › tests\e2e\specs\s209-all-stores.spec.ts:161:9 › S209 — 49-store happy chain › happy chain — SM SOUTHMALL - BEBANG ENTERPRISE INC. 
    [chromium] › tests\e2e\specs\s209-all-stores.spec.ts:161:9 › S209 — 49-store happy chain › happy chain — SM STA. ROSA - SWEET HARMONY FOOD CORP. 
    [chromium] › tests\e2e\specs\s209-all-stores.spec.ts:161:9 › S209 — 49-store happy chain › happy chain — SM TANZA - BEBANG MEGA INC. 
    [chromium] › tests\e2e\specs\s209-all-stores.spec.ts:161:9 › S209 — 49-store happy chain › happy chain — THE GRID ROCKWELL - TASTECARTEL CORP. 
    [chromium] › tests\e2e\specs\s209-all-stores.spec.ts:161:9 › S209 — 49-store happy chain › happy chain — THE TERMINAL - BEBANG STARMALL ALABANG INC. 
    [chromium] › tests\e2e\specs\s209-all-stores.spec.ts:161:9 › S209 — 49-store happy chain › happy chain — UP TOWN MALL BGC - DMD HOLDINGS INC. 
    [chromium] › tests\e2e\specs\s209-all-stores.spec.ts:161:9 › S209 — 49-store happy chain › happy chain — VISTA MALL TAGUIG - TRICERN FOOD CORP. 
  19 skipped
  7 passed (47.6m)
