[2026-04-21T11:57:35] MONITOR START kill-same-fp=5 kill-pass-rate-below=0.5 kill-after-n=10 dry-run=False
[2026-04-21T11:57:35] STATUS completed=0 passes=0 fails=0 top_buckets=[]
[2026-04-21T11:58:12] STATUS completed=0 passes=0 fails=0 top_buckets=[]
[2026-04-21T11:58:43] STATUS completed=0 passes=0 fails=0 top_buckets=[]
[2026-04-21T11:59:19] STATUS completed=0 passes=1 fails=0 top_buckets=[]
[2026-04-21T11:59:55] STATUS completed=0 passes=1 fails=0 top_buckets=[]
[2026-04-21T12:00:29] STATUS completed=0 passes=2 fails=0 top_buckets=[]
[2026-04-21T12:01:06] STATUS completed=0 passes=2 fails=0 top_buckets=[]
[2026-04-21T12:01:38] STATUS completed=0 passes=2 fails=0 top_buckets=[]
[2026-04-21T12:02:11] STATUS completed=0 passes=2 fails=0 top_buckets=[('Material Request for order <ORDER> (polled 30000ms, last=0)', 1)]
[2026-04-21T12:02:49] STATUS completed=0 passes=2 fails=0 top_buckets=[('Material Request for order <ORDER> (polled 30000ms, last=0)', 1)]
[2026-04-21T12:03:27] STATUS completed=0 passes=2 fails=0 top_buckets=[('Material Request for order <ORDER> (polled 30000ms, last=0)', 1)]
[2026-04-21T12:04:01] STATUS completed=0 passes=2 fails=0 top_buckets=[('Material Request for order <ORDER> (polled 30000ms, last=0)', 1), ('DispatchPage: dispatch did not register for <MR> within 30s (status=Ordered, per_transferred=undefined)', 1)]
[2026-04-21T12:04:31] STATUS completed=0 passes=2 fails=0 top_buckets=[('Material Request for order <ORDER> (polled 30000ms, last=0)', 1), ('DispatchPage: dispatch did not register for <MR> within 30s (status=Ordered, per_transferred=undefined)', 1)]
[2026-04-21T12:05:05] STATUS completed=0 passes=2 fails=0 top_buckets=[('Material Request for order <ORDER> (polled 30000ms, last=0)', 1), ('DispatchPage: dispatch did not register for <MR> within 30s (status=Ordered, per_transferred=undefined)', 1)]
[2026-04-21T12:05:35] STATUS completed=0 passes=3 fails=0 top_buckets=[('Material Request for order <ORDER> (polled 30000ms, last=0)', 1), ('DispatchPage: dispatch did not register for <MR> within 30s (status=Ordered, per_transferred=undefined)', 1)]
[2026-04-21T12:06:13] STATUS completed=0 passes=3 fails=0 top_buckets=[('Material Request for order <ORDER> (polled 30000ms, last=0)', 1), ('DispatchPage: dispatch did not register for <MR> within 30s (status=Ordered, per_transferred=undefined)', 1)]
[2026-04-21T12:06:45] STATUS completed=0 passes=3 fails=0 top_buckets=[('Material Request for order <ORDER> (polled 30000ms, last=0)', 1), ('DispatchPage: dispatch did not register for <MR> within 30s (status=Ordered, per_transferred=undefined)', 1)]
[2026-04-21T12:07:17] STATUS completed=0 passes=3 fails=0 top_buckets=[('DispatchPage: dispatch did not register for <MR> within 30s (status=Ordered, per_transferred=undefined)', 2), ('Material Request for order <ORDER> (polled 30000ms, last=0)', 1)]
[2026-04-21T12:07:54] STATUS completed=0 passes=3 fails=0 top_buckets=[('DispatchPage: dispatch did not register for <MR> within 30s (status=Ordered, per_transferred=undefined)', 2), ('Material Request for order <ORDER> (polled 30000ms, last=0)', 1)]
[2026-04-21T12:08:25] STATUS completed=0 passes=4 fails=0 top_buckets=[('DispatchPage: dispatch did not register for <MR> within 30s (status=Ordered, per_transferred=undefined)', 2), ('Material Request for order <ORDER> (polled 30000ms, last=0)', 1)]
[2026-04-21T12:09:01] STATUS completed=0 passes=4 fails=0 top_buckets=[('DispatchPage: dispatch did not register for <MR> within 30s (status=Ordered, per_transferred=undefined)', 2), ('Material Request for order <ORDER> (polled 30000ms, last=0)', 1)]
[2026-04-21T12:09:36] STATUS completed=0 passes=4 fails=0 top_buckets=[('DispatchPage: dispatch did not register for <MR> within 30s (status=Ordered, per_transferred=undefined)', 2), ('Material Request for order <ORDER> (polled 30000ms, last=0)', 1)]
[2026-04-21T12:10:08] STATUS completed=0 passes=4 fails=0 top_buckets=[('DispatchPage: dispatch did not register for <MR> within 30s (status=Ordered, per_transferred=undefined)', 3), ('Material Request for order <ORDER> (polled 30000ms, last=0)', 1)]
[2026-04-21T12:10:39] STATUS completed=0 passes=4 fails=0 top_buckets=[('DispatchPage: dispatch did not register for <MR> within 30s (status=Ordered, per_transferred=undefined)', 3), ('Material Request for order <ORDER> (polled 30000ms, last=0)', 1)]
[2026-04-21T12:11:09] STATUS completed=0 passes=4 fails=0 top_buckets=[('DispatchPage: dispatch did not register for <MR> within 30s (status=Ordered, per_transferred=undefined)', 3), ('Material Request for order <ORDER> (polled 30000ms, last=0)', 1)]
[2026-04-21T12:11:43] STATUS completed=0 passes=4 fails=0 top_buckets=[('DispatchPage: dispatch did not register for <MR> within 30s (status=Ordered, per_transferred=undefined)', 3), ('Material Request for order <ORDER> (polled 30000ms, last=0)', 1)]
[2026-04-21T12:12:17] STATUS completed=0 passes=4 fails=0 top_buckets=[('DispatchPage: dispatch did not register for <MR> within 30s (status=Ordered, per_transferred=undefined)', 3), ('Material Request for order <ORDER> (polled 30000ms, last=0)', 1)]
[2026-04-21T12:12:48] STATUS completed=0 passes=4 fails=0 top_buckets=[('DispatchPage: dispatch did not register for <MR> within 30s (status=Ordered, per_transferred=undefined)', 3), ('Material Request for order <ORDER> (polled 30000ms, last=0)', 1), ('ReceivingPage: WR <WR> did not reach Completed within 45s (last status=Pending Warehouse Receive)', 1)]
[2026-04-21T12:13:24] STATUS completed=0 passes=4 fails=0 top_buckets=[('DispatchPage: dispatch did not register for <MR> within 30s (status=Ordered, per_transferred=undefined)', 3), ('Material Request for order <ORDER> (polled 30000ms, last=0)', 1), ('ReceivingPage: WR <WR> did not reach Completed within 45s (last status=Pending Warehouse Receive)', 1)]
[2026-04-21T12:13:57] STATUS completed=0 passes=5 fails=0 top_buckets=[('DispatchPage: dispatch did not register for <MR> within 30s (status=Ordered, per_transferred=undefined)', 3), ('Material Request for order <ORDER> (polled 30000ms, last=0)', 1), ('ReceivingPage: WR <WR> did not reach Completed within 45s (last status=Pending Warehouse Receive)', 1)]
[2026-04-21T12:14:32] STATUS completed=0 passes=5 fails=0 top_buckets=[('DispatchPage: dispatch did not register for <MR> within 30s (status=Ordered, per_transferred=undefined)', 3), ('Material Request for order <ORDER> (polled 30000ms, last=0)', 1), ('ReceivingPage: WR <WR> did not reach Completed within 45s (last status=Pending Warehouse Receive)', 1)]
[2026-04-21T12:15:04] STATUS completed=0 passes=5 fails=0 top_buckets=[('DispatchPage: dispatch did not register for <MR> within 30s (status=Ordered, per_transferred=undefined)', 3), ('Material Request for order <ORDER> (polled 30000ms, last=0)', 1), ('ReceivingPage: WR <WR> did not reach Completed within 45s (last status=Pending Warehouse Receive)', 1)]
[2026-04-21T12:15:34] STATUS completed=0 passes=5 fails=0 top_buckets=[('DispatchPage: dispatch did not register for <MR> within 30s (status=Ordered, per_transferred=undefined)', 3), ('Material Request for order <ORDER> (polled 30000ms, last=0)', 2), ('ReceivingPage: WR <WR> did not reach Completed within 45s (last status=Pending Warehouse Receive)', 1)]
[2026-04-21T12:16:09] STATUS completed=0 passes=5 fails=0 top_buckets=[('DispatchPage: dispatch did not register for <MR> within 30s (status=Ordered, per_transferred=undefined)', 3), ('Material Request for order <ORDER> (polled 30000ms, last=0)', 2), ('ReceivingPage: WR <WR> did not reach Completed within 45s (last status=Pending Warehouse Receive)', 1)]
[2026-04-21T12:16:44] STATUS completed=0 passes=6 fails=0 top_buckets=[('DispatchPage: dispatch did not register for <MR> within 30s (status=Ordered, per_transferred=undefined)', 3), ('Material Request for order <ORDER> (polled 30000ms, last=0)', 2), ('ReceivingPage: WR <WR> did not reach Completed within 45s (last status=Pending Warehouse Receive)', 1)]
[2026-04-21T12:17:15] STATUS completed=0 passes=6 fails=0 top_buckets=[('DispatchPage: dispatch did not register for <MR> within 30s (status=Ordered, per_transferred=undefined)', 3), ('Material Request for order <ORDER> (polled 30000ms, last=0)', 2), ('ReceivingPage: WR <WR> did not reach Completed within 45s (last status=Pending Warehouse Receive)', 1)]
[2026-04-21T12:17:52] STATUS completed=0 passes=6 fails=0 top_buckets=[('DispatchPage: dispatch did not register for <MR> within 30s (status=Ordered, per_transferred=undefined)', 3), ('Material Request for order <ORDER> (polled 30000ms, last=0)', 2), ('ReceivingPage: WR <WR> did not reach Completed within 45s (last status=Pending Warehouse Receive)', 1)]
[2026-04-21T12:18:23] STATUS completed=0 passes=6 fails=0 top_buckets=[('Material Request for order <ORDER> (polled 30000ms, last=0)', 3), ('DispatchPage: dispatch did not register for <MR> within 30s (status=Ordered, per_transferred=undefined)', 3), ('ReceivingPage: WR <WR> did not reach Completed within 45s (last status=Pending Warehouse Receive)', 1)]
[2026-04-21T12:18:57] STATUS completed=0 passes=6 fails=0 top_buckets=[('Material Request for order <ORDER> (polled 30000ms, last=0)', 3), ('DispatchPage: dispatch did not register for <MR> within 30s (status=Ordered, per_transferred=undefined)', 3), ('ReceivingPage: WR <WR> did not reach Completed within 45s (last status=Pending Warehouse Receive)', 1)]
[2026-04-21T12:19:30] STATUS completed=0 passes=7 fails=0 top_buckets=[('Material Request for order <ORDER> (polled 30000ms, last=0)', 3), ('DispatchPage: dispatch did not register for <MR> within 30s (status=Ordered, per_transferred=undefined)', 3), ('ReceivingPage: WR <WR> did not reach Completed within 45s (last status=Pending Warehouse Receive)', 1)]
[2026-04-21T12:20:05] STATUS completed=0 passes=7 fails=0 top_buckets=[('Material Request for order <ORDER> (polled 30000ms, last=0)', 3), ('DispatchPage: dispatch did not register for <MR> within 30s (status=Ordered, per_transferred=undefined)', 3), ('ReceivingPage: WR <WR> did not reach Completed within 45s (last status=Pending Warehouse Receive)', 1)]
[2026-04-21T12:20:48] STATUS completed=0 passes=7 fails=0 top_buckets=[('Material Request for order <ORDER> (polled 30000ms, last=0)', 3), ('DispatchPage: dispatch did not register for <MR> within 30s (status=Ordered, per_transferred=undefined)', 3), ('ReceivingPage: WR <WR> did not reach Completed within 45s (last status=Pending Warehouse Receive)', 1)]
[2026-04-21T12:21:29] STATUS completed=0 passes=7 fails=0 top_buckets=[('Material Request for order <ORDER> (polled 30000ms, last=0)', 4), ('DispatchPage: dispatch did not register for <MR> within 30s (status=Ordered, per_transferred=undefined)', 3), ('ReceivingPage: WR <WR> did not reach Completed within 45s (last status=Pending Warehouse Receive)', 1)]
[2026-04-21T12:22:07] STATUS completed=0 passes=7 fails=0 top_buckets=[('Material Request for order <ORDER> (polled 30000ms, last=0)', 4), ('DispatchPage: dispatch did not register for <MR> within 30s (status=Ordered, per_transferred=undefined)', 3), ('ReceivingPage: WR <WR> did not reach Completed within 45s (last status=Pending Warehouse Receive)', 1)]
[2026-04-21T12:22:30] KILL pid=1684952 reason=same-fingerprint=5 >= 5 | fp=Material Request for order <ORDER> (polled 30000ms, last=0)
