[2026-04-21T12:46:58] MONITOR START kill-same-fp=8 kill-pass-rate-below=0.4 kill-after-n=15 dry-run=False
[2026-04-21T12:46:58] STATUS completed=0 passes=0 fails=0 top_buckets=[]
[2026-04-21T12:47:33] STATUS completed=0 passes=0 fails=0 top_buckets=[]
[2026-04-21T12:48:05] STATUS completed=0 passes=0 fails=0 top_buckets=[]
[2026-04-21T12:48:37] STATUS completed=0 passes=1 fails=0 top_buckets=[]
[2026-04-21T12:49:18] STATUS completed=0 passes=1 fails=0 top_buckets=[]
[2026-04-21T12:49:52] STATUS completed=0 passes=1 fails=0 top_buckets=[]
[2026-04-21T12:50:33] STATUS completed=0 passes=2 fails=0 top_buckets=[]
[2026-04-21T12:51:03] STATUS completed=0 passes=2 fails=0 top_buckets=[]
[2026-04-21T12:51:44] STATUS completed=0 passes=3 fails=0 top_buckets=[]
[2026-04-21T12:52:15] STATUS completed=0 passes=3 fails=0 top_buckets=[]
[2026-04-21T12:52:48] STATUS completed=0 passes=3 fails=0 top_buckets=[]
[2026-04-21T12:53:21] STATUS completed=0 passes=3 fails=0 top_buckets=[('DispatchPage: dispatch did not register for <MR> within 30s (status=Ordered, per_transferred=undefined)', 1)]
[2026-04-21T12:53:59] STATUS completed=0 passes=3 fails=0 top_buckets=[('DispatchPage: dispatch did not register for <MR> within 30s (status=Ordered, per_transferred=undefined)', 1)]
[2026-04-21T12:54:31] STATUS completed=0 passes=3 fails=0 top_buckets=[('DispatchPage: dispatch did not register for <MR> within 30s (status=Ordered, per_transferred=undefined)', 1)]
[2026-04-21T12:55:05] STATUS completed=0 passes=4 fails=0 top_buckets=[('DispatchPage: dispatch did not register for <MR> within 30s (status=Ordered, per_transferred=undefined)', 1)]
[2026-04-21T12:55:36] STATUS completed=0 passes=4 fails=0 top_buckets=[('DispatchPage: dispatch did not register for <MR> within 30s (status=Ordered, per_transferred=undefined)', 1)]
[2026-04-21T12:56:07] STATUS completed=0 passes=4 fails=0 top_buckets=[('DispatchPage: dispatch did not register for <MR> within 30s (status=Ordered, per_transferred=undefined)', 1)]
[2026-04-21T12:56:44] STATUS completed=0 passes=4 fails=0 top_buckets=[('DispatchPage: dispatch did not register for <MR> within 30s (status=Ordered, per_transferred=undefined)', 2)]
[2026-04-21T12:57:19] STATUS completed=0 passes=4 fails=0 top_buckets=[('DispatchPage: dispatch did not register for <MR> within 30s (status=Ordered, per_transferred=undefined)', 2)]
[2026-04-21T12:57:50] STATUS completed=0 passes=5 fails=0 top_buckets=[('DispatchPage: dispatch did not register for <MR> within 30s (status=Ordered, per_transferred=undefined)', 2)]
[2026-04-21T12:58:24] STATUS completed=0 passes=5 fails=0 top_buckets=[('DispatchPage: dispatch did not register for <MR> within 30s (status=Ordered, per_transferred=undefined)', 2)]
[2026-04-21T12:58:54] STATUS completed=0 passes=5 fails=0 top_buckets=[('DispatchPage: dispatch did not register for <MR> within 30s (status=Ordered, per_transferred=undefined)', 2)]
[2026-04-21T12:59:28] STATUS completed=0 passes=5 fails=0 top_buckets=[('DispatchPage: dispatch did not register for <MR> within 30s (status=Ordered, per_transferred=undefined)', 2)]
[2026-04-21T12:59:58] STATUS completed=0 passes=5 fails=0 top_buckets=[('DispatchPage: dispatch did not register for <MR> within 30s (status=Ordered, per_transferred=undefined)', 3)]
[2026-04-21T13:00:31] STATUS completed=0 passes=5 fails=0 top_buckets=[('DispatchPage: dispatch did not register for <MR> within 30s (status=Ordered, per_transferred=undefined)', 3)]
[2026-04-21T13:01:03] STATUS completed=0 passes=5 fails=0 top_buckets=[('DispatchPage: dispatch did not register for <MR> within 30s (status=Ordered, per_transferred=undefined)', 3)]
[2026-04-21T13:01:44] STATUS completed=0 passes=6 fails=0 top_buckets=[('DispatchPage: dispatch did not register for <MR> within 30s (status=Ordered, per_transferred=undefined)', 3)]
[2026-04-21T13:02:24] STATUS completed=0 passes=6 fails=0 top_buckets=[('DispatchPage: dispatch did not register for <MR> within 30s (status=Ordered, per_transferred=undefined)', 3)]
[2026-04-21T13:02:58] STATUS completed=0 passes=7 fails=0 top_buckets=[('DispatchPage: dispatch did not register for <MR> within 30s (status=Ordered, per_transferred=undefined)', 3)]
[2026-04-21T13:03:29] STATUS completed=0 passes=7 fails=0 top_buckets=[('DispatchPage: dispatch did not register for <MR> within 30s (status=Ordered, per_transferred=undefined)', 3)]
[2026-04-21T13:04:06] STATUS completed=0 passes=7 fails=0 top_buckets=[('DispatchPage: dispatch did not register for <MR> within 30s (status=Ordered, per_transferred=undefined)', 3), ('locator.waitFor: Timeout 30000ms exceeded.', 1)]
[2026-04-21T13:04:43] STATUS completed=0 passes=7 fails=0 top_buckets=[('DispatchPage: dispatch did not register for <MR> within 30s (status=Ordered, per_transferred=undefined)', 3), ('locator.waitFor: Timeout 30000ms exceeded.', 1)]
[2026-04-21T13:05:18] STATUS completed=0 passes=7 fails=0 top_buckets=[('DispatchPage: dispatch did not register for <MR> within 30s (status=Ordered, per_transferred=undefined)', 3), ('locator.waitFor: Timeout 30000ms exceeded.', 1)]
[2026-04-21T13:05:54] STATUS completed=0 passes=8 fails=0 top_buckets=[('DispatchPage: dispatch did not register for <MR> within 30s (status=Ordered, per_transferred=undefined)', 3), ('locator.waitFor: Timeout 30000ms exceeded.', 1)]
[2026-04-21T13:06:28] STATUS completed=0 passes=8 fails=0 top_buckets=[('DispatchPage: dispatch did not register for <MR> within 30s (status=Ordered, per_transferred=undefined)', 3), ('locator.waitFor: Timeout 30000ms exceeded.', 1)]
[2026-04-21T13:07:01] STATUS completed=0 passes=8 fails=0 top_buckets=[('DispatchPage: dispatch did not register for <MR> within 30s (status=Ordered, per_transferred=undefined)', 3), ('locator.waitFor: Timeout 30000ms exceeded.', 2)]
[2026-04-21T13:07:35] STATUS completed=0 passes=8 fails=0 top_buckets=[('DispatchPage: dispatch did not register for <MR> within 30s (status=Ordered, per_transferred=undefined)', 3), ('locator.waitFor: Timeout 30000ms exceeded.', 2)]
[2026-04-21T13:08:06] STATUS completed=0 passes=8 fails=0 top_buckets=[('DispatchPage: dispatch did not register for <MR> within 30s (status=Ordered, per_transferred=undefined)', 3), ('locator.waitFor: Timeout 30000ms exceeded.', 2)]
[2026-04-21T13:08:41] STATUS completed=0 passes=9 fails=0 top_buckets=[('DispatchPage: dispatch did not register for <MR> within 30s (status=Ordered, per_transferred=undefined)', 3), ('locator.waitFor: Timeout 30000ms exceeded.', 2)]
[2026-04-21T13:09:13] STATUS completed=0 passes=9 fails=0 top_buckets=[('DispatchPage: dispatch did not register for <MR> within 30s (status=Ordered, per_transferred=undefined)', 3), ('locator.waitFor: Timeout 30000ms exceeded.', 2)]
[2026-04-21T13:09:55] STATUS completed=0 passes=9 fails=0 top_buckets=[('DispatchPage: dispatch did not register for <MR> within 30s (status=Ordered, per_transferred=undefined)', 3), ('locator.waitFor: Timeout 30000ms exceeded.', 3)]
[2026-04-21T13:10:29] STATUS completed=0 passes=9 fails=0 top_buckets=[('DispatchPage: dispatch did not register for <MR> within 30s (status=Ordered, per_transferred=undefined)', 3), ('locator.waitFor: Timeout 30000ms exceeded.', 3)]
[2026-04-21T13:11:01] STATUS completed=0 passes=9 fails=0 top_buckets=[('DispatchPage: dispatch did not register for <MR> within 30s (status=Ordered, per_transferred=undefined)', 3), ('locator.waitFor: Timeout 30000ms exceeded.', 3)]
[2026-04-21T13:11:41] STATUS completed=0 passes=9 fails=0 top_buckets=[('locator.waitFor: Timeout 30000ms exceeded.', 4), ('DispatchPage: dispatch did not register for <MR> within 30s (status=Ordered, per_transferred=undefined)', 3)]
