[2026-04-24T19:09:49] MONITOR START kill-same-fp=12 kill-pass-rate-below=0.25 kill-after-n=30 dry-run=False
[2026-04-24T19:09:49] STATUS completed=0 passes=0 fails=0 top_buckets=[]
[2026-04-24T19:10:20] STATUS completed=0 passes=0 fails=0 top_buckets=[]
[2026-04-24T19:10:50] STATUS completed=0 passes=0 fails=0 top_buckets=[]
[2026-04-24T19:11:21] STATUS completed=0 passes=0 fails=0 top_buckets=[]
[2026-04-24T19:11:52] STATUS completed=0 passes=0 fails=0 top_buckets=[]
[2026-04-24T19:12:23] STATUS completed=0 passes=1 fails=0 top_buckets=[]
[2026-04-24T19:12:54] STATUS completed=0 passes=1 fails=0 top_buckets=[]
[2026-04-24T19:13:24] STATUS completed=0 passes=1 fails=0 top_buckets=[]
[2026-04-24T19:13:55] STATUS completed=0 passes=2 fails=0 top_buckets=[]
[2026-04-24T19:14:26] STATUS completed=0 passes=2 fails=0 top_buckets=[]
[2026-04-24T19:14:57] STATUS completed=0 passes=3 fails=0 top_buckets=[]
[2026-04-24T19:15:28] STATUS completed=0 passes=3 fails=0 top_buckets=[]
[2026-04-24T19:15:59] STATUS completed=0 passes=3 fails=0 top_buckets=[]
[2026-04-24T19:16:30] STATUS completed=0 passes=3 fails=0 top_buckets=[]
[2026-04-24T19:17:01] STATUS completed=0 passes=3 fails=0 top_buckets=[('DispatchPage: dispatch did not register for <MR> within 30s (status=Ordered, per_transferred=undefined)', 1)]
[2026-04-24T19:17:31] STATUS completed=0 passes=3 fails=0 top_buckets=[('DispatchPage: dispatch did not register for <MR> within 30s (status=Ordered, per_transferred=undefined)', 1)]
[2026-04-24T19:18:02] STATUS completed=0 passes=4 fails=0 top_buckets=[('DispatchPage: dispatch did not register for <MR> within 30s (status=Ordered, per_transferred=undefined)', 1)]
[2026-04-24T19:18:33] STATUS completed=0 passes=4 fails=0 top_buckets=[('DispatchPage: dispatch did not register for <MR> within 30s (status=Ordered, per_transferred=undefined)', 1)]
[2026-04-24T19:19:04] STATUS completed=0 passes=4 fails=0 top_buckets=[('DispatchPage: dispatch did not register for <MR> within 30s (status=Ordered, per_transferred=undefined)', 1)]
[2026-04-24T19:19:34] STATUS completed=0 passes=4 fails=0 top_buckets=[('DispatchPage: dispatch did not register for <MR> within 30s (status=Ordered, per_transferred=undefined)', 1)]
[2026-04-24T19:20:05] STATUS completed=0 passes=4 fails=0 top_buckets=[('DispatchPage: dispatch did not register for <MR> within 30s (status=Ordered, per_transferred=undefined)', 2)]
[2026-04-24T19:20:36] STATUS completed=0 passes=4 fails=0 top_buckets=[('DispatchPage: dispatch did not register for <MR> within 30s (status=Ordered, per_transferred=undefined)', 2)]
[2026-04-24T19:21:07] STATUS completed=0 passes=4 fails=0 top_buckets=[('DispatchPage: dispatch did not register for <MR> within 30s (status=Ordered, per_transferred=undefined)', 2)]
[2026-04-24T19:21:38] STATUS completed=0 passes=5 fails=0 top_buckets=[('DispatchPage: dispatch did not register for <MR> within 30s (status=Ordered, per_transferred=undefined)', 2)]
[2026-04-24T19:22:09] STATUS completed=0 passes=5 fails=0 top_buckets=[('DispatchPage: dispatch did not register for <MR> within 30s (status=Ordered, per_transferred=undefined)', 2)]
[2026-04-24T19:22:40] STATUS completed=0 passes=5 fails=0 top_buckets=[('DispatchPage: dispatch did not register for <MR> within 30s (status=Ordered, per_transferred=undefined)', 2)]
[2026-04-24T19:23:10] STATUS completed=0 passes=5 fails=0 top_buckets=[('DispatchPage: dispatch did not register for <MR> within 30s (status=Ordered, per_transferred=undefined)', 3)]
[2026-04-24T19:23:41] STATUS completed=0 passes=5 fails=0 top_buckets=[('DispatchPage: dispatch did not register for <MR> within 30s (status=Ordered, per_transferred=undefined)', 3)]
[2026-04-24T19:24:12] STATUS completed=0 passes=5 fails=0 top_buckets=[('DispatchPage: dispatch did not register for <MR> within 30s (status=Ordered, per_transferred=undefined)', 3)]
[2026-04-24T19:24:44] STATUS completed=0 passes=6 fails=0 top_buckets=[('DispatchPage: dispatch did not register for <MR> within 30s (status=Ordered, per_transferred=undefined)', 3)]
[2026-04-24T19:25:16] STATUS completed=0 passes=6 fails=0 top_buckets=[('DispatchPage: dispatch did not register for <MR> within 30s (status=Ordered, per_transferred=undefined)', 3)]
[2026-04-24T19:25:48] STATUS completed=0 passes=7 fails=0 top_buckets=[('DispatchPage: dispatch did not register for <MR> within 30s (status=Ordered, per_transferred=undefined)', 3)]
[2026-04-24T19:26:20] STATUS completed=0 passes=7 fails=0 top_buckets=[('DispatchPage: dispatch did not register for <MR> within 30s (status=Ordered, per_transferred=undefined)', 3)]
[2026-04-24T19:26:52] STATUS completed=0 passes=8 fails=0 top_buckets=[('DispatchPage: dispatch did not register for <MR> within 30s (status=Ordered, per_transferred=undefined)', 3)]
[2026-04-24T19:27:24] STATUS completed=0 passes=8 fails=0 top_buckets=[('DispatchPage: dispatch did not register for <MR> within 30s (status=Ordered, per_transferred=undefined)', 3)]
[2026-04-24T19:27:56] STATUS completed=0 passes=8 fails=0 top_buckets=[('DispatchPage: dispatch did not register for <MR> within 30s (status=Ordered, per_transferred=undefined)', 3)]
[2026-04-24T19:28:28] STATUS completed=0 passes=9 fails=0 top_buckets=[('DispatchPage: dispatch did not register for <MR> within 30s (status=Ordered, per_transferred=undefined)', 3)]
[2026-04-24T19:29:00] STATUS completed=0 passes=9 fails=0 top_buckets=[('DispatchPage: dispatch did not register for <MR> within 30s (status=Ordered, per_transferred=undefined)', 3)]
[2026-04-24T19:29:32] STATUS completed=0 passes=10 fails=0 top_buckets=[('DispatchPage: dispatch did not register for <MR> within 30s (status=Ordered, per_transferred=undefined)', 3)]
[2026-04-24T19:30:04] STATUS completed=0 passes=10 fails=0 top_buckets=[('DispatchPage: dispatch did not register for <MR> within 30s (status=Ordered, per_transferred=undefined)', 3)]
[2026-04-24T19:30:36] STATUS completed=0 passes=11 fails=0 top_buckets=[('DispatchPage: dispatch did not register for <MR> within 30s (status=Ordered, per_transferred=undefined)', 3)]
[2026-04-24T19:31:08] STATUS completed=0 passes=11 fails=0 top_buckets=[('DispatchPage: dispatch did not register for <MR> within 30s (status=Ordered, per_transferred=undefined)', 3)]
[2026-04-24T19:31:40] STATUS completed=0 passes=11 fails=0 top_buckets=[('DispatchPage: dispatch did not register for <MR> within 30s (status=Ordered, per_transferred=undefined)', 3)]
[2026-04-24T19:32:12] STATUS completed=0 passes=12 fails=0 top_buckets=[('DispatchPage: dispatch did not register for <MR> within 30s (status=Ordered, per_transferred=undefined)', 3)]
[2026-04-24T19:32:43] STATUS completed=0 passes=12 fails=0 top_buckets=[('DispatchPage: dispatch did not register for <MR> within 30s (status=Ordered, per_transferred=undefined)', 3)]
[2026-04-24T19:33:15] STATUS completed=0 passes=12 fails=0 top_buckets=[('DispatchPage: dispatch did not register for <MR> within 30s (status=Ordered, per_transferred=undefined)', 3), ('Material Request for order <ORDER> (polled 30000ms, last=0)', 1)]
[2026-04-24T19:33:47] STATUS completed=0 passes=12 fails=0 top_buckets=[('DispatchPage: dispatch did not register for <MR> within 30s (status=Ordered, per_transferred=undefined)', 3), ('Material Request for order <ORDER> (polled 30000ms, last=0)', 1)]
[2026-04-24T19:34:19] STATUS completed=0 passes=12 fails=0 top_buckets=[('DispatchPage: dispatch did not register for <MR> within 30s (status=Ordered, per_transferred=undefined)', 3), ('Material Request for order <ORDER> (polled 30000ms, last=0)', 1)]
[2026-04-24T19:34:50] STATUS completed=0 passes=12 fails=0 top_buckets=[('DispatchPage: dispatch did not register for <MR> within 30s (status=Ordered, per_transferred=undefined)', 3), ('Material Request for order <ORDER> (polled 30000ms, last=0)', 2)]
[2026-04-24T19:35:22] STATUS completed=0 passes=12 fails=0 top_buckets=[('DispatchPage: dispatch did not register for <MR> within 30s (status=Ordered, per_transferred=undefined)', 3), ('Material Request for order <ORDER> (polled 30000ms, last=0)', 2)]
[2026-04-24T19:35:54] STATUS completed=0 passes=12 fails=0 top_buckets=[('DispatchPage: dispatch did not register for <MR> within 30s (status=Ordered, per_transferred=undefined)', 3), ('Material Request for order <ORDER> (polled 30000ms, last=0)', 2)]
[2026-04-24T19:36:26] STATUS completed=0 passes=12 fails=0 top_buckets=[('DispatchPage: dispatch did not register for <MR> within 30s (status=Ordered, per_transferred=undefined)', 3), ('Material Request for order <ORDER> (polled 30000ms, last=0)', 3)]
[2026-04-24T19:36:58] STATUS completed=0 passes=12 fails=0 top_buckets=[('DispatchPage: dispatch did not register for <MR> within 30s (status=Ordered, per_transferred=undefined)', 3), ('Material Request for order <ORDER> (polled 30000ms, last=0)', 3)]
[2026-04-24T19:37:30] STATUS completed=0 passes=12 fails=0 top_buckets=[('DispatchPage: dispatch did not register for <MR> within 30s (status=Ordered, per_transferred=undefined)', 3), ('Material Request for order <ORDER> (polled 30000ms, last=0)', 3)]
[2026-04-24T19:38:02] STATUS completed=0 passes=12 fails=0 top_buckets=[('DispatchPage: dispatch did not register for <MR> within 30s (status=Ordered, per_transferred=undefined)', 3), ('Material Request for order <ORDER> (polled 30000ms, last=0)', 3)]
[2026-04-24T19:38:34] STATUS completed=0 passes=12 fails=0 top_buckets=[('DispatchPage: dispatch did not register for <MR> within 30s (status=Ordered, per_transferred=undefined)', 3), ('Material Request for order <ORDER> (polled 30000ms, last=0)', 3), ('WarehouseApprovalPage: Approve button for <MR> not visible after reload', 1)]
[2026-04-24T19:39:06] STATUS completed=0 passes=12 fails=0 top_buckets=[('DispatchPage: dispatch did not register for <MR> within 30s (status=Ordered, per_transferred=undefined)', 3), ('Material Request for order <ORDER> (polled 30000ms, last=0)', 3), ('WarehouseApprovalPage: Approve button for <MR> not visible after reload', 1)]
[2026-04-24T19:39:38] STATUS completed=0 passes=13 fails=0 top_buckets=[('DispatchPage: dispatch did not register for <MR> within 30s (status=Ordered, per_transferred=undefined)', 3), ('Material Request for order <ORDER> (polled 30000ms, last=0)', 3), ('WarehouseApprovalPage: Approve button for <MR> not visible after reload', 1)]
[2026-04-24T19:40:10] STATUS completed=0 passes=13 fails=0 top_buckets=[('DispatchPage: dispatch did not register for <MR> within 30s (status=Ordered, per_transferred=undefined)', 3), ('Material Request for order <ORDER> (polled 30000ms, last=0)', 3), ('WarehouseApprovalPage: Approve button for <MR> not visible after reload', 1)]
[2026-04-24T19:40:42] STATUS completed=0 passes=14 fails=0 top_buckets=[('DispatchPage: dispatch did not register for <MR> within 30s (status=Ordered, per_transferred=undefined)', 3), ('Material Request for order <ORDER> (polled 30000ms, last=0)', 3), ('WarehouseApprovalPage: Approve button for <MR> not visible after reload', 1)]
[2026-04-24T19:41:15] STATUS completed=0 passes=14 fails=0 top_buckets=[('DispatchPage: dispatch did not register for <MR> within 30s (status=Ordered, per_transferred=undefined)', 3), ('Material Request for order <ORDER> (polled 30000ms, last=0)', 3), ('WarehouseApprovalPage: Approve button for <MR> not visible after reload', 1)]
[2026-04-24T19:41:45] STATUS completed=0 passes=14 fails=0 top_buckets=[('DispatchPage: dispatch did not register for <MR> within 30s (status=Ordered, per_transferred=undefined)', 3), ('Material Request for order <ORDER> (polled 30000ms, last=0)', 3), ('WarehouseApprovalPage: Approve button for <MR> not visible after reload', 1)]
[2026-04-24T19:42:16] STATUS completed=0 passes=14 fails=0 top_buckets=[('DispatchPage: dispatch did not register for <MR> within 30s (status=Ordered, per_transferred=undefined)', 3), ('Material Request for order <ORDER> (polled 30000ms, last=0)', 3), ('WarehouseApprovalPage: Approve button for <MR> not visible after reload', 2)]
[2026-04-24T19:42:47] STATUS completed=0 passes=14 fails=0 top_buckets=[('DispatchPage: dispatch did not register for <MR> within 30s (status=Ordered, per_transferred=undefined)', 3), ('Material Request for order <ORDER> (polled 30000ms, last=0)', 3), ('WarehouseApprovalPage: Approve button for <MR> not visible after reload', 2)]
[2026-04-24T19:43:18] STATUS completed=0 passes=14 fails=0 top_buckets=[('DispatchPage: dispatch did not register for <MR> within 30s (status=Ordered, per_transferred=undefined)', 3), ('Material Request for order <ORDER> (polled 30000ms, last=0)', 3), ('WarehouseApprovalPage: Approve button for <MR> not visible after reload', 2)]
[2026-04-24T19:43:49] STATUS completed=0 passes=14 fails=0 top_buckets=[('DispatchPage: dispatch did not register for <MR> within 30s (status=Ordered, per_transferred=undefined)', 3), ('Material Request for order <ORDER> (polled 30000ms, last=0)', 3), ('WarehouseApprovalPage: Approve button for <MR> not visible after reload', 2)]
[2026-04-24T19:44:19] STATUS completed=0 passes=14 fails=0 top_buckets=[('DispatchPage: dispatch did not register for <MR> within 30s (status=Ordered, per_transferred=undefined)', 3), ('Material Request for order <ORDER> (polled 30000ms, last=0)', 3), ('WarehouseApprovalPage: Approve button for <MR> not visible after reload', 2)]
[2026-04-24T19:44:50] STATUS completed=0 passes=14 fails=0 top_buckets=[('DispatchPage: dispatch did not register for <MR> within 30s (status=Ordered, per_transferred=undefined)', 4), ('Material Request for order <ORDER> (polled 30000ms, last=0)', 3), ('WarehouseApprovalPage: Approve button for <MR> not visible after reload', 2)]
[2026-04-24T19:45:21] STATUS completed=0 passes=14 fails=0 top_buckets=[('DispatchPage: dispatch did not register for <MR> within 30s (status=Ordered, per_transferred=undefined)', 4), ('Material Request for order <ORDER> (polled 30000ms, last=0)', 3), ('WarehouseApprovalPage: Approve button for <MR> not visible after reload', 2)]
[2026-04-24T19:45:53] STATUS completed=0 passes=15 fails=0 top_buckets=[('DispatchPage: dispatch did not register for <MR> within 30s (status=Ordered, per_transferred=undefined)', 4), ('Material Request for order <ORDER> (polled 30000ms, last=0)', 3), ('WarehouseApprovalPage: Approve button for <MR> not visible after reload', 2)]
[2026-04-24T19:46:24] STATUS completed=0 passes=15 fails=0 top_buckets=[('DispatchPage: dispatch did not register for <MR> within 30s (status=Ordered, per_transferred=undefined)', 4), ('Material Request for order <ORDER> (polled 30000ms, last=0)', 3), ('WarehouseApprovalPage: Approve button for <MR> not visible after reload', 2)]
[2026-04-24T19:46:55] STATUS completed=0 passes=15 fails=0 top_buckets=[('DispatchPage: dispatch did not register for <MR> within 30s (status=Ordered, per_transferred=undefined)', 4), ('Material Request for order <ORDER> (polled 30000ms, last=0)', 3), ('WarehouseApprovalPage: Approve button for <MR> not visible after reload', 2)]
[2026-04-24T19:47:26] STATUS completed=0 passes=16 fails=0 top_buckets=[('DispatchPage: dispatch did not register for <MR> within 30s (status=Ordered, per_transferred=undefined)', 4), ('Material Request for order <ORDER> (polled 30000ms, last=0)', 3), ('WarehouseApprovalPage: Approve button for <MR> not visible after reload', 2)]
[2026-04-24T19:47:57] STATUS completed=0 passes=16 fails=0 top_buckets=[('DispatchPage: dispatch did not register for <MR> within 30s (status=Ordered, per_transferred=undefined)', 4), ('Material Request for order <ORDER> (polled 30000ms, last=0)', 3), ('WarehouseApprovalPage: Approve button for <MR> not visible after reload', 2)]
[2026-04-24T19:48:28] STATUS completed=0 passes=17 fails=0 top_buckets=[('DispatchPage: dispatch did not register for <MR> within 30s (status=Ordered, per_transferred=undefined)', 4), ('Material Request for order <ORDER> (polled 30000ms, last=0)', 3), ('WarehouseApprovalPage: Approve button for <MR> not visible after reload', 2)]
[2026-04-24T19:48:59] STATUS completed=0 passes=17 fails=0 top_buckets=[('DispatchPage: dispatch did not register for <MR> within 30s (status=Ordered, per_transferred=undefined)', 4), ('Material Request for order <ORDER> (polled 30000ms, last=0)', 3), ('WarehouseApprovalPage: Approve button for <MR> not visible after reload', 2)]
[2026-04-24T19:49:30] STATUS completed=0 passes=17 fails=0 top_buckets=[('DispatchPage: dispatch did not register for <MR> within 30s (status=Ordered, per_transferred=undefined)', 4), ('Material Request for order <ORDER> (polled 30000ms, last=0)', 3), ('WarehouseApprovalPage: Approve button for <MR> not visible after reload', 2)]
[2026-04-24T19:50:01] STATUS completed=0 passes=17 fails=0 top_buckets=[('DispatchPage: dispatch did not register for <MR> within 30s (status=Ordered, per_transferred=undefined)', 4), ('Material Request for order <ORDER> (polled 30000ms, last=0)', 3), ('WarehouseApprovalPage: Approve button for <MR> not visible after reload', 2)]
[2026-04-24T19:50:32] STATUS completed=0 passes=17 fails=0 top_buckets=[('DispatchPage: dispatch did not register for <MR> within 30s (status=Ordered, per_transferred=undefined)', 5), ('Material Request for order <ORDER> (polled 30000ms, last=0)', 3), ('WarehouseApprovalPage: Approve button for <MR> not visible after reload', 2)]
[2026-04-24T19:51:03] STATUS completed=0 passes=17 fails=0 top_buckets=[('DispatchPage: dispatch did not register for <MR> within 30s (status=Ordered, per_transferred=undefined)', 5), ('Material Request for order <ORDER> (polled 30000ms, last=0)', 3), ('WarehouseApprovalPage: Approve button for <MR> not visible after reload', 2)]
[2026-04-24T19:51:34] STATUS completed=0 passes=18 fails=0 top_buckets=[('DispatchPage: dispatch did not register for <MR> within 30s (status=Ordered, per_transferred=undefined)', 5), ('Material Request for order <ORDER> (polled 30000ms, last=0)', 3), ('WarehouseApprovalPage: Approve button for <MR> not visible after reload', 2)]
[2026-04-24T19:52:05] STATUS completed=0 passes=18 fails=0 top_buckets=[('DispatchPage: dispatch did not register for <MR> within 30s (status=Ordered, per_transferred=undefined)', 5), ('Material Request for order <ORDER> (polled 30000ms, last=0)', 3), ('WarehouseApprovalPage: Approve button for <MR> not visible after reload', 2)]
[2026-04-24T19:52:36] STATUS completed=0 passes=18 fails=0 top_buckets=[('DispatchPage: dispatch did not register for <MR> within 30s (status=Ordered, per_transferred=undefined)', 5), ('Material Request for order <ORDER> (polled 30000ms, last=0)', 3), ('WarehouseApprovalPage: Approve button for <MR> not visible after reload', 2)]
[2026-04-24T19:53:07] STATUS completed=0 passes=19 fails=0 top_buckets=[('DispatchPage: dispatch did not register for <MR> within 30s (status=Ordered, per_transferred=undefined)', 5), ('Material Request for order <ORDER> (polled 30000ms, last=0)', 3), ('WarehouseApprovalPage: Approve button for <MR> not visible after reload', 2)]
[2026-04-24T19:53:38] STATUS completed=0 passes=19 fails=0 top_buckets=[('DispatchPage: dispatch did not register for <MR> within 30s (status=Ordered, per_transferred=undefined)', 5), ('Material Request for order <ORDER> (polled 30000ms, last=0)', 3), ('WarehouseApprovalPage: Approve button for <MR> not visible after reload', 2)]
[2026-04-24T19:54:10] STATUS completed=0 passes=19 fails=0 top_buckets=[('DispatchPage: dispatch did not register for <MR> within 30s (status=Ordered, per_transferred=undefined)', 5), ('Material Request for order <ORDER> (polled 30000ms, last=0)', 3), ('WarehouseApprovalPage: Approve button for <MR> not visible after reload', 2)]
[2026-04-24T19:54:40] STATUS completed=0 passes=19 fails=0 top_buckets=[('DispatchPage: dispatch did not register for <MR> within 30s (status=Ordered, per_transferred=undefined)', 6), ('Material Request for order <ORDER> (polled 30000ms, last=0)', 3), ('WarehouseApprovalPage: Approve button for <MR> not visible after reload', 2)]
[2026-04-24T19:55:11] STATUS completed=0 passes=19 fails=0 top_buckets=[('DispatchPage: dispatch did not register for <MR> within 30s (status=Ordered, per_transferred=undefined)', 6), ('Material Request for order <ORDER> (polled 30000ms, last=0)', 3), ('WarehouseApprovalPage: Approve button for <MR> not visible after reload', 2)]
[2026-04-24T19:55:43] STATUS completed=0 passes=19 fails=0 top_buckets=[('DispatchPage: dispatch did not register for <MR> within 30s (status=Ordered, per_transferred=undefined)', 6), ('Material Request for order <ORDER> (polled 30000ms, last=0)', 3), ('WarehouseApprovalPage: Approve button for <MR> not visible after reload', 2)]
[2026-04-24T19:56:14] STATUS completed=0 passes=20 fails=0 top_buckets=[('DispatchPage: dispatch did not register for <MR> within 30s (status=Ordered, per_transferred=undefined)', 6), ('Material Request for order <ORDER> (polled 30000ms, last=0)', 3), ('WarehouseApprovalPage: Approve button for <MR> not visible after reload', 2)]
[2026-04-24T19:56:45] STATUS completed=0 passes=20 fails=0 top_buckets=[('DispatchPage: dispatch did not register for <MR> within 30s (status=Ordered, per_transferred=undefined)', 6), ('Material Request for order <ORDER> (polled 30000ms, last=0)', 3), ('WarehouseApprovalPage: Approve button for <MR> not visible after reload', 2)]
[2026-04-24T19:57:16] STATUS completed=0 passes=21 fails=0 top_buckets=[('DispatchPage: dispatch did not register for <MR> within 30s (status=Ordered, per_transferred=undefined)', 6), ('Material Request for order <ORDER> (polled 30000ms, last=0)', 3), ('WarehouseApprovalPage: Approve button for <MR> not visible after reload', 2)]
[2026-04-24T19:57:47] STATUS completed=0 passes=21 fails=0 top_buckets=[('DispatchPage: dispatch did not register for <MR> within 30s (status=Ordered, per_transferred=undefined)', 6), ('Material Request for order <ORDER> (polled 30000ms, last=0)', 3), ('WarehouseApprovalPage: Approve button for <MR> not visible after reload', 2)]
[2026-04-24T19:58:18] STATUS completed=0 passes=21 fails=0 top_buckets=[('DispatchPage: dispatch did not register for <MR> within 30s (status=Ordered, per_transferred=undefined)', 6), ('Material Request for order <ORDER> (polled 30000ms, last=0)', 3), ('WarehouseApprovalPage: Approve button for <MR> not visible after reload', 2)]
[2026-04-24T19:58:49] STATUS completed=0 passes=22 fails=0 top_buckets=[('DispatchPage: dispatch did not register for <MR> within 30s (status=Ordered, per_transferred=undefined)', 6), ('Material Request for order <ORDER> (polled 30000ms, last=0)', 3), ('WarehouseApprovalPage: Approve button for <MR> not visible after reload', 2)]
[2026-04-24T19:59:21] STATUS completed=0 passes=22 fails=0 top_buckets=[('DispatchPage: dispatch did not register for <MR> within 30s (status=Ordered, per_transferred=undefined)', 6), ('Material Request for order <ORDER> (polled 30000ms, last=0)', 3), ('WarehouseApprovalPage: Approve button for <MR> not visible after reload', 2)]
[2026-04-24T19:59:52] STATUS completed=0 passes=23 fails=0 top_buckets=[('DispatchPage: dispatch did not register for <MR> within 30s (status=Ordered, per_transferred=undefined)', 6), ('Material Request for order <ORDER> (polled 30000ms, last=0)', 3), ('WarehouseApprovalPage: Approve button for <MR> not visible after reload', 2)]
[2026-04-24T20:00:23] STATUS completed=0 passes=23 fails=0 top_buckets=[('DispatchPage: dispatch did not register for <MR> within 30s (status=Ordered, per_transferred=undefined)', 6), ('Material Request for order <ORDER> (polled 30000ms, last=0)', 3), ('WarehouseApprovalPage: Approve button for <MR> not visible after reload', 2)]
[2026-04-24T20:00:54] STATUS completed=0 passes=23 fails=0 top_buckets=[('DispatchPage: dispatch did not register for <MR> within 30s (status=Ordered, per_transferred=undefined)', 6), ('Material Request for order <ORDER> (polled 30000ms, last=0)', 3), ('WarehouseApprovalPage: Approve button for <MR> not visible after reload', 2)]
[2026-04-24T20:01:25] STATUS completed=0 passes=24 fails=0 top_buckets=[('DispatchPage: dispatch did not register for <MR> within 30s (status=Ordered, per_transferred=undefined)', 6), ('Material Request for order <ORDER> (polled 30000ms, last=0)', 3), ('WarehouseApprovalPage: Approve button for <MR> not visible after reload', 2)]
[2026-04-24T20:01:57] STATUS completed=0 passes=24 fails=0 top_buckets=[('DispatchPage: dispatch did not register for <MR> within 30s (status=Ordered, per_transferred=undefined)', 6), ('Material Request for order <ORDER> (polled 30000ms, last=0)', 3), ('WarehouseApprovalPage: Approve button for <MR> not visible after reload', 2)]
[2026-04-24T20:02:28] STATUS completed=0 passes=25 fails=0 top_buckets=[('DispatchPage: dispatch did not register for <MR> within 30s (status=Ordered, per_transferred=undefined)', 6), ('Material Request for order <ORDER> (polled 30000ms, last=0)', 3), ('WarehouseApprovalPage: Approve button for <MR> not visible after reload', 2)]
[2026-04-24T20:02:58] STATUS completed=0 passes=25 fails=0 top_buckets=[('DispatchPage: dispatch did not register for <MR> within 30s (status=Ordered, per_transferred=undefined)', 6), ('Material Request for order <ORDER> (polled 30000ms, last=0)', 3), ('WarehouseApprovalPage: Approve button for <MR> not visible after reload', 2)]
[2026-04-24T20:03:31] STATUS completed=0 passes=25 fails=0 top_buckets=[('DispatchPage: dispatch did not register for <MR> within 30s (status=Ordered, per_transferred=undefined)', 6), ('Material Request for order <ORDER> (polled 30000ms, last=0)', 3), ('WarehouseApprovalPage: Approve button for <MR> not visible after reload', 2)]
[2026-04-24T20:04:03] STATUS completed=0 passes=25 fails=0 top_buckets=[('DispatchPage: dispatch did not register for <MR> within 30s (status=Ordered, per_transferred=undefined)', 6), ('Material Request for order <ORDER> (polled 30000ms, last=0)', 3), ('WarehouseApprovalPage: Approve button for <MR> not visible after reload', 3)]
[2026-04-24T20:04:35] STATUS completed=0 passes=25 fails=0 top_buckets=[('DispatchPage: dispatch did not register for <MR> within 30s (status=Ordered, per_transferred=undefined)', 6), ('Material Request for order <ORDER> (polled 30000ms, last=0)', 3), ('WarehouseApprovalPage: Approve button for <MR> not visible after reload', 3)]
[2026-04-24T20:05:07] STATUS completed=0 passes=25 fails=0 top_buckets=[('DispatchPage: dispatch did not register for <MR> within 30s (status=Ordered, per_transferred=undefined)', 6), ('Material Request for order <ORDER> (polled 30000ms, last=0)', 3), ('WarehouseApprovalPage: Approve button for <MR> not visible after reload', 3)]
[2026-04-24T20:05:39] STATUS completed=0 passes=25 fails=0 top_buckets=[('DispatchPage: dispatch did not register for <MR> within 30s (status=Ordered, per_transferred=undefined)', 6), ('Material Request for order <ORDER> (polled 30000ms, last=0)', 3), ('WarehouseApprovalPage: Approve button for <MR> not visible after reload', 3)]
[2026-04-24T20:06:12] STATUS completed=0 passes=25 fails=0 top_buckets=[('DispatchPage: dispatch did not register for <MR> within 30s (status=Ordered, per_transferred=undefined)', 6), ('WarehouseApprovalPage: Approve button for <MR> not visible after reload', 4), ('Material Request for order <ORDER> (polled 30000ms, last=0)', 3)]
[2026-04-24T20:06:44] STATUS completed=0 passes=25 fails=0 top_buckets=[('DispatchPage: dispatch did not register for <MR> within 30s (status=Ordered, per_transferred=undefined)', 6), ('WarehouseApprovalPage: Approve button for <MR> not visible after reload', 4), ('Material Request for order <ORDER> (polled 30000ms, last=0)', 3)]
[2026-04-24T20:07:16] STATUS completed=0 passes=25 fails=0 top_buckets=[('DispatchPage: dispatch did not register for <MR> within 30s (status=Ordered, per_transferred=undefined)', 6), ('WarehouseApprovalPage: Approve button for <MR> not visible after reload', 4), ('Material Request for order <ORDER> (polled 30000ms, last=0)', 3)]
[2026-04-24T20:07:48] STATUS completed=0 passes=26 fails=0 top_buckets=[('DispatchPage: dispatch did not register for <MR> within 30s (status=Ordered, per_transferred=undefined)', 6), ('WarehouseApprovalPage: Approve button for <MR> not visible after reload', 4), ('Material Request for order <ORDER> (polled 30000ms, last=0)', 3)]
[2026-04-24T20:08:21] STATUS completed=0 passes=26 fails=0 top_buckets=[('DispatchPage: dispatch did not register for <MR> within 30s (status=Ordered, per_transferred=undefined)', 6), ('WarehouseApprovalPage: Approve button for <MR> not visible after reload', 4), ('Material Request for order <ORDER> (polled 30000ms, last=0)', 3)]
[2026-04-24T20:08:53] STATUS completed=0 passes=27 fails=0 top_buckets=[('DispatchPage: dispatch did not register for <MR> within 30s (status=Ordered, per_transferred=undefined)', 6), ('WarehouseApprovalPage: Approve button for <MR> not visible after reload', 4), ('Material Request for order <ORDER> (polled 30000ms, last=0)', 3)]
[2026-04-24T20:09:25] STATUS completed=0 passes=27 fails=0 top_buckets=[('DispatchPage: dispatch did not register for <MR> within 30s (status=Ordered, per_transferred=undefined)', 6), ('WarehouseApprovalPage: Approve button for <MR> not visible after reload', 4), ('Material Request for order <ORDER> (polled 30000ms, last=0)', 3)]
[2026-04-24T20:09:58] STATUS completed=0 passes=28 fails=0 top_buckets=[('DispatchPage: dispatch did not register for <MR> within 30s (status=Ordered, per_transferred=undefined)', 6), ('WarehouseApprovalPage: Approve button for <MR> not visible after reload', 4), ('Material Request for order <ORDER> (polled 30000ms, last=0)', 3)]
[2026-04-24T20:10:28] STATUS completed=0 passes=28 fails=0 top_buckets=[('DispatchPage: dispatch did not register for <MR> within 30s (status=Ordered, per_transferred=undefined)', 6), ('WarehouseApprovalPage: Approve button for <MR> not visible after reload', 4), ('Material Request for order <ORDER> (polled 30000ms, last=0)', 3)]
[2026-04-24T20:10:59] STATUS completed=0 passes=28 fails=0 top_buckets=[('DispatchPage: dispatch did not register for <MR> within 30s (status=Ordered, per_transferred=undefined)', 6), ('WarehouseApprovalPage: Approve button for <MR> not visible after reload', 4), ('Material Request for order <ORDER> (polled 30000ms, last=0)', 3)]
[2026-04-24T20:11:29] STATUS completed=0 passes=29 fails=0 top_buckets=[('DispatchPage: dispatch did not register for <MR> within 30s (status=Ordered, per_transferred=undefined)', 6), ('WarehouseApprovalPage: Approve button for <MR> not visible after reload', 4), ('Material Request for order <ORDER> (polled 30000ms, last=0)', 3)]
[2026-04-24T20:12:00] STATUS completed=0 passes=29 fails=0 top_buckets=[('DispatchPage: dispatch did not register for <MR> within 30s (status=Ordered, per_transferred=undefined)', 6), ('WarehouseApprovalPage: Approve button for <MR> not visible after reload', 4), ('Material Request for order <ORDER> (polled 30000ms, last=0)', 3)]
[2026-04-24T20:12:30] STATUS completed=0 passes=30 fails=0 top_buckets=[('DispatchPage: dispatch did not register for <MR> within 30s (status=Ordered, per_transferred=undefined)', 6), ('WarehouseApprovalPage: Approve button for <MR> not visible after reload', 4), ('Material Request for order <ORDER> (polled 30000ms, last=0)', 3)]
[2026-04-24T20:13:01] STATUS completed=0 passes=30 fails=0 top_buckets=[('DispatchPage: dispatch did not register for <MR> within 30s (status=Ordered, per_transferred=undefined)', 6), ('WarehouseApprovalPage: Approve button for <MR> not visible after reload', 4), ('Material Request for order <ORDER> (polled 30000ms, last=0)', 3)]
[2026-04-24T20:13:31] STATUS completed=0 passes=30 fails=0 top_buckets=[('DispatchPage: dispatch did not register for <MR> within 30s (status=Ordered, per_transferred=undefined)', 6), ('WarehouseApprovalPage: Approve button for <MR> not visible after reload', 4), ('Material Request for order <ORDER> (polled 30000ms, last=0)', 3)]
[2026-04-24T20:14:02] STATUS completed=0 passes=31 fails=0 top_buckets=[('DispatchPage: dispatch did not register for <MR> within 30s (status=Ordered, per_transferred=undefined)', 6), ('WarehouseApprovalPage: Approve button for <MR> not visible after reload', 4), ('Material Request for order <ORDER> (polled 30000ms, last=0)', 3)]
[2026-04-24T20:14:32] STATUS completed=0 passes=31 fails=0 top_buckets=[('DispatchPage: dispatch did not register for <MR> within 30s (status=Ordered, per_transferred=undefined)', 6), ('WarehouseApprovalPage: Approve button for <MR> not visible after reload', 4), ('Material Request for order <ORDER> (polled 30000ms, last=0)', 3)]
[2026-04-24T20:15:03] STATUS completed=0 passes=32 fails=0 top_buckets=[('DispatchPage: dispatch did not register for <MR> within 30s (status=Ordered, per_transferred=undefined)', 6), ('WarehouseApprovalPage: Approve button for <MR> not visible after reload', 4), ('Material Request for order <ORDER> (polled 30000ms, last=0)', 3)]
[2026-04-24T20:15:33] STATUS completed=0 passes=32 fails=0 top_buckets=[('DispatchPage: dispatch did not register for <MR> within 30s (status=Ordered, per_transferred=undefined)', 6), ('WarehouseApprovalPage: Approve button for <MR> not visible after reload', 4), ('Material Request for order <ORDER> (polled 30000ms, last=0)', 3)]
[2026-04-24T20:16:03] STATUS completed=0 passes=32 fails=0 top_buckets=[('DispatchPage: dispatch did not register for <MR> within 30s (status=Ordered, per_transferred=undefined)', 6), ('WarehouseApprovalPage: Approve button for <MR> not visible after reload', 4), ('Material Request for order <ORDER> (polled 30000ms, last=0)', 3)]
